Log file open, 05/21/20 15:55:49
LogWindows: Failed to load 'aqProf.dll' (GetLastError=126)
LogWindows: File 'aqProf.dll' does not exist
LogWindows: Failed to load 'VtuneApi.dll' (GetLastError=126)
LogWindows: File 'VtuneApi.dll' does not exist
LogWindows: Failed to load 'VtuneApi32e.dll' (GetLastError=126)
LogWindows: File 'VtuneApi32e.dll' does not exist
LogConsoleResponse: Display: Failed to find resolution value strings in scalability ini. Falling back to default.
LogInit: Display: Running engine for game: DAROOM
LogPlatformFile: Not using cached read wrapper
LogTaskGraph: Started task graph with 5 named threads and 23 total threads with 3 sets of task threads.
LogStats: Stats thread started at 0.235053
LogD3D11RHI: Loaded GFSDK_Aftermath_Lib.x64.dll
LogICUInternationalization: ICU TimeZone Detection - Raw Offset: -6:00, Platform Override: ''
LogPluginManager: Mounting plugin Paper2D
LogPluginManager: Mounting plugin AISupport
LogPluginManager: Mounting plugin LightPropagationVolume
LogPluginManager: Mounting plugin ActorLayerUtilities
LogPluginManager: Mounting plugin AnimationSharing
LogPluginManager: Mounting plugin CLionSourceCodeAccess
LogPluginManager: Mounting plugin CodeLiteSourceCodeAccess
LogPluginManager: Mounting plugin ConcertMain
LogPluginManager: Mounting plugin ConcertSyncClient
LogPluginManager: Mounting plugin ConcertSyncCore
LogPluginManager: Mounting plugin MultiUserClient
LogPluginManager: Mounting plugin GitSourceControl
LogPluginManager: Mounting plugin KDevelopSourceCodeAccess
LogPluginManager: Mounting plugin NullSourceCodeAccess
LogPluginManager: Mounting plugin PerforceSourceControl
LogPluginManager: Mounting plugin PlasticSourceControl
LogPluginManager: Mounting plugin SubversionSourceControl
LogPluginManager: Mounting plugin UObjectPlugin
LogPluginManager: Mounting plugin VisualStudioCodeSourceCodeAccess
LogPluginManager: Mounting plugin VisualStudioSourceCodeAccess
LogPluginManager: Mounting plugin XCodeSourceCodeAccess
LogPluginManager: Mounting plugin AssetManagerEditor
LogPluginManager: Mounting plugin CryptoKeys
LogPluginManager: Mounting plugin CurveEditorTools
LogPluginManager: Mounting plugin DataValidation
LogPluginManager: Mounting plugin FacialAnimation
LogPluginManager: Mounting plugin GameplayTagsEditor
LogPluginManager: Mounting plugin MacGraphicsSwitching
LogPluginManager: Mounting plugin MaterialAnalyzer
LogPluginManager: Mounting plugin MobileLauncherProfileWizard
LogPluginManager: Mounting plugin PluginBrowser
LogPluginManager: Mounting plugin SpeedTreeImporter
LogPluginManager: Mounting plugin DatasmithContent
LogPluginManager: Mounting plugin VariantManagerContent
LogPluginManager: Mounting plugin AlembicImporter
LogPluginManager: Mounting plugin AutomationUtils
LogPluginManager: Mounting plugin BackChannel
LogPluginManager: Mounting plugin CharacterAI
LogPluginManager: Mounting plugin GeometryCache
LogPluginManager: Mounting plugin PlatformCrypto
LogPluginManager: Mounting plugin ProxyLODPlugin
LogPluginManager: Mounting plugin SkeletalReduction
LogPluginManager: Mounting plugin MagicLeap
LogPluginManager: Mounting plugin MagicLeapMedia
LogPluginManager: Mounting plugin MLSDK
LogPluginManager: Mounting plugin Substance
LogPluginManager: Mounting plugin AndroidMedia
LogPluginManager: Mounting plugin AvfMedia
LogPluginManager: Mounting plugin ImgMedia
LogPluginManager: Mounting plugin MediaCompositing
LogPluginManager: Mounting plugin MediaPlayerEditor
LogPluginManager: Mounting plugin WebMMedia
LogPluginManager: Mounting plugin WmfMedia
LogPluginManager: Mounting plugin TcpMessaging
LogPluginManager: Mounting plugin UdpMessaging
LogPluginManager: Mounting plugin ActorSequence
LogPluginManager: Mounting plugin LevelSequenceEditor
LogPluginManager: Mounting plugin MatineeToLevelSequence
LogPluginManager: Mounting plugin NetcodeUnitTest
LogPluginManager: Mounting plugin NUTUnrealEngine4
LogPluginManager: Mounting plugin OnlineSubsystemGooglePlay
LogPluginManager: Mounting plugin OnlineSubsystemIOS
LogPluginManager: Mounting plugin OnlineSubsystem
LogPluginManager: Mounting plugin OnlineSubsystemNull
LogPluginManager: Mounting plugin OnlineSubsystemUtils
LogPluginManager: Mounting plugin LauncherChunkInstaller
LogPluginManager: Mounting plugin AndroidDeviceProfileSelector
LogPluginManager: Mounting plugin AndroidMoviePlayer
LogPluginManager: Mounting plugin AndroidPermission
LogPluginManager: Mounting plugin AppleImageUtils
LogPluginManager: Mounting plugin AppleMoviePlayer
LogPluginManager: Mounting plugin ArchVisCharacter
LogPluginManager: Mounting plugin AssetTags
LogPluginManager: Mounting plugin AudioCapture
LogPluginManager: Mounting plugin CableComponent
LogPluginManager: Mounting plugin CustomMeshComponent
LogPluginManager: Mounting plugin SQLiteCore
LogPluginManager: Mounting plugin EditableMesh
LogPluginManager: Mounting plugin ExampleDeviceProfileSelector
LogPluginManager: Mounting plugin GoogleCloudMessaging
LogPluginManager: Mounting plugin IOSDeviceProfileSelector
LogPluginManager: Mounting plugin LinuxDeviceProfileSelector
LogPluginManager: Mounting plugin LocationServicesBPLibrary
LogPluginManager: Mounting plugin MobilePatchingUtils
LogPluginManager: Mounting plugin OculusVR
LogPluginManager: Mounting plugin PhysXVehicles
LogPluginManager: Mounting plugin PostSplashScreen
LogPluginManager: Mounting plugin ProceduralMeshComponent
LogPluginManager: Mounting plugin RuntimePhysXCooking
LogPluginManager: Mounting plugin SignificanceManager
LogPluginManager: Mounting plugin SteamVR
LogPluginManager: Mounting plugin WebMMoviePlayer
LogPluginManager: Mounting plugin WindowsMoviePlayer
LogPluginManager: Mounting plugin ScreenshotTools
LogInit: Using libcurl 7.55.1-DEV
LogInit:  - built for x86_64-pc-win32
LogInit:  - supports SSL with OpenSSL/1.1.1
LogInit:  - supports HTTP deflate (compression) using libz 1.2.8
LogInit:  - other features:
LogInit:      CURL_VERSION_SSL
LogInit:      CURL_VERSION_LIBZ
LogInit:      CURL_VERSION_IPV6
LogInit:      CURL_VERSION_ASYNCHDNS
LogInit:      CURL_VERSION_LARGEFILE
LogInit:      CURL_VERSION_IDN
LogInit:  CurlRequestOptions (configurable via config and command line):
LogInit:  - bVerifyPeer = true  - Libcurl will verify peer certificate
LogInit:  - bUseHttpProxy = false  - Libcurl will NOT use HTTP proxy
LogInit:  - bDontReuseConnections = false  - Libcurl will reuse connections
LogInit:  - MaxHostConnections = 16  - Libcurl will limit the number of connections to a host
LogInit:  - LocalHostAddr = Default
LogInit:  - BufferSize = 65536
LogOnline: OSS: Creating online subsystem instance for: NULL
LogInit: WinSock: version 1.1 (2.2), MaxSocks=32767, MaxUdp=65467
LogOnline: OSS: TryLoadSubsystemAndSetDefault: Loaded subsystem for module [NULL]
LogInit: Build: ++UE4+Release-4.24-CL-11590370
LogInit: Engine Version: 4.24.3-11590370+++UE4+Release-4.24
LogInit: Compatible Engine Version: 4.24.0-10570792+++UE4+Release-4.24
LogInit: Net CL: 10570792
LogInit: OS: Windows 10 (Release 1903) (), CPU: Intel(R) Core(TM) i7-6700HQ CPU @ 2.60GHz, GPU: Intel(R) HD Graphics 530
LogInit: Compiled (64-bit): Feb 24 2020 15:39:18
LogInit: Compiled with Visual C++: 19.16.27032.01
LogInit: Build Configuration: Development
LogInit: Branch Name: ++UE4+Release-4.24
LogInit: Command Line: 
LogInit: Base Directory: D:/softwares/raiman/UE_4.24/Engine/Binaries/Win64/
LogInit: Installed Engine Build: 1
LogDevObjectVersion: Number of dev versions registered: 25
LogDevObjectVersion:   Dev-Blueprints (B0D832E4-1F89-4F0D-ACCF-7EB736FD4AA2): 10
LogDevObjectVersion:   Dev-Build (E1C64328-A22C-4D53-A36C-8E866417BD8C): 0
LogDevObjectVersion:   Dev-Core (375EC13C-06E4-48FB-B500-84F0262A717E): 3
LogDevObjectVersion:   Dev-Editor (E4B068ED-F494-42E9-A231-DA0B2E46BB41): 37
LogDevObjectVersion:   Dev-Framework (CFFC743F-43B0-4480-9391-14DF171D2073): 36
LogDevObjectVersion:   Dev-Mobile (B02B49B5-BB20-44E9-A304-32B752E40360): 2
LogDevObjectVersion:   Dev-Networking (A4E4105C-59A1-49B5-A7C5-40C4547EDFEE): 0
LogDevObjectVersion:   Dev-Online (39C831C9-5AE6-47DC-9A44-9C173E1C8E7C): 0
LogDevObjectVersion:   Dev-Physics (78F01B33-EBEA-4F98-B9B4-84EACCB95AA2): 2
LogDevObjectVersion:   Dev-Platform (6631380F-2D4D-43E0-8009-CF276956A95A): 0
LogDevObjectVersion:   Dev-Rendering (12F88B9F-8875-4AFC-A67C-D90C383ABD29): 36
LogDevObjectVersion:   Dev-Sequencer (7B5AE74C-D270-4C10-A958-57980B212A5A): 11
LogDevObjectVersion:   Dev-VR (D7296918-1DD6-4BDD-9DE2-64A83CC13884): 2
LogDevObjectVersion:   Dev-LoadTimes (C2A15278-BFE7-4AFE-6C17-90FF531DF755): 1
LogDevObjectVersion:   Private-Geometry (6EACA3D4-40EC-4CC1-B786-8BED09428FC5): 3
LogDevObjectVersion:   Dev-AnimPhys (29E575DD-E0A3-4627-9D10-D276232CDCEA): 17
LogDevObjectVersion:   Dev-Anim (AF43A65D-7FD3-4947-9873-3E8ED9C1BB05): 2
LogDevObjectVersion:   Dev-ReflectionCapture (6B266CEC-1EC7-4B8F-A30B-E4D90942FC07): 1
LogDevObjectVersion:   Dev-Automation (0DF73D61-A23F-47EA-B727-89E90C41499A): 1
LogDevObjectVersion:   FortniteMain (601D1886-AC64-4F84-AA16-D3DE0DEAC7D6): 31
LogDevObjectVersion:   Dev-Enterprise (9DFFBCD6-494F-0158-E221-12823C92A888): 8
LogDevObjectVersion:   Dev-Niagara (F2AED0AC-9AFE-416F-8664-AA7FFA26D6FC): 1
LogDevObjectVersion:   Dev-Destruction (174F1F0B-B4C6-45A5-B13F-2EE8D0FB917D): 9
LogDevObjectVersion:   Dev-Physics-Ext (35F94A83-E258-406C-A318-09F59610247C): 8
LogDevObjectVersion:   Dev-CineCamera (B2E18506-4273-CFC2-A54E-F4BB758BBA07): 1
LogInit: Presizing for max 25165824 objects, including 0 objects not considered by GC, pre-allocating 0 bytes for permanent pool.
LogInit: Object subsystem initialized
LogConfig: Setting CVar [[con.DebugEarlyDefault:1]]
LogConfig: Setting CVar [[r.setres:1280x720]]
[2020.05.21-20.56.00:380][  0]LogConfig: Setting CVar [[r.VSync:0]]
[2020.05.21-20.56.00:380][  0]LogConfig: Setting CVar [[r.RHICmdBypass:0]]
[2020.05.21-20.56.00:441][  0]LogConfig: Applying CVar settings from Section [/Script/Engine.RendererSettings] File [D:/Escritorio/6 Semestre/diseño web/unigithub/Wolfgang/DAROOM/DAROOM/DAROOM/DAROOM/Saved/Config/Windows/Engine.ini]
[2020.05.21-20.56.00:441][  0]LogConfig: Setting CVar [[r.GPUCrashDebugging:0]]
[2020.05.21-20.56.00:442][  0]LogConfig: Applying CVar settings from Section [/Script/Engine.RendererOverrideSettings] File [D:/Escritorio/6 Semestre/diseño web/unigithub/Wolfgang/DAROOM/DAROOM/DAROOM/DAROOM/Saved/Config/Windows/Engine.ini]
[2020.05.21-20.56.00:442][  0]LogConfig: Applying CVar settings from Section [/Script/Engine.StreamingSettings] File [D:/Escritorio/6 Semestre/diseño web/unigithub/Wolfgang/DAROOM/DAROOM/DAROOM/DAROOM/Saved/Config/Windows/Engine.ini]
[2020.05.21-20.56.00:442][  0]LogConfig: Setting CVar [[s.MinBulkDataSizeForAsyncLoading:131072]]
[2020.05.21-20.56.00:442][  0]LogConfig: Setting CVar [[s.AsyncLoadingThreadEnabled:0]]
[2020.05.21-20.56.00:442][  0]LogConfig: Setting CVar [[s.EventDrivenLoaderEnabled:1]]
[2020.05.21-20.56.00:442][  0]LogConfig: Setting CVar [[s.WarnIfTimeLimitExceeded:0]]
[2020.05.21-20.56.00:442][  0]LogConfig: Setting CVar [[s.TimeLimitExceededMultiplier:1.5]]
[2020.05.21-20.56.00:442][  0]LogConfig: Setting CVar [[s.TimeLimitExceededMinTime:0.005]]
[2020.05.21-20.56.00:442][  0]LogConfig: Setting CVar [[s.UseBackgroundLevelStreaming:1]]
[2020.05.21-20.56.00:442][  0]LogConfig: Setting CVar [[s.PriorityAsyncLoadingExtraTime:15.0]]
[2020.05.21-20.56.00:442][  0]LogConfig: Setting CVar [[s.LevelStreamingActorsUpdateTimeLimit:5.0]]
[2020.05.21-20.56.00:442][  0]LogConfig: Setting CVar [[s.PriorityLevelStreamingActorsUpdateExtraTime:5.0]]
[2020.05.21-20.56.00:442][  0]LogConfig: Setting CVar [[s.LevelStreamingComponentsRegistrationGranularity:10]]
[2020.05.21-20.56.00:442][  0]LogConfig: Setting CVar [[s.UnregisterComponentsTimeLimit:1.0]]
[2020.05.21-20.56.00:442][  0]LogConfig: Setting CVar [[s.LevelStreamingComponentsUnregistrationGranularity:5]]
[2020.05.21-20.56.00:442][  0]LogConfig: Setting CVar [[s.FlushStreamingOnExit:1]]
[2020.05.21-20.56.00:461][  0]LogConfig: Applying CVar settings from Section [/Script/Engine.GarbageCollectionSettings] File [D:/Escritorio/6 Semestre/diseño web/unigithub/Wolfgang/DAROOM/DAROOM/DAROOM/DAROOM/Saved/Config/Windows/Engine.ini]
[2020.05.21-20.56.00:461][  0]LogConfig: Setting CVar [[gc.MaxObjectsNotConsideredByGC:1]]
[2020.05.21-20.56.00:461][  0]LogConfig: Setting CVar [[gc.SizeOfPermanentObjectPool:0]]
[2020.05.21-20.56.00:461][  0]LogConfig: Setting CVar [[gc.FlushStreamingOnGC:0]]
[2020.05.21-20.56.00:461][  0]LogConfig: Setting CVar [[gc.NumRetriesBeforeForcingGC:10]]
[2020.05.21-20.56.00:461][  0]LogConfig: Setting CVar [[gc.AllowParallelGC:1]]
[2020.05.21-20.56.00:461][  0]LogConfig: Setting CVar [[gc.TimeBetweenPurgingPendingKillObjects:61.1]]
[2020.05.21-20.56.00:461][  0]LogConfig: Setting CVar [[gc.MaxObjectsInEditor:25165824]]
[2020.05.21-20.56.00:461][  0]LogConfig: Setting CVar [[gc.IncrementalBeginDestroyEnabled:1]]
[2020.05.21-20.56.00:462][  0]LogConfig: Setting CVar [[gc.CreateGCClusters:1]]
[2020.05.21-20.56.00:462][  0]LogConfig: Setting CVar [[gc.MinGCClusterSize:5]]
[2020.05.21-20.56.00:462][  0]LogConfig: Setting CVar [[gc.ActorClusteringEnabled:0]]
[2020.05.21-20.56.00:462][  0]LogConfig: Setting CVar [[gc.BlueprintClusteringEnabled:0]]
[2020.05.21-20.56.00:462][  0]LogConfig: Setting CVar [[gc.UseDisregardForGCOnDedicatedServers:0]]
[2020.05.21-20.56.00:462][  0]LogConfig: Applying CVar settings from Section [/Script/Engine.NetworkSettings] File [D:/Escritorio/6 Semestre/diseño web/unigithub/Wolfgang/DAROOM/DAROOM/DAROOM/DAROOM/Saved/Config/Windows/Engine.ini]
[2020.05.21-20.56.00:462][  0]LogConfig: Applying CVar settings from Section [/Script/UnrealEd.CookerSettings] File [D:/Escritorio/6 Semestre/diseño web/unigithub/Wolfgang/DAROOM/DAROOM/DAROOM/DAROOM/Saved/Config/Windows/Engine.ini]
[2020.05.21-20.56.00:866][  0]LogConfig: Applying CVar settings from Section [ViewDistanceQuality@3] File [D:/Escritorio/6 Semestre/diseño web/unigithub/Wolfgang/DAROOM/DAROOM/DAROOM/DAROOM/Saved/Config/Windows/Scalability.ini]
[2020.05.21-20.56.00:866][  0]LogConfig: Setting CVar [[r.SkeletalMeshLODBias:0]]
[2020.05.21-20.56.00:866][  0]LogConfig: Setting CVar [[r.ViewDistanceScale:1.0]]
[2020.05.21-20.56.00:866][  0]LogConfig: Applying CVar settings from Section [AntiAliasingQuality@3] File [D:/Escritorio/6 Semestre/diseño web/unigithub/Wolfgang/DAROOM/DAROOM/DAROOM/DAROOM/Saved/Config/Windows/Scalability.ini]
[2020.05.21-20.56.00:866][  0]LogConfig: Setting CVar [[r.PostProcessAAQuality:4]]
[2020.05.21-20.56.00:866][  0]LogConfig: Applying CVar settings from Section [ShadowQuality@3] File [D:/Escritorio/6 Semestre/diseño web/unigithub/Wolfgang/DAROOM/DAROOM/DAROOM/DAROOM/Saved/Config/Windows/Scalability.ini]
[2020.05.21-20.56.00:866][  0]LogConfig: Setting CVar [[r.LightFunctionQuality:1]]
[2020.05.21-20.56.00:867][  0]LogConfig: Setting CVar [[r.ShadowQuality:5]]
[2020.05.21-20.56.00:867][  0]LogConfig: Setting CVar [[r.Shadow.CSM.MaxCascades:10]]
[2020.05.21-20.56.00:867][  0]LogConfig: Setting CVar [[r.Shadow.MaxResolution:2048]]
[2020.05.21-20.56.00:867][  0]LogConfig: Setting CVar [[r.Shadow.MaxCSMResolution:2048]]
[2020.05.21-20.56.00:867][  0]LogConfig: Setting CVar [[r.Shadow.RadiusThreshold:0.01]]
[2020.05.21-20.56.00:867][  0]LogConfig: Setting CVar [[r.Shadow.DistanceScale:1.0]]
[2020.05.21-20.56.00:867][  0]LogConfig: Setting CVar [[r.Shadow.CSM.TransitionScale:1.0]]
[2020.05.21-20.56.00:867][  0]LogConfig: Setting CVar [[r.Shadow.PreShadowResolutionFactor:1.0]]
[2020.05.21-20.56.00:867][  0]LogConfig: Setting CVar [[r.DistanceFieldShadowing:1]]
[2020.05.21-20.56.00:867][  0]LogConfig: Setting CVar [[r.DistanceFieldAO:1]]
[2020.05.21-20.56.00:867][  0]LogConfig: Setting CVar [[r.AOQuality:2]]
[2020.05.21-20.56.00:867][  0]LogConfig: Setting CVar [[r.VolumetricFog:1]]
[2020.05.21-20.56.00:867][  0]LogConfig: Setting CVar [[r.VolumetricFog.GridPixelSize:8]]
[2020.05.21-20.56.00:867][  0]LogConfig: Setting CVar [[r.VolumetricFog.GridSizeZ:128]]
[2020.05.21-20.56.00:867][  0]LogConfig: Setting CVar [[r.VolumetricFog.HistoryMissSupersampleCount:4]]
[2020.05.21-20.56.00:867][  0]LogConfig: Setting CVar [[r.LightMaxDrawDistanceScale:1]]
[2020.05.21-20.56.00:867][  0]LogConfig: Setting CVar [[r.CapsuleShadows:1]]
[2020.05.21-20.56.00:867][  0]LogConfig: Applying CVar settings from Section [PostProcessQuality@3] File [D:/Escritorio/6 Semestre/diseño web/unigithub/Wolfgang/DAROOM/DAROOM/DAROOM/DAROOM/Saved/Config/Windows/Scalability.ini]
[2020.05.21-20.56.00:867][  0]LogConfig: Setting CVar [[r.MotionBlurQuality:4]]
[2020.05.21-20.56.00:867][  0]LogConfig: Setting CVar [[r.AmbientOcclusionMipLevelFactor:0.4]]
[2020.05.21-20.56.00:867][  0]LogConfig: Setting CVar [[r.AmbientOcclusionMaxQuality:100]]
[2020.05.21-20.56.00:867][  0]LogConfig: Setting CVar [[r.AmbientOcclusionLevels:-1]]
[2020.05.21-20.56.00:867][  0]LogConfig: Setting CVar [[r.AmbientOcclusionRadiusScale:1.0]]
[2020.05.21-20.56.00:867][  0]LogConfig: Setting CVar [[r.DepthOfFieldQuality:2]]
[2020.05.21-20.56.00:867][  0]LogConfig: Setting CVar [[r.RenderTargetPoolMin:400]]
[2020.05.21-20.56.00:867][  0]LogConfig: Setting CVar [[r.LensFlareQuality:2]]
[2020.05.21-20.56.00:867][  0]LogConfig: Setting CVar [[r.SceneColorFringeQuality:1]]
[2020.05.21-20.56.00:867][  0]LogConfig: Setting CVar [[r.EyeAdaptationQuality:2]]
[2020.05.21-20.56.00:867][  0]LogConfig: Setting CVar [[r.BloomQuality:5]]
[2020.05.21-20.56.00:867][  0]LogConfig: Setting CVar [[r.FastBlurThreshold:100]]
[2020.05.21-20.56.00:867][  0]LogConfig: Setting CVar [[r.Upscale.Quality:3]]
[2020.05.21-20.56.00:868][  0]LogConfig: Setting CVar [[r.Tonemapper.GrainQuantization:1]]
[2020.05.21-20.56.00:868][  0]LogConfig: Setting CVar [[r.LightShaftQuality:1]]
[2020.05.21-20.56.00:868][  0]LogConfig: Setting CVar [[r.Filter.SizeScale:1]]
[2020.05.21-20.56.00:868][  0]LogConfig: Setting CVar [[r.Tonemapper.Quality:5]]
[2020.05.21-20.56.00:868][  0]LogConfig: Setting CVar [[r.DOF.Gather.AccumulatorQuality:1        ; higher gathering accumulator quality]]
[2020.05.21-20.56.00:868][  0]LogConfig: Setting CVar [[r.DOF.Gather.PostfilterMethod:1          ; Median3x3 postfilering method]]
[2020.05.21-20.56.00:868][  0]LogConfig: Setting CVar [[r.DOF.Gather.EnableBokehSettings:0       ; no bokeh simulation when gathering]]
[2020.05.21-20.56.00:868][  0]LogConfig: Setting CVar [[r.DOF.Gather.RingCount:4                 ; medium number of samples when gathering]]
[2020.05.21-20.56.00:868][  0]LogConfig: Setting CVar [[r.DOF.Scatter.ForegroundCompositing:1    ; additive foreground scattering]]
[2020.05.21-20.56.00:868][  0]LogConfig: Setting CVar [[r.DOF.Scatter.BackgroundCompositing:2    ; additive background scattering]]
[2020.05.21-20.56.00:868][  0]LogConfig: Setting CVar [[r.DOF.Scatter.EnableBokehSettings:1      ; bokeh simulation when scattering]]
[2020.05.21-20.56.00:868][  0]LogConfig: Setting CVar [[r.DOF.Scatter.MaxSpriteRatio:0.1         ; only a maximum of 10% of scattered bokeh]]
[2020.05.21-20.56.00:868][  0]LogConfig: Setting CVar [[r.DOF.Recombine.Quality:1                ; cheap slight out of focus]]
[2020.05.21-20.56.00:868][  0]LogConfig: Setting CVar [[r.DOF.Recombine.EnableBokehSettings:0    ; no bokeh simulation on slight out of focus]]
[2020.05.21-20.56.00:868][  0]LogConfig: Setting CVar [[r.DOF.TemporalAAQuality:1                ; more stable temporal accumulation]]
[2020.05.21-20.56.00:868][  0]LogConfig: Setting CVar [[r.DOF.Kernel.MaxForegroundRadius:0.025]]
[2020.05.21-20.56.00:868][  0]LogConfig: Setting CVar [[r.DOF.Kernel.MaxBackgroundRadius:0.025]]
[2020.05.21-20.56.00:868][  0]LogConfig: Applying CVar settings from Section [TextureQuality@3] File [D:/Escritorio/6 Semestre/diseño web/unigithub/Wolfgang/DAROOM/DAROOM/DAROOM/DAROOM/Saved/Config/Windows/Scalability.ini]
[2020.05.21-20.56.00:868][  0]LogConfig: Setting CVar [[r.Streaming.MipBias:0]]
[2020.05.21-20.56.00:868][  0]LogConfig: Setting CVar [[r.Streaming.AmortizeCPUToGPUCopy:0]]
[2020.05.21-20.56.00:868][  0]LogConfig: Setting CVar [[r.Streaming.MaxNumTexturesToStreamPerFrame:0]]
[2020.05.21-20.56.00:868][  0]LogConfig: Setting CVar [[r.Streaming.Boost:1]]
[2020.05.21-20.56.00:868][  0]LogConfig: Setting CVar [[r.MaxAnisotropy:8]]
[2020.05.21-20.56.00:868][  0]LogConfig: Setting CVar [[r.VT.MaxAnisotropy:8]]
[2020.05.21-20.56.00:868][  0]LogConfig: Setting CVar [[r.Streaming.LimitPoolSizeToVRAM:0]]
[2020.05.21-20.56.00:868][  0]LogConfig: Setting CVar [[r.Streaming.PoolSize:1000]]
[2020.05.21-20.56.00:868][  0]LogConfig: Setting CVar [[r.Streaming.MaxEffectiveScreenSize:0]]
[2020.05.21-20.56.00:868][  0]LogConfig: Applying CVar settings from Section [EffectsQuality@3] File [D:/Escritorio/6 Semestre/diseño web/unigithub/Wolfgang/DAROOM/DAROOM/DAROOM/DAROOM/Saved/Config/Windows/Scalability.ini]
[2020.05.21-20.56.00:868][  0]LogConfig: Setting CVar [[r.TranslucencyLightingVolumeDim:64]]
[2020.05.21-20.56.00:868][  0]LogConfig: Setting CVar [[r.RefractionQuality:2]]
[2020.05.21-20.56.00:869][  0]LogConfig: Setting CVar [[r.SSR.Quality:3]]
[2020.05.21-20.56.00:869][  0]LogConfig: Setting CVar [[r.SSR.HalfResSceneColor:0]]
[2020.05.21-20.56.00:869][  0]LogConfig: Setting CVar [[r.SceneColorFormat:4]]
[2020.05.21-20.56.00:869][  0]LogConfig: Setting CVar [[r.DetailMode:2]]
[2020.05.21-20.56.00:869][  0]LogConfig: Setting CVar [[r.TranslucencyVolumeBlur:1]]
[2020.05.21-20.56.00:869][  0]LogConfig: Setting CVar [[r.MaterialQualityLevel:1 ; High quality]]
[2020.05.21-20.56.00:869][  0]LogConfig: Setting CVar [[r.SSS.Scale:1]]
[2020.05.21-20.56.00:869][  0]LogConfig: Setting CVar [[r.SSS.SampleSet:2]]
[2020.05.21-20.56.00:869][  0]LogConfig: Setting CVar [[r.SSS.Quality:1]]
[2020.05.21-20.56.00:869][  0]LogConfig: Setting CVar [[r.SSS.HalfRes:1]]
[2020.05.21-20.56.00:869][  0]LogConfig: Setting CVar [[r.SSGI.Quality:3]]
[2020.05.21-20.56.00:869][  0]LogConfig: Setting CVar [[r.EmitterSpawnRateScale:1.0]]
[2020.05.21-20.56.00:869][  0]LogConfig: Setting CVar [[r.ParticleLightQuality:2]]
[2020.05.21-20.56.00:869][  0]LogConfig: Setting CVar [[r.SkyAtmosphere.AerialPerspectiveLUT.FastApplyOnOpaque:1 ; Always have FastSkyLUT 1 in this case to avoid wrong sky]]
[2020.05.21-20.56.00:869][  0]LogConfig: Setting CVar [[r.SkyAtmosphere.AerialPerspectiveLUT.SampleCountPerSlice:1]]
[2020.05.21-20.56.00:869][  0]LogConfig: Setting CVar [[r.SkyAtmosphere.AerialPerspectiveLUT.DepthResolution:16.0]]
[2020.05.21-20.56.00:869][  0]LogConfig: Setting CVar [[r.SkyAtmosphere.FastSkyLUT:1]]
[2020.05.21-20.56.00:869][  0]LogConfig: Setting CVar [[r.SkyAtmosphere.FastSkyLUT.SampleCountMin:4.0]]
[2020.05.21-20.56.00:869][  0]LogConfig: Setting CVar [[r.SkyAtmosphere.FastSkyLUT.SampleCountMax:32.0]]
[2020.05.21-20.56.00:869][  0]LogConfig: Setting CVar [[r.SkyAtmosphere.SampleCountMin:4.0]]
[2020.05.21-20.56.00:869][  0]LogConfig: Setting CVar [[r.SkyAtmosphere.SampleCountMax:32.0]]
[2020.05.21-20.56.00:869][  0]LogConfig: Setting CVar [[r.SkyAtmosphere.TransmittanceLUT.UseSmallFormat:0]]
[2020.05.21-20.56.00:869][  0]LogConfig: Setting CVar [[r.SkyAtmosphere.TransmittanceLUT.SampleCount:10.0]]
[2020.05.21-20.56.00:869][  0]LogConfig: Setting CVar [[r.SkyAtmosphere.MultiScatteringLUT.SampleCount:15.0]]
[2020.05.21-20.56.00:869][  0]LogConfig: Applying CVar settings from Section [FoliageQuality@3] File [D:/Escritorio/6 Semestre/diseño web/unigithub/Wolfgang/DAROOM/DAROOM/DAROOM/DAROOM/Saved/Config/Windows/Scalability.ini]
[2020.05.21-20.56.00:869][  0]LogConfig: Setting CVar [[foliage.DensityScale:1.0]]
[2020.05.21-20.56.00:869][  0]LogConfig: Setting CVar [[grass.DensityScale:1.0]]
[2020.05.21-20.56.00:869][  0]LogConfig: Applying CVar settings from Section [ShadingQuality@3] File [D:/Escritorio/6 Semestre/diseño web/unigithub/Wolfgang/DAROOM/DAROOM/DAROOM/DAROOM/Saved/Config/Windows/Scalability.ini]
[2020.05.21-20.56.00:869][  0]LogConfig: Setting CVar [[r.HairStrands.SkyLighting.SampleCount:16]]
[2020.05.21-20.56.00:870][  0]LogConfig: Setting CVar [[r.HairStrands.SkyLighting.JitterIntegration:0]]
[2020.05.21-20.56.00:870][  0]LogConfig: Setting CVar [[r.HairStrands.SkyAO.SampleCount:16]]
[2020.05.21-20.56.00:981][  0]LogInit: Selected Device Profile: [Windows]
[2020.05.21-20.56.00:993][  0]LogInit: Applying CVar settings loaded from the selected device profile: [Windows]
[2020.05.21-20.56.01:255][  0]LogHAL: Display: Platform has ~ 24 GB [25440763904 / 34359738368 / 24], which maps to Larger [LargestMinGB=32, LargerMinGB=12, DefaultMinGB=8, SmallerMinGB=6, SmallestMinGB=0)
[2020.05.21-20.56.01:255][  0]LogInit: Going up to parent DeviceProfile []
[2020.05.21-20.56.01:625][  0]LogConfig: Applying CVar settings from Section [ViewDistanceQuality@2] File [D:/Escritorio/6 Semestre/diseño web/unigithub/Wolfgang/DAROOM/DAROOM/DAROOM/DAROOM/Saved/Config/Windows/Scalability.ini]
[2020.05.21-20.56.01:625][  0]LogConfig: Setting CVar [[r.SkeletalMeshLODBias:0]]
[2020.05.21-20.56.01:625][  0]LogConfig: Setting CVar [[r.ViewDistanceScale:0.8]]
[2020.05.21-20.56.01:625][  0]LogConfig: Applying CVar settings from Section [AntiAliasingQuality@2] File [D:/Escritorio/6 Semestre/diseño web/unigithub/Wolfgang/DAROOM/DAROOM/DAROOM/DAROOM/Saved/Config/Windows/Scalability.ini]
[2020.05.21-20.56.01:625][  0]LogConfig: Setting CVar [[r.PostProcessAAQuality:3]]
[2020.05.21-20.56.01:625][  0]LogConfig: Applying CVar settings from Section [ShadowQuality@2] File [D:/Escritorio/6 Semestre/diseño web/unigithub/Wolfgang/DAROOM/DAROOM/DAROOM/DAROOM/Saved/Config/Windows/Scalability.ini]
[2020.05.21-20.56.01:625][  0]LogConfig: Setting CVar [[r.LightFunctionQuality:1]]
[2020.05.21-20.56.01:625][  0]LogConfig: Setting CVar [[r.ShadowQuality:5]]
[2020.05.21-20.56.01:625][  0]LogConfig: Setting CVar [[r.Shadow.CSM.MaxCascades:4]]
[2020.05.21-20.56.01:625][  0]LogConfig: Setting CVar [[r.Shadow.MaxResolution:1024]]
[2020.05.21-20.56.01:625][  0]LogConfig: Setting CVar [[r.Shadow.MaxCSMResolution:2048]]
[2020.05.21-20.56.01:625][  0]LogConfig: Setting CVar [[r.Shadow.RadiusThreshold:0.04]]
[2020.05.21-20.56.01:625][  0]LogConfig: Setting CVar [[r.Shadow.DistanceScale:0.85]]
[2020.05.21-20.56.01:625][  0]LogConfig: Setting CVar [[r.Shadow.CSM.TransitionScale:0.8]]
[2020.05.21-20.56.01:625][  0]LogConfig: Setting CVar [[r.Shadow.PreShadowResolutionFactor:0.5]]
[2020.05.21-20.56.01:625][  0]LogConfig: Setting CVar [[r.DistanceFieldShadowing:1]]
[2020.05.21-20.56.01:625][  0]LogConfig: Setting CVar [[r.DistanceFieldAO:1]]
[2020.05.21-20.56.01:625][  0]LogConfig: Setting CVar [[r.AOQuality:1]]
[2020.05.21-20.56.01:625][  0]LogConfig: Setting CVar [[r.VolumetricFog:1]]
[2020.05.21-20.56.01:625][  0]LogConfig: Setting CVar [[r.VolumetricFog.GridPixelSize:16]]
[2020.05.21-20.56.01:625][  0]LogConfig: Setting CVar [[r.VolumetricFog.GridSizeZ:64]]
[2020.05.21-20.56.01:625][  0]LogConfig: Setting CVar [[r.VolumetricFog.HistoryMissSupersampleCount:4]]
[2020.05.21-20.56.01:625][  0]LogConfig: Setting CVar [[r.LightMaxDrawDistanceScale:1]]
[2020.05.21-20.56.01:625][  0]LogConfig: Setting CVar [[r.CapsuleShadows:1]]
[2020.05.21-20.56.01:625][  0]LogConfig: Applying CVar settings from Section [PostProcessQuality@2] File [D:/Escritorio/6 Semestre/diseño web/unigithub/Wolfgang/DAROOM/DAROOM/DAROOM/DAROOM/Saved/Config/Windows/Scalability.ini]
[2020.05.21-20.56.01:625][  0]LogConfig: Setting CVar [[r.MotionBlurQuality:3]]
[2020.05.21-20.56.01:625][  0]LogConfig: Setting CVar [[r.AmbientOcclusionMipLevelFactor:0.6]]
[2020.05.21-20.56.01:625][  0]LogConfig: Setting CVar [[r.AmbientOcclusionMaxQuality:100]]
[2020.05.21-20.56.01:626][  0]LogConfig: Setting CVar [[r.AmbientOcclusionLevels:-1]]
[2020.05.21-20.56.01:626][  0]LogConfig: Setting CVar [[r.AmbientOcclusionRadiusScale:1.5]]
[2020.05.21-20.56.01:626][  0]LogConfig: Setting CVar [[r.DepthOfFieldQuality:2]]
[2020.05.21-20.56.01:626][  0]LogConfig: Setting CVar [[r.RenderTargetPoolMin:400]]
[2020.05.21-20.56.01:626][  0]LogConfig: Setting CVar [[r.LensFlareQuality:2]]
[2020.05.21-20.56.01:626][  0]LogConfig: Setting CVar [[r.SceneColorFringeQuality:1]]
[2020.05.21-20.56.01:626][  0]LogConfig: Setting CVar [[r.EyeAdaptationQuality:2]]
[2020.05.21-20.56.01:626][  0]LogConfig: Setting CVar [[r.BloomQuality:5]]
[2020.05.21-20.56.01:626][  0]LogConfig: Setting CVar [[r.FastBlurThreshold:3]]
[2020.05.21-20.56.01:626][  0]LogConfig: Setting CVar [[r.Upscale.Quality:2]]
[2020.05.21-20.56.01:626][  0]LogConfig: Setting CVar [[r.Tonemapper.GrainQuantization:1]]
[2020.05.21-20.56.01:626][  0]LogConfig: Setting CVar [[r.LightShaftQuality:1]]
[2020.05.21-20.56.01:626][  0]LogConfig: Setting CVar [[r.Filter.SizeScale:0.8]]
[2020.05.21-20.56.01:626][  0]LogConfig: Setting CVar [[r.Tonemapper.Quality:5]]
[2020.05.21-20.56.01:626][  0]LogConfig: Setting CVar [[r.DOF.Gather.AccumulatorQuality:0        ; lower gathering accumulator quality]]
[2020.05.21-20.56.01:626][  0]LogConfig: Setting CVar [[r.DOF.Gather.PostfilterMethod:2          ; Max3x3 postfilering method]]
[2020.05.21-20.56.01:626][  0]LogConfig: Setting CVar [[r.DOF.Gather.EnableBokehSettings:0       ; no bokeh simulation when gathering]]
[2020.05.21-20.56.01:626][  0]LogConfig: Setting CVar [[r.DOF.Gather.RingCount:4                 ; medium number of samples when gathering]]
[2020.05.21-20.56.01:626][  0]LogConfig: Setting CVar [[r.DOF.Scatter.ForegroundCompositing:1    ; additive foreground scattering]]
[2020.05.21-20.56.01:626][  0]LogConfig: Setting CVar [[r.DOF.Scatter.BackgroundCompositing:1    ; no background occlusion]]
[2020.05.21-20.56.01:626][  0]LogConfig: Setting CVar [[r.DOF.Scatter.EnableBokehSettings:0      ; no bokeh simulation when scattering]]
[2020.05.21-20.56.01:626][  0]LogConfig: Setting CVar [[r.DOF.Scatter.MaxSpriteRatio:0.04        ; only a maximum of 4% of scattered bokeh]]
[2020.05.21-20.56.01:626][  0]LogConfig: Setting CVar [[r.DOF.Recombine.Quality:0                ; no slight out of focus]]
[2020.05.21-20.56.01:626][  0]LogConfig: Setting CVar [[r.DOF.TemporalAAQuality:0                ; faster temporal accumulation]]
[2020.05.21-20.56.01:626][  0]LogConfig: Setting CVar [[r.DOF.Kernel.MaxForegroundRadius:0.012   ; required because of AccumulatorQuality=0]]
[2020.05.21-20.56.01:626][  0]LogConfig: Setting CVar [[r.DOF.Kernel.MaxBackgroundRadius:0.012   ; required because of AccumulatorQuality=0]]
[2020.05.21-20.56.01:626][  0]LogConfig: Applying CVar settings from Section [TextureQuality@2] File [D:/Escritorio/6 Semestre/diseño web/unigithub/Wolfgang/DAROOM/DAROOM/DAROOM/DAROOM/Saved/Config/Windows/Scalability.ini]
[2020.05.21-20.56.01:627][  0]LogConfig: Setting CVar [[r.Streaming.MipBias:0]]
[2020.05.21-20.56.01:627][  0]LogConfig: Setting CVar [[r.Streaming.AmortizeCPUToGPUCopy:0]]
[2020.05.21-20.56.01:627][  0]LogConfig: Setting CVar [[r.Streaming.MaxNumTexturesToStreamPerFrame:0]]
[2020.05.21-20.56.01:627][  0]LogConfig: Setting CVar [[r.Streaming.Boost:1]]
[2020.05.21-20.56.01:627][  0]LogConfig: Setting CVar [[r.MaxAnisotropy:4]]
[2020.05.21-20.56.01:627][  0]LogConfig: Setting CVar [[r.VT.MaxAnisotropy:8]]
[2020.05.21-20.56.01:627][  0]LogConfig: Setting CVar [[r.Streaming.LimitPoolSizeToVRAM:1]]
[2020.05.21-20.56.01:627][  0]LogConfig: Setting CVar [[r.Streaming.PoolSize:800]]
[2020.05.21-20.56.01:627][  0]LogConfig: Setting CVar [[r.Streaming.MaxEffectiveScreenSize:0]]
[2020.05.21-20.56.01:627][  0]LogConfig: Applying CVar settings from Section [EffectsQuality@2] File [D:/Escritorio/6 Semestre/diseño web/unigithub/Wolfgang/DAROOM/DAROOM/DAROOM/DAROOM/Saved/Config/Windows/Scalability.ini]
[2020.05.21-20.56.01:627][  0]LogConfig: Setting CVar [[r.TranslucencyLightingVolumeDim:48]]
[2020.05.21-20.56.01:627][  0]LogConfig: Setting CVar [[r.RefractionQuality:2]]
[2020.05.21-20.56.01:627][  0]LogConfig: Setting CVar [[r.SSR.Quality:2]]
[2020.05.21-20.56.01:627][  0]LogConfig: Setting CVar [[r.SSR.HalfResSceneColor:1]]
[2020.05.21-20.56.01:627][  0]LogConfig: Setting CVar [[r.SceneColorFormat:3]]
[2020.05.21-20.56.01:627][  0]LogConfig: Setting CVar [[r.DetailMode:1]]
[2020.05.21-20.56.01:627][  0]LogConfig: Setting CVar [[r.TranslucencyVolumeBlur:1]]
[2020.05.21-20.56.01:627][  0]LogConfig: Setting CVar [[r.MaterialQualityLevel:1 ; High quality]]
[2020.05.21-20.56.01:627][  0]LogConfig: Setting CVar [[r.SSS.Scale:1]]
[2020.05.21-20.56.01:627][  0]LogConfig: Setting CVar [[r.SSS.SampleSet:1]]
[2020.05.21-20.56.01:627][  0]LogConfig: Setting CVar [[r.SSS.Quality:-1]]
[2020.05.21-20.56.01:627][  0]LogConfig: Setting CVar [[r.SSS.HalfRes:1]]
[2020.05.21-20.56.01:627][  0]LogConfig: Setting CVar [[r.SSGI.Quality:2]]
[2020.05.21-20.56.01:627][  0]LogConfig: Setting CVar [[r.EmitterSpawnRateScale:0.5]]
[2020.05.21-20.56.01:627][  0]LogConfig: Setting CVar [[r.ParticleLightQuality:1]]
[2020.05.21-20.56.01:627][  0]LogConfig: Setting CVar [[r.SkyAtmosphere.AerialPerspectiveLUT.FastApplyOnOpaque:1 ; Always have FastSkyLUT 1 in this case to avoid wrong sky]]
[2020.05.21-20.56.01:627][  0]LogConfig: Setting CVar [[r.SkyAtmosphere.AerialPerspectiveLUT.SampleCountPerSlice:1]]
[2020.05.21-20.56.01:627][  0]LogConfig: Setting CVar [[r.SkyAtmosphere.AerialPerspectiveLUT.DepthResolution:16.0]]
[2020.05.21-20.56.01:627][  0]LogConfig: Setting CVar [[r.SkyAtmosphere.FastSkyLUT:1]]
[2020.05.21-20.56.01:627][  0]LogConfig: Setting CVar [[r.SkyAtmosphere.FastSkyLUT.SampleCountMin:4.0]]
[2020.05.21-20.56.01:627][  0]LogConfig: Setting CVar [[r.SkyAtmosphere.FastSkyLUT.SampleCountMax:32.0]]
[2020.05.21-20.56.01:627][  0]LogConfig: Setting CVar [[r.SkyAtmosphere.SampleCountMin:4.0]]
[2020.05.21-20.56.01:627][  0]LogConfig: Setting CVar [[r.SkyAtmosphere.SampleCountMax:32.0]]
[2020.05.21-20.56.01:627][  0]LogConfig: Setting CVar [[r.SkyAtmosphere.TransmittanceLUT.UseSmallFormat:0]]
[2020.05.21-20.56.01:627][  0]LogConfig: Setting CVar [[r.SkyAtmosphere.TransmittanceLUT.SampleCount:10.0]]
[2020.05.21-20.56.01:627][  0]LogConfig: Setting CVar [[r.SkyAtmosphere.MultiScatteringLUT.SampleCount:15.0]]
[2020.05.21-20.56.01:627][  0]LogConfig: Applying CVar settings from Section [FoliageQuality@2] File [D:/Escritorio/6 Semestre/diseño web/unigithub/Wolfgang/DAROOM/DAROOM/DAROOM/DAROOM/Saved/Config/Windows/Scalability.ini]
[2020.05.21-20.56.01:627][  0]LogConfig: Setting CVar [[foliage.DensityScale:0.8]]
[2020.05.21-20.56.01:627][  0]LogConfig: Setting CVar [[grass.DensityScale:0.8]]
[2020.05.21-20.56.01:627][  0]LogConfig: Applying CVar settings from Section [ShadingQuality@2] File [D:/Escritorio/6 Semestre/diseño web/unigithub/Wolfgang/DAROOM/DAROOM/DAROOM/DAROOM/Saved/Config/Windows/Scalability.ini]
[2020.05.21-20.56.01:627][  0]LogConfig: Setting CVar [[r.HairStrands.SkyLighting.SampleCount:16]]
[2020.05.21-20.56.01:627][  0]LogConfig: Setting CVar [[r.HairStrands.SkyLighting.JitterIntegration:0]]
[2020.05.21-20.56.01:627][  0]LogConfig: Setting CVar [[r.HairStrands.SkyAO.SampleCount:16]]
[2020.05.21-20.56.01:627][  0]LogConfig: Applying CVar settings from Section [Startup] File [../../../Engine/Config/ConsoleVariables.ini]
[2020.05.21-20.56.01:671][  0]LogConfig: Setting CVar [[net.UseAdaptiveNetUpdateFrequency:0]]
[2020.05.21-20.56.01:671][  0]LogConfig: Setting CVar [[p.chaos.AllowCreatePhysxBodies:1]]
[2020.05.21-20.56.01:671][  0]LogConfig: Applying CVar settings from Section [ConsoleVariables] File [D:/Escritorio/6 Semestre/diseño web/unigithub/Wolfgang/DAROOM/DAROOM/DAROOM/DAROOM/Saved/Config/Windows/Engine.ini]
[2020.05.21-20.56.02:425][  0]LogInit: Computer: WOLFGANG
[2020.05.21-20.56.02:425][  0]LogInit: User: YanVillalobos
[2020.05.21-20.56.02:425][  0]LogInit: CPU Page size=4096, Cores=4
[2020.05.21-20.56.02:425][  0]LogInit: High frequency timer resolution =10.000000 MHz
[2020.05.21-20.56.02:426][  0]LogMemory: Memory total: Physical=23.7GB (24GB approx)
[2020.05.21-20.56.02:491][  0]LogMemory: Platform Memory Stats for Windows
[2020.05.21-20.56.02:491][  0]LogMemory: Process Physical Memory: 106.00 MB used, 106.00 MB peak
[2020.05.21-20.56.02:491][  0]LogMemory: Process Virtual Memory: 100.67 MB used, 100.67 MB peak
[2020.05.21-20.56.02:491][  0]LogMemory: Physical Memory: 8312.85 MB used,  15949.36 MB free, 24262.20 MB total
[2020.05.21-20.56.02:491][  0]LogMemory: Virtual Memory: 5138.60 MB used,  134212592.00 MB free, 134217728.00 MB total
[2020.05.21-20.56.02:588][  0]LogWindows: WindowsPlatformFeatures enabled
[2020.05.21-20.56.07:419][  0]LogInit: Overriding language with editor language configuration option (en).
[2020.05.21-20.56.07:419][  0]LogInit: Overriding locale with editor culture configuration option ().
[2020.05.21-20.56.07:419][  0]LogInit: Using OS detected locale (es-MX).
[2020.05.21-20.56.09:796][  0]LogInit: Setting process to per monitor DPI aware
[2020.05.21-20.56.11:614][  0]LogSlate: New Slate User Created.  User Index 0, Is Virtual User: 0
[2020.05.21-20.56.11:614][  0]LogSlate: Slate User Registered.  User Index 0, Is Virtual User: 0
[2020.05.21-20.56.27:298][  0]LogHMD: Failed to initialize OpenVR with code 108
[2020.05.21-20.56.27:298][  0]LogD3D11RHI: D3D11 min allowed feature level: 11_0
[2020.05.21-20.56.27:298][  0]LogD3D11RHI: D3D11 max allowed feature level: 11_0
[2020.05.21-20.56.27:298][  0]LogD3D11RHI: D3D11 adapters:
[2020.05.21-20.56.27:515][  0]LogD3D11RHI:    0. 'NVIDIA GeForce GTX 960M' (Feature Level 11_0)
[2020.05.21-20.56.27:515][  0]LogD3D11RHI:       4055/0/12131 MB DedicatedVideo/DedicatedSystem/SharedSystem, Outputs:2, VendorId:0x10de
[2020.05.21-20.56.27:793][  0]LogD3D11RHI:    1. 'Intel(R) HD Graphics 530' (Feature Level 11_0)
[2020.05.21-20.56.27:793][  0]LogD3D11RHI:       128/0/12131 MB DedicatedVideo/DedicatedSystem/SharedSystem, Outputs:0, VendorId:0x8086
[2020.05.21-20.56.27:802][  0]LogD3D11RHI:    2. 'Microsoft Basic Render Driver' (Feature Level 11_0)
[2020.05.21-20.56.27:802][  0]LogD3D11RHI:       0/0/12131 MB DedicatedVideo/DedicatedSystem/SharedSystem, Outputs:0, VendorId:0x1414
[2020.05.21-20.56.27:802][  0]LogD3D11RHI: Chosen D3D11 Adapter: 0
[2020.05.21-20.56.29:057][  0]LogD3D11RHI: Creating new Direct3DDevice
[2020.05.21-20.56.29:097][  0]LogD3D11RHI:     GPU DeviceId: 0x139b (for the marketing name, search the web for "GPU Device Id")
[2020.05.21-20.56.29:097][  0]LogWindows: EnumDisplayDevices:
[2020.05.21-20.56.29:099][  0]LogWindows:    0. 'Intel(R) HD Graphics 530' (P:1 D:1)
[2020.05.21-20.56.29:102][  0]LogWindows:    1. 'Intel(R) HD Graphics 530' (P:0 D:1)
[2020.05.21-20.56.29:104][  0]LogWindows:    2. 'Intel(R) HD Graphics 530' (P:0 D:0)
[2020.05.21-20.56.29:106][  0]LogWindows: DebugString: PrimaryIsNotTheChoosenAdapter PrimaryIsNotTheChoosenAdapter PrimaryIsNotTheChoosenAdapter FoundDriverCount:0 
[2020.05.21-20.56.29:106][  0]LogD3D11RHI:     Adapter Name: NVIDIA GeForce GTX 960M
[2020.05.21-20.56.29:106][  0]LogD3D11RHI:   Driver Version: Unknown (internal:Unknown, unified:Unknown)
[2020.05.21-20.56.29:106][  0]LogD3D11RHI:      Driver Date: Unknown
[2020.05.21-20.56.29:106][  0]LogRHI: Texture pool is 2839 MB (70% of 4055 MB)
[2020.05.21-20.56.29:423][  0]LogD3D11RHI: RHI has support for 64 bit atomics
[2020.05.21-20.56.29:439][  0]LogD3D11RHI: Async texture creation enabled
[2020.05.21-20.56.30:547][  0]LogD3D11RHI: GPU Timing Frequency: 1000.000000 (Debug: 2 1)
[2020.05.21-20.56.36:286][  0]LogTargetPlatformManager: Display: Loaded TargetPlatform 'AllDesktop'
[2020.05.21-20.56.37:951][  0]LogTargetPlatformManager: Display: Loaded TargetPlatform 'Android'
[2020.05.21-20.56.37:951][  0]LogTargetPlatformManager: Display: Loaded TargetPlatform 'Android_ASTC'
[2020.05.21-20.56.37:951][  0]LogTargetPlatformManager: Display: Loaded TargetPlatform 'Android_ATC'
[2020.05.21-20.56.37:951][  0]LogTargetPlatformManager: Display: Loaded TargetPlatform 'Android_DXT'
[2020.05.21-20.56.37:951][  0]LogTargetPlatformManager: Display: Loaded TargetPlatform 'Android_ETC1'
[2020.05.21-20.56.37:952][  0]LogTargetPlatformManager: Display: Loaded TargetPlatform 'Android_ETC1a'
[2020.05.21-20.56.37:952][  0]LogTargetPlatformManager: Display: Loaded TargetPlatform 'Android_ETC2'
[2020.05.21-20.56.37:952][  0]LogTargetPlatformManager: Display: Loaded TargetPlatform 'Android_PVRTC'
[2020.05.21-20.56.37:952][  0]LogTargetPlatformManager: Display: Loaded TargetPlatform 'AndroidClient'
[2020.05.21-20.56.37:952][  0]LogTargetPlatformManager: Display: Loaded TargetPlatform 'Android_ASTCClient'
[2020.05.21-20.56.37:952][  0]LogTargetPlatformManager: Display: Loaded TargetPlatform 'Android_ATCClient'
[2020.05.21-20.56.37:952][  0]LogTargetPlatformManager: Display: Loaded TargetPlatform 'Android_DXTClient'
[2020.05.21-20.56.37:952][  0]LogTargetPlatformManager: Display: Loaded TargetPlatform 'Android_ETC1Client'
[2020.05.21-20.56.37:952][  0]LogTargetPlatformManager: Display: Loaded TargetPlatform 'Android_ETC1aClient'
[2020.05.21-20.56.37:952][  0]LogTargetPlatformManager: Display: Loaded TargetPlatform 'Android_ETC2Client'
[2020.05.21-20.56.37:952][  0]LogTargetPlatformManager: Display: Loaded TargetPlatform 'Android_PVRTCClient'
[2020.05.21-20.56.37:952][  0]LogTargetPlatformManager: Display: Loaded TargetPlatform 'Android_Multi'
[2020.05.21-20.56.37:952][  0]LogTargetPlatformManager: Display: Loaded TargetPlatform 'Android_MultiClient'
[2020.05.21-20.56.39:576][  0]LogTargetPlatformManager: Display: Loaded TargetPlatform 'IOSClient'
[2020.05.21-20.56.39:576][  0]LogTargetPlatformManager: Display: Loaded TargetPlatform 'IOS'
[2020.05.21-20.56.39:800][  0]LogTargetPlatformManager: Display: Loaded TargetPlatform 'LinuxNoEditor'
[2020.05.21-20.56.39:840][  0]LogTargetPlatformManager: Display: Loaded TargetPlatform 'LinuxClient'
[2020.05.21-20.56.39:906][  0]LogTargetPlatformManager: Display: Loaded TargetPlatform 'LinuxServer'
[2020.05.21-20.56.40:086][  0]LogTargetPlatformManager: Display: Loaded TargetPlatform 'LinuxAArch64NoEditor'
[2020.05.21-20.56.40:292][  0]LogTargetPlatformManager: Display: Loaded TargetPlatform 'LinuxAArch64Client'
[2020.05.21-20.56.40:791][  0]LogTargetPlatformManager: Display: Loaded TargetPlatform 'LinuxAArch64Server'
[2020.05.21-20.56.41:163][  0]LogTargetPlatformManager: Display: Loaded TargetPlatform 'Lumin'
[2020.05.21-20.56.41:163][  0]LogTargetPlatformManager: Display: Loaded TargetPlatform 'LuminClient'
[2020.05.21-20.56.41:475][  0]LogTargetPlatformManager: Display: Loaded TargetPlatform 'TVOSClient'
[2020.05.21-20.56.41:476][  0]LogTargetPlatformManager: Display: Loaded TargetPlatform 'TVOS'
[2020.05.21-20.56.41:612][  0]LogTargetPlatformManager: Display: Loaded TargetPlatform 'WindowsNoEditor'
[2020.05.21-20.56.41:793][  0]LogTargetPlatformManager: Display: Loaded TargetPlatform 'Windows'
[2020.05.21-20.56.41:877][  0]LogTargetPlatformManager: Display: Loaded TargetPlatform 'WindowsClient'
[2020.05.21-20.56.41:980][  0]LogTargetPlatformManager: Display: Loaded TargetPlatform 'WindowsServer'
[2020.05.21-20.56.41:980][  0]LogTargetPlatformManager: Display: Building Assets For Windows
[2020.05.21-20.56.42:579][  0]LogAudioDebug: Display: Lib vorbis DLL was dynamically loaded.
[2020.05.21-20.56.45:475][  0]LogShaderCompilers: Guid format shader working directory is -74 characters bigger than the processId version (../../../../../../Escritorio/6 Semestre/diseño web/unigithub/Wolfgang/DAROOM/DAROOM/DAROOM/DAROOM/Intermediate/Shaders/WorkingDirectory/15976/).
[2020.05.21-20.56.45:476][  0]LogShaderCompilers: Cleaned the shader compiler working directory 'C:/temptest/UnrealShaderWorkingDir/3F66C75644D07D5D1AD1DBA3C93F7011/'.
[2020.05.21-20.56.45:542][  0]LogXGEController: Cleaning working directory: C:/temptest/UnrealXGEWorkingDir/
[2020.05.21-20.56.45:544][  0]LogXGEController: Cannot use XGE Controller as Incredibuild is not installed on this machine.
[2020.05.21-20.56.45:544][  0]LogShaderCompilers: Cannot use XGE Shader Compiler as Incredibuild is not installed on this machine.
[2020.05.21-20.56.45:544][  0]LogShaderCompilers: Display: Using Local Shader Compiler.
[2020.05.21-20.57.10:235][  0]LogDerivedDataCache: Display: Max Cache Size: 512 MB
[2020.05.21-20.57.10:523][  0]LogDerivedDataCache: Loaded boot cache 0.29s 78MB C:/Users/Yan Villalobos/AppData/Local/UnrealEngine/4.24/DerivedDataCache/Boot.ddc.
[2020.05.21-20.57.10:523][  0]LogDerivedDataCache: Display: Loaded Boot cache: C:/Users/Yan Villalobos/AppData/Local/UnrealEngine/4.24/DerivedDataCache/Boot.ddc
[2020.05.21-20.57.10:523][  0]LogDerivedDataCache: FDerivedDataBackendGraph:  Pak pak cache file ../../../../../../Escritorio/6 Semestre/diseño web/unigithub/Wolfgang/DAROOM/DAROOM/DAROOM/DAROOM/DerivedDataCache/DDC.ddp not found, will not use a pak cache.
[2020.05.21-20.57.10:523][  0]LogDerivedDataCache: Unable to find inner node Pak for hierarchical cache Hierarchy.
[2020.05.21-20.57.10:523][  0]LogDerivedDataCache: FDerivedDataBackendGraph:  CompressedPak pak cache file ../../../../../../Escritorio/6 Semestre/diseño web/unigithub/Wolfgang/DAROOM/DAROOM/DAROOM/DAROOM/DerivedDataCache/Compressed.ddp not found, will not use a pak cache.
[2020.05.21-20.57.10:523][  0]LogDerivedDataCache: Unable to find inner node CompressedPak for hierarchical cache Hierarchy.
[2020.05.21-20.57.10:681][  0]LogDerivedDataCache: Display: Pak cache opened for reading ../../../Engine/DerivedDataCache/Compressed.ddp.
[2020.05.21-20.57.10:681][  0]LogDerivedDataCache: FDerivedDataBackendGraph:  EnterprisePak pak cache file ../../../Enterprise/DerivedDataCache/Compressed.ddp not found, will not use a pak cache.
[2020.05.21-20.57.10:681][  0]LogDerivedDataCache: Unable to find inner node EnterprisePak for hierarchical cache Hierarchy.
[2020.05.21-20.57.10:684][  0]LogDerivedDataCache: Using Local data cache path C:/Users/Yan Villalobos/AppData/Local/UnrealEngine/Common/DerivedDataCache: Writable
[2020.05.21-20.57.10:684][  0]LogDerivedDataCache: Shared data cache path not found in *engine.ini, will not use an Shared cache.
[2020.05.21-20.57.10:684][  0]LogDerivedDataCache: Unable to find inner node Shared for hierarchical cache Hierarchy.
[2020.05.21-20.57.11:033][  0]LogMaterial: Verifying Global Shaders for PCD3D_SM5
[2020.05.21-20.57.11:389][  0]LogSlate: Using FreeType 2.10.0
[2020.05.21-20.57.11:578][  0]LogSlate: SlateFontServices - WITH_FREETYPE: 1, WITH_HARFBUZZ: 1
[2020.05.21-20.57.13:286][  0]LogAssetRegistry: FAssetRegistry took 0.0089 seconds to start up
[2020.05.21-20.57.34:231][  0]LogInit: Selected Device Profile: [Windows]
[2020.05.21-20.57.40:125][  0]LogMeshReduction: Using QuadricMeshReduction for automatic static mesh reduction
[2020.05.21-20.57.40:125][  0]LogMeshReduction: Using SimplygonMeshReduction for automatic skeletal mesh reduction
[2020.05.21-20.57.40:125][  0]LogMeshReduction: Using ProxyLODMeshReduction for automatic mesh merging
[2020.05.21-20.57.40:125][  0]LogMeshReduction: No distributed automatic mesh merging module available
[2020.05.21-20.57.40:125][  0]LogMeshMerging: No distributed automatic mesh merging module available
[2020.05.21-20.57.41:630][  0]LogNetVersion: DAROOM 1.0.0, NetCL: 10570792, EngineNetVer: 13, GameNetVer: 0 (Checksum: 2238005089)
[2020.05.21-20.58.19:353][  0]LogPackageLocalizationCache: Processed 12 localized package path(s) for 1 prioritized culture(s) in 0.227061 seconds
[2020.05.21-20.58.19:415][  0]LogUObjectArray: 46750 objects as part of root set at end of initial load.
[2020.05.21-20.58.19:415][  0]LogUObjectAllocator: 8137160 out of 0 bytes used by permanent object pool.
[2020.05.21-20.58.19:415][  0]LogUObjectArray: CloseDisregardForGC: 0/0 objects in disregard for GC pool
[2020.05.21-20.58.37:070][  0]LogSubstanceCoreModule: Substance [CPU] Engine Loaded, Max Texture Size = 2048
[2020.05.21-20.58.37:386][  0]LogTcpMessaging: Initializing TcpMessaging bridge
[2020.05.21-20.58.37:429][  0]LogUdpMessaging: Warning: Invalid UDP Messaging Static Endpoint '246-008-323:6666'
[2020.05.21-20.58.37:429][  0]LogUdpMessaging: Initializing bridge on interface 0.0.0.0:0 to multicast group 230.0.0.1:6666.
[2020.05.21-20.58.44:447][  0]SourceControl: Source control is disabled
[2020.05.21-20.58.44:518][  0]LogWindows: Warning: CreateProc failed: El sistema no puede encontrar el archivo especificado. (0x00000002)
[2020.05.21-20.58.44:519][  0]LogWindows: Warning: URL: C:/Program Files/Git/bin/git.exe version
[2020.05.21-20.58.44:791][  0]LogWindows: Warning: CreateProc failed: El sistema no puede encontrar el archivo especificado. (0x00000002)
[2020.05.21-20.58.44:791][  0]LogWindows: Warning: URL: C:/Program Files/Git/bin/git.exe version
[2020.05.21-20.58.44:875][  0]LogWindows: Warning: CreateProc failed: El sistema no puede encontrar el archivo especificado. (0x00000002)
[2020.05.21-20.58.44:875][  0]LogWindows: Warning: URL: C:/Program Files/Git/bin/git.exe version
[2020.05.21-20.58.44:916][  0]LogWindows: Warning: CreateProc failed: El sistema no puede encontrar el archivo especificado. (0x00000002)
[2020.05.21-20.58.44:916][  0]LogWindows: Warning: URL: C:/Program Files/Git/bin/git.exe version
[2020.05.21-20.58.48:607][  0]LogAndroidPermission: UAndroidPermissionCallbackProxy::GetInstance
[2020.05.21-20.58.49:035][  0]LogAudioCaptureCore: Display: No Audio Capture implementations found. Audio input will be silent.
[2020.05.21-20.58.49:035][  0]LogAudioCaptureCore: Display: No Audio Capture implementations found. Audio input will be silent.
[2020.05.21-20.58.50:129][  0]LogOcInput: OculusInput pre-init called
[2020.05.21-20.58.50:452][  0]LogWindows: Failed to load 'OVRPlugin.dll' (GetLastError=126)
[2020.05.21-20.58.50:452][  0]LogWindows: File 'OVRPlugin.dll' does not exist
[2020.05.21-20.58.56:456][  0]LogAutomationTest: Warning: Smoke tests took > 2s to run: 3.03s
[2020.05.21-20.58.57:486][  0]LogEngine: Initializing Engine...
[2020.05.21-20.58.58:441][  0]LogHMD: Failed to initialize OpenVR with code 108
[2020.05.21-20.58.58:686][  0]LogStats: UGameplayTagsManager::InitializeManager -  0.061 s
[2020.05.21-20.59.01:121][  0]LogInit: Initializing FReadOnlyCVARCache
[2020.05.21-20.59.02:369][  0]LogAIModule: Creating AISystem for world Untitled
[2020.05.21-20.59.02:990][  0]LogAudioMixer: Display: Audio Mixer Platform Settings:
[2020.05.21-20.59.02:990][  0]LogAudioMixer: Display: 	Sample Rate:						  48000
[2020.05.21-20.59.02:990][  0]LogAudioMixer: Display: 	Callback Buffer Frame Size Requested: 1024
[2020.05.21-20.59.02:990][  0]LogAudioMixer: Display: 	Callback Buffer Frame Size To Use:	  1024
[2020.05.21-20.59.02:990][  0]LogAudioMixer: Display: 	Number of buffers to queue:			  2
[2020.05.21-20.59.02:990][  0]LogAudioMixer: Display: 	Max Channels (voices):				  32
[2020.05.21-20.59.02:990][  0]LogAudioMixer: Display: 	Number of Async Source Workers:		  0
[2020.05.21-20.59.02:990][  0]LogAudio: Display: AudioDevice MaxSources: 32
[2020.05.21-20.59.03:142][  0]LogAudio: Display: Using built-in audio occlusion.
[2020.05.21-20.59.03:142][  0]LogAudioMixer: Display: Initializing audio mixer.
[2020.05.21-20.59.03:817][  0]LogAudioMixer: Display: Audio Device Output Speaker Info:
[2020.05.21-20.59.03:817][  0]LogAudioMixer: Display: Name: Altavoces / Auriculares (2- Realtek Audio)
[2020.05.21-20.59.03:817][  0]LogAudioMixer: Display: Is Default: Yes
[2020.05.21-20.59.03:817][  0]LogAudioMixer: Display: Sample Rate: 48000
[2020.05.21-20.59.03:817][  0]LogAudioMixer: Display: Channel Count Used: 2
[2020.05.21-20.59.03:817][  0]LogAudioMixer: Display: Device Channel Count: 2
[2020.05.21-20.59.03:817][  0]LogAudioMixer: Display: Channel Order:
[2020.05.21-20.59.03:817][  0]LogAudioMixer: Display: 0: FrontLeft
[2020.05.21-20.59.03:817][  0]LogAudioMixer: Display: 1: FrontRight
[2020.05.21-20.59.04:125][  0]LogAudioMixer: Display: Using Audio Device Altavoces / Auriculares (2- Realtek Audio)
[2020.05.21-20.59.04:207][  0]LogInit: FAudioDevice initialized.
[2020.05.21-20.59.04:244][  0]LogNetVersion: Set ProjectVersion to 1.0.0.0. Version Checksum will be recalculated on next use.
[2020.05.21-20.59.04:391][  0]LogDerivedDataCache: Saved boot cache 0.15s 78MB C:/Users/Yan Villalobos/AppData/Local/UnrealEngine/4.24/DerivedDataCache/Boot.ddc.
[2020.05.21-20.59.04:393][  0]LogInit: Texture streaming: Enabled
[2020.05.21-20.59.04:815][  0]LogEngineSessionManager: EngineSessionManager initialized
[2020.05.21-20.59.04:837][  0]LogEditorSessionSummary: Verbose: Initializing EditorSessionSummaryWriter for editor session tracking
[2020.05.21-20.59.04:854][  0]LogEditorSessionSummary: EditorSessionSummaryWriter initialized
[2020.05.21-20.59.06:381][  0]LogInit: Transaction tracking system initialized
[2020.05.21-20.59.12:323][  0]BlueprintLog: New page: Editor Load
[2020.05.21-20.59.22:085][  0]LocalizationService: Localization service is disabled
[2020.05.21-20.59.36:901][  0]LogFileCache: Scanning file cache for directory 'D:/Escritorio/6 Semestre/diseño web/unigithub/Wolfgang/DAROOM/DAROOM/DAROOM/DAROOM/Content/' took 0.07s
[2020.05.21-20.59.36:901][  0]LogCook: Display: Max memory allowance for cook 16384mb min free memory 0mb
[2020.05.21-20.59.36:901][  0]LogCook: Display: Mobile HDR setting 1
[2020.05.21-20.59.51:763][  0]LogWindows: Warning: CreateProc failed: El sistema no puede encontrar el archivo especificado. (0x00000002)
[2020.05.21-20.59.51:763][  0]LogWindows: Warning: URL: C:/Program Files/Git/bin/git.exe version
[2020.05.21-20.59.51:858][  0]Cmd: MAP LOAD FILE="../../../../../../Escritorio/6 Semestre/diseño web/unigithub/Wolfgang/DAROOM/DAROOM/DAROOM/DAROOM/Content/ThirdPersonBP/Maps/DAROOM.umap" TEMPLATE=0 SHOWPROGRESS=1 FEATURELEVEL=3
[2020.05.21-20.59.51:880][  0]LightingResults: New page: Lighting Build
[2020.05.21-20.59.52:431][  0]LogWorld: UWorld::CleanupWorld for Untitled, bSessionEnded=true, bCleanupResources=true
[2020.05.21-20.59.52:540][  0]LogSlate: InvalidateAllWidgets triggered.  All widgets were invalidated
[2020.05.21-20.59.52:546][  0]MapCheck: New page: Map Check
[2020.05.21-20.59.52:546][  0]LightingResults: New page: Lighting Build
[2020.05.21-20.59.53:233][  0]LogUObjectHash: Compacting FUObjectHashTables data took   3.01ms
[2020.05.21-21.00.21:350][  0]LogBlueprint: Warning: Node '/Game/PrototypeWeap/Sound/Pistol/PistolA_Fire_Cue.PistolA_Fire_Cue:SoundCueGraph_43.EdGraphNode_Comment_1' missing NodeGuid because of upgrade from old package version, this can cause deterministic cooking issues please resave package.
[2020.05.21-21.00.21:350][  0]LogBlueprint: Warning: Node '/Game/PrototypeWeap/Sound/Pistol/PistolA_Fire_Cue.PistolA_Fire_Cue:SoundCueGraph_43.EdGraphNode_Comment_3' missing NodeGuid because of upgrade from old package version, this can cause deterministic cooking issues please resave package.
[2020.05.21-21.00.21:350][  0]LogBlueprint: Warning: Node '/Game/PrototypeWeap/Sound/Pistol/PistolA_Fire_Cue.PistolA_Fire_Cue:SoundCueGraph_43.SoundCueGraphNode_116' missing NodeGuid because of upgrade from old package version, this can cause deterministic cooking issues please resave package.
[2020.05.21-21.00.21:351][  0]LogBlueprint: Warning: Node '/Game/PrototypeWeap/Sound/Pistol/PistolA_Fire_Cue.PistolA_Fire_Cue:SoundCueGraph_43.SoundCueGraphNode_118' missing NodeGuid because of upgrade from old package version, this can cause deterministic cooking issues please resave package.
[2020.05.21-21.00.21:351][  0]LogBlueprint: Warning: Node '/Game/PrototypeWeap/Sound/Pistol/PistolA_Fire_Cue.PistolA_Fire_Cue:SoundCueGraph_43.SoundCueGraphNode_119' missing NodeGuid because of upgrade from old package version, this can cause deterministic cooking issues please resave package.
[2020.05.21-21.00.21:351][  0]LogBlueprint: Warning: Node '/Game/PrototypeWeap/Sound/Pistol/PistolA_Fire_Cue.PistolA_Fire_Cue:SoundCueGraph_43.SoundCueGraphNode_120' missing NodeGuid because of upgrade from old package version, this can cause deterministic cooking issues please resave package.
[2020.05.21-21.00.21:351][  0]LogBlueprint: Warning: Node '/Game/PrototypeWeap/Sound/Pistol/PistolA_Fire_Cue.PistolA_Fire_Cue:SoundCueGraph_43.SoundCueGraphNode_121' missing NodeGuid because of upgrade from old package version, this can cause deterministic cooking issues please resave package.
[2020.05.21-21.00.21:351][  0]LogBlueprint: Warning: Node '/Game/PrototypeWeap/Sound/Pistol/PistolA_Fire_Cue.PistolA_Fire_Cue:SoundCueGraph_43.SoundCueGraphNode_122' missing NodeGuid because of upgrade from old package version, this can cause deterministic cooking issues please resave package.
[2020.05.21-21.00.21:351][  0]LogBlueprint: Warning: Node '/Game/PrototypeWeap/Sound/Pistol/PistolA_Fire_Cue.PistolA_Fire_Cue:SoundCueGraph_43.SoundCueGraphNode_124' missing NodeGuid because of upgrade from old package version, this can cause deterministic cooking issues please resave package.
[2020.05.21-21.00.21:351][  0]LogBlueprint: Warning: Node '/Game/PrototypeWeap/Sound/Pistol/PistolA_Fire_Cue.PistolA_Fire_Cue:SoundCueGraph_43.SoundCueGraphNode_125' missing NodeGuid because of upgrade from old package version, this can cause deterministic cooking issues please resave package.
[2020.05.21-21.00.21:351][  0]LogBlueprint: Warning: Node '/Game/PrototypeWeap/Sound/Pistol/PistolA_Fire_Cue.PistolA_Fire_Cue:SoundCueGraph_43.SoundCueGraphNode_126' missing NodeGuid because of upgrade from old package version, this can cause deterministic cooking issues please resave package.
[2020.05.21-21.00.21:351][  0]LogBlueprint: Warning: Node '/Game/PrototypeWeap/Sound/Pistol/PistolA_Fire_Cue.PistolA_Fire_Cue:SoundCueGraph_43.SoundCueGraphNode_127' missing NodeGuid because of upgrade from old package version, this can cause deterministic cooking issues please resave package.
[2020.05.21-21.00.21:351][  0]LogBlueprint: Warning: Node '/Game/PrototypeWeap/Sound/Pistol/PistolA_Fire_Cue.PistolA_Fire_Cue:SoundCueGraph_43.SoundCueGraphNode_128' missing NodeGuid because of upgrade from old package version, this can cause deterministic cooking issues please resave package.
[2020.05.21-21.00.21:351][  0]LogBlueprint: Warning: Node '/Game/PrototypeWeap/Sound/Pistol/PistolA_Fire_Cue.PistolA_Fire_Cue:SoundCueGraph_43.SoundCueGraphNode_129' missing NodeGuid because of upgrade from old package version, this can cause deterministic cooking issues please resave package.
[2020.05.21-21.00.21:351][  0]LogBlueprint: Warning: Node '/Game/PrototypeWeap/Sound/Pistol/PistolA_Fire_Cue.PistolA_Fire_Cue:SoundCueGraph_43.SoundCueGraphNode_3' missing NodeGuid because of upgrade from old package version, this can cause deterministic cooking issues please resave package.
[2020.05.21-21.00.21:352][  0]LogBlueprint: Warning: Node '/Game/PrototypeWeap/Sound/Pistol/PistolA_Fire_Cue.PistolA_Fire_Cue:SoundCueGraph_43.SoundCueGraphNode_90' missing NodeGuid because of upgrade from old package version, this can cause deterministic cooking issues please resave package.
[2020.05.21-21.00.21:352][  0]LogBlueprint: Warning: Node '/Game/PrototypeWeap/Sound/Pistol/PistolA_Fire_Cue.PistolA_Fire_Cue:SoundCueGraph_43.SoundCueGraphNode_Root_43' missing NodeGuid because of upgrade from old package version, this can cause deterministic cooking issues please resave package.
[2020.05.21-21.00.21:610][  0]LogBlueprint: Warning: Node '/Game/PrototypeWeap/Sound/SniperRifle/SR_Fire_Cue.SR_Fire_Cue:SoundCueGraph_69.EdGraphNode_Comment_1' missing NodeGuid because of upgrade from old package version, this can cause deterministic cooking issues please resave package.
[2020.05.21-21.00.21:610][  0]LogBlueprint: Warning: Node '/Game/PrototypeWeap/Sound/SniperRifle/SR_Fire_Cue.SR_Fire_Cue:SoundCueGraph_69.EdGraphNode_Comment_3' missing NodeGuid because of upgrade from old package version, this can cause deterministic cooking issues please resave package.
[2020.05.21-21.00.21:610][  0]LogBlueprint: Warning: Node '/Game/PrototypeWeap/Sound/SniperRifle/SR_Fire_Cue.SR_Fire_Cue:SoundCueGraph_69.SoundCueGraphNode_10' missing NodeGuid because of upgrade from old package version, this can cause deterministic cooking issues please resave package.
[2020.05.21-21.00.21:610][  0]LogBlueprint: Warning: Node '/Game/PrototypeWeap/Sound/SniperRifle/SR_Fire_Cue.SR_Fire_Cue:SoundCueGraph_69.SoundCueGraphNode_11' missing NodeGuid because of upgrade from old package version, this can cause deterministic cooking issues please resave package.
[2020.05.21-21.00.21:610][  0]LogBlueprint: Warning: Node '/Game/PrototypeWeap/Sound/SniperRifle/SR_Fire_Cue.SR_Fire_Cue:SoundCueGraph_69.SoundCueGraphNode_12' missing NodeGuid because of upgrade from old package version, this can cause deterministic cooking issues please resave package.
[2020.05.21-21.00.21:611][  0]LogBlueprint: Warning: Node '/Game/PrototypeWeap/Sound/SniperRifle/SR_Fire_Cue.SR_Fire_Cue:SoundCueGraph_69.SoundCueGraphNode_13' missing NodeGuid because of upgrade from old package version, this can cause deterministic cooking issues please resave package.
[2020.05.21-21.00.21:611][  0]LogBlueprint: Warning: Node '/Game/PrototypeWeap/Sound/SniperRifle/SR_Fire_Cue.SR_Fire_Cue:SoundCueGraph_69.SoundCueGraphNode_14' missing NodeGuid because of upgrade from old package version, this can cause deterministic cooking issues please resave package.
[2020.05.21-21.00.21:611][  0]LogBlueprint: Warning: Node '/Game/PrototypeWeap/Sound/SniperRifle/SR_Fire_Cue.SR_Fire_Cue:SoundCueGraph_69.SoundCueGraphNode_15' missing NodeGuid because of upgrade from old package version, this can cause deterministic cooking issues please resave package.
[2020.05.21-21.00.21:611][  0]LogBlueprint: Warning: Node '/Game/PrototypeWeap/Sound/SniperRifle/SR_Fire_Cue.SR_Fire_Cue:SoundCueGraph_69.SoundCueGraphNode_16' missing NodeGuid because of upgrade from old package version, this can cause deterministic cooking issues please resave package.
[2020.05.21-21.00.21:611][  0]LogBlueprint: Warning: Node '/Game/PrototypeWeap/Sound/SniperRifle/SR_Fire_Cue.SR_Fire_Cue:SoundCueGraph_69.SoundCueGraphNode_17' missing NodeGuid because of upgrade from old package version, this can cause deterministic cooking issues please resave package.
[2020.05.21-21.00.21:611][  0]LogBlueprint: Warning: Node '/Game/PrototypeWeap/Sound/SniperRifle/SR_Fire_Cue.SR_Fire_Cue:SoundCueGraph_69.SoundCueGraphNode_3' missing NodeGuid because of upgrade from old package version, this can cause deterministic cooking issues please resave package.
[2020.05.21-21.00.21:611][  0]LogBlueprint: Warning: Node '/Game/PrototypeWeap/Sound/SniperRifle/SR_Fire_Cue.SR_Fire_Cue:SoundCueGraph_69.SoundCueGraphNode_4' missing NodeGuid because of upgrade from old package version, this can cause deterministic cooking issues please resave package.
[2020.05.21-21.00.21:611][  0]LogBlueprint: Warning: Node '/Game/PrototypeWeap/Sound/SniperRifle/SR_Fire_Cue.SR_Fire_Cue:SoundCueGraph_69.SoundCueGraphNode_5' missing NodeGuid because of upgrade from old package version, this can cause deterministic cooking issues please resave package.
[2020.05.21-21.00.21:611][  0]LogBlueprint: Warning: Node '/Game/PrototypeWeap/Sound/SniperRifle/SR_Fire_Cue.SR_Fire_Cue:SoundCueGraph_69.SoundCueGraphNode_6' missing NodeGuid because of upgrade from old package version, this can cause deterministic cooking issues please resave package.
[2020.05.21-21.00.21:611][  0]LogBlueprint: Warning: Node '/Game/PrototypeWeap/Sound/SniperRifle/SR_Fire_Cue.SR_Fire_Cue:SoundCueGraph_69.SoundCueGraphNode_7' missing NodeGuid because of upgrade from old package version, this can cause deterministic cooking issues please resave package.
[2020.05.21-21.00.21:611][  0]LogBlueprint: Warning: Node '/Game/PrototypeWeap/Sound/SniperRifle/SR_Fire_Cue.SR_Fire_Cue:SoundCueGraph_69.SoundCueGraphNode_8' missing NodeGuid because of upgrade from old package version, this can cause deterministic cooking issues please resave package.
[2020.05.21-21.00.21:611][  0]LogBlueprint: Warning: Node '/Game/PrototypeWeap/Sound/SniperRifle/SR_Fire_Cue.SR_Fire_Cue:SoundCueGraph_69.SoundCueGraphNode_9' missing NodeGuid because of upgrade from old package version, this can cause deterministic cooking issues please resave package.
[2020.05.21-21.00.21:611][  0]LogBlueprint: Warning: Node '/Game/PrototypeWeap/Sound/SniperRifle/SR_Fire_Cue.SR_Fire_Cue:SoundCueGraph_69.SoundCueGraphNode_90' missing NodeGuid because of upgrade from old package version, this can cause deterministic cooking issues please resave package.
[2020.05.21-21.00.21:611][  0]LogBlueprint: Warning: Node '/Game/PrototypeWeap/Sound/SniperRifle/SR_Fire_Cue.SR_Fire_Cue:SoundCueGraph_69.SoundCueGraphNode_Root_69' missing NodeGuid because of upgrade from old package version, this can cause deterministic cooking issues please resave package.
[2020.05.21-21.00.22:612][  0]LogAIModule: Creating AISystem for world DAROOM
[2020.05.21-21.00.23:877][  0]LogEditorServer: Finished looking for orphan Actors (0.000 secs)
[2020.05.21-21.00.24:149][  0]LogUObjectHash: Compacting FUObjectHashTables data took   5.24ms
[2020.05.21-21.00.24:151][  0]Cmd: MAP CHECKDEP NOCLEARLOG
[2020.05.21-21.00.24:181][  0]MapCheck: Map check complete: 0 Error(s), 0 Warning(s), took 30.248ms to complete.
[2020.05.21-21.00.24:182][  0]LogFileHelpers: Loading map 'DAROOM' took 32.368
[2020.05.21-21.00.24:240][  0]LogAssetRegistry: Flushing asset discovery search because of synchronous request, this can take several seconds...
[2020.05.21-21.00.26:632][  0]LogAssetRegistry: Asset discovery search completed in 2.3926 seconds
[2020.05.21-21.00.26:857][  0]LogCollectionManager: Loaded 0 collections in 0.007737 seconds
[2020.05.21-21.00.26:868][  0]LogFileCache: Scanning file cache for directory 'D:/Escritorio/6 Semestre/diseño web/unigithub/Wolfgang/DAROOM/DAROOM/DAROOM/DAROOM/Saved/Collections/' took 0.00s
[2020.05.21-21.00.26:868][  0]LogFileCache: Scanning file cache for directory 'D:/Escritorio/6 Semestre/diseño web/unigithub/Wolfgang/DAROOM/DAROOM/DAROOM/DAROOM/Content/Developers/YanVillalobos/Collections/' took 0.00s
[2020.05.21-21.00.26:868][  0]LogFileCache: Scanning file cache for directory 'D:/Escritorio/6 Semestre/diseño web/unigithub/Wolfgang/DAROOM/DAROOM/DAROOM/DAROOM/Content/Collections/' took 0.00s
[2020.05.21-21.00.26:868][  0]LogCollectionManager: Fixed up redirectors for 0 collections in 0.000013 seconds (updated 0 objects)
[2020.05.21-21.00.33:693][  0]LogContentBrowser: Native class hierarchy populated in 0.0215 seconds. Added 3035 classes and 741 folders.
[2020.05.21-21.00.34:360][  0]LogContentBrowser: Native class hierarchy updated for 'WidgetCarousel' in 0.0006 seconds. Added 0 classes and 0 folders.
[2020.05.21-21.00.38:731][  0]LogContentBrowser: Native class hierarchy updated for 'AddContentDialog' in 0.0006 seconds. Added 0 classes and 0 folders.
[2020.05.21-21.00.39:529][  0]LogSlate: Updating window title bar state: overlay mode, drag disabled, window buttons hidden, title bar hidden
[2020.05.21-21.00.39:615][  0]LogSlate: Updating window title bar state: overlay mode, drag disabled, window buttons hidden, title bar hidden
[2020.05.21-21.00.39:635][  0]LogSlate: Updating window title bar state: overlay mode, drag disabled, window buttons hidden, title bar hidden
[2020.05.21-21.00.39:654][  0]LogSlate: Updating window title bar state: overlay mode, drag disabled, window buttons hidden, title bar hidden
[2020.05.21-21.00.40:032][  0]LogContentBrowser: Native class hierarchy updated for 'SceneOutliner' in 0.0019 seconds. Added 2 classes and 3 folders.
[2020.05.21-21.00.55:481][  0]LogSlate: Took 0.021479 seconds to synchronously load lazily loaded font '../../../Engine/Content/Slate/Fonts/Roboto-Regular.ttf' (155K)
[2020.05.21-21.00.55:544][  0]LogSlate: Took 0.029325 seconds to synchronously load lazily loaded font '../../../Engine/Content/Editor/Slate/Fonts/FontAwesome.ttf' (139K)
[2020.05.21-21.00.55:597][  0]LogSlate: Took 0.017084 seconds to synchronously load lazily loaded font '../../../Engine/Content/Slate/Fonts/Roboto-Bold.ttf' (160K)
[2020.05.21-21.00.57:199][  0]LogRenderer: Reallocating scene render targets to support 1116x964 Format 9 NumSamples 1 (Frame:1).
[2020.05.21-21.01.00:112][  0]LogContentBrowser: Native class hierarchy updated for 'HierarchicalLODOutliner' in 0.0006 seconds. Added 0 classes and 0 folders.
[2020.05.21-21.01.00:112][  0]LogLoad: (Engine Initialization) Total time: 343.28 seconds
[2020.05.21-21.01.00:112][  0]LogLoad: (Engine Initialization) Total Blueprint compile time: 0.00 seconds
[2020.05.21-21.01.00:971][  0]LogContentStreaming: Texture pool size now 800 MB
[2020.05.21-21.01.01:402][  1]LogSubstanceLiveLink: Warning: Unable to send data along socket, closing connection
[2020.05.21-21.01.01:623][  1]LogFileCache: Retrieving MD5 hashes for directory 'D:/Escritorio/6 Semestre/diseño web/unigithub/Wolfgang/DAROOM/DAROOM/DAROOM/DAROOM/Content/' took 1.01s
[2020.05.21-21.01.54:506][159]LogAudioMixer: Display: Audio Buffer Underrun detected.
[2020.05.21-21.04.01:644][879]LogSlate: Window 'Source Control Login' being destroyed
[2020.05.21-21.04.52:340][167]LogUObjectHash: Compacting FUObjectHashTables data took   2.39ms
[2020.05.21-21.04.55:773][167]LogSlate: Took 0.008622 seconds to synchronously load lazily loaded font '../../../Engine/Content/Slate/Fonts/Roboto-Light.ttf' (167K)
[2020.05.21-21.04.59:747][167]LogSlate: Window 'Delete Assets' being destroyed
[2020.05.21-21.05.05:297][167]LogUObjectGlobals: Force Deleting 15 Package(s):
	Asset Name: /Game/StarterContent/PM3D_Sphere3D_4_NM.PM3D_Sphere3D_4_NM
	Asset Name: /Game/StarterContent/CHANEQUELOW_Cabeza.CHANEQUELOW_Cabeza
	Asset Name: /Game/StarterContent/CHANEQUELOW_Cuerpo.CHANEQUELOW_Cuerpo
	Asset Name: /Game/StarterContent/CHANEQUELOW_Ojos.CHANEQUELOW_Ojos
	Asset Name: /Game/StarterContent/CHANEQUELOW_Sombrero.CHANEQUELOW_Sombrero
	Asset Name: /Game/StarterContent/material.material
	Asset Name: /Game/StarterContent/material_ncl1_1.material_ncl1_1
	Asset Name: /Game/StarterContent/material_ncl1_2.material_ncl1_2
	Asset Name: /Game/StarterContent/material_ncl1_3.material_ncl1_3
	Asset Name: /Game/StarterContent/navelow_PM3D_Cube3D3_2.navelow_PM3D_Cube3D3_2
[2020.05.21-21.05.05:414][167]LogSlate: Took 0.000406 seconds to synchronously load lazily loaded font '../../../Engine/Content/Slate/Fonts/Roboto-Light.ttf' (167K)
[2020.05.21-21.05.10:004][167]LogMaterial: Display: Missing cached shader map for material material_ncl1_3, compiling. 
[2020.05.21-21.05.10:017][167]LogMaterial: Warning: D:\Escritorio\6 Semestre\diseño web\unigithub\Wolfgang\DAROOM\DAROOM\DAROOM\DAROOM\Content\StarterContent\material_ncl1_3.uasset: Failed to compile Material for platform PCD3D_SM5, Default Material will be used in game.
[2020.05.21-21.05.10:017][167]LogMaterial: Display: 	(Node TextureSample) Texture Sample> Missing input texture
[2020.05.21-21.05.10:025][167]LogMaterial: Display: Missing cached shader map for material material_ncl1_3, compiling. 
[2020.05.21-21.05.10:026][167]LogMaterial: Warning: D:\Escritorio\6 Semestre\diseño web\unigithub\Wolfgang\DAROOM\DAROOM\DAROOM\DAROOM\Content\StarterContent\material_ncl1_3.uasset: Failed to compile Material for platform PCD3D_SM5, Default Material will be used in game.
[2020.05.21-21.05.10:026][167]LogMaterial: Display: 	(Node TextureSample) Texture Sample> Missing input texture
[2020.05.21-21.05.10:231][167]LogMaterial: Display: Missing cached shader map for material material_ncl1_1, compiling. 
[2020.05.21-21.05.10:232][167]LogMaterial: Warning: D:\Escritorio\6 Semestre\diseño web\unigithub\Wolfgang\DAROOM\DAROOM\DAROOM\DAROOM\Content\StarterContent\material_ncl1_1.uasset: Failed to compile Material for platform PCD3D_SM5, Default Material will be used in game.
[2020.05.21-21.05.10:232][167]LogMaterial: Display: 	(Node TextureSample) Texture Sample> Missing input texture
[2020.05.21-21.05.10:496][167]LogMaterial: Display: Missing cached shader map for material material, compiling. 
[2020.05.21-21.05.10:496][167]LogMaterial: Warning: D:\Escritorio\6 Semestre\diseño web\unigithub\Wolfgang\DAROOM\DAROOM\DAROOM\DAROOM\Content\StarterContent\material.uasset: Failed to compile Material for platform PCD3D_SM5, Default Material will be used in game.
[2020.05.21-21.05.10:496][167]LogMaterial: Display: 	(Node TextureSample) Texture Sample> Missing input texture
[2020.05.21-21.05.14:490][167]LogUObjectHash: Compacting FUObjectHashTables data took   2.95ms
[2020.05.21-21.05.14:545][167]LogUObjectHash: Compacting FUObjectHashTables data took   1.24ms
[2020.05.21-21.05.14:572][167]LogUObjectHash: Compacting FUObjectHashTables data took   1.80ms
[2020.05.21-21.05.14:604][167]LogUObjectHash: Compacting FUObjectHashTables data took   1.52ms
[2020.05.21-21.05.14:632][167]LogUObjectHash: Compacting FUObjectHashTables data took   1.19ms
[2020.05.21-21.05.14:662][167]LogUObjectHash: Compacting FUObjectHashTables data took   1.56ms
[2020.05.21-21.05.14:691][167]LogUObjectHash: Compacting FUObjectHashTables data took   1.17ms
[2020.05.21-21.05.14:724][167]LogUObjectHash: Compacting FUObjectHashTables data took   1.72ms
[2020.05.21-21.05.14:767][167]LogUObjectHash: Compacting FUObjectHashTables data took   0.79ms
[2020.05.21-21.05.14:810][167]LogUObjectHash: Compacting FUObjectHashTables data took   1.35ms
[2020.05.21-21.05.14:840][167]LogUObjectHash: Compacting FUObjectHashTables data took   1.20ms
[2020.05.21-21.05.14:872][167]LogUObjectHash: Compacting FUObjectHashTables data took   1.21ms
[2020.05.21-21.05.14:917][167]LogUObjectHash: Compacting FUObjectHashTables data took   1.19ms
[2020.05.21-21.05.14:953][167]LogUObjectHash: Compacting FUObjectHashTables data took   1.01ms
[2020.05.21-21.05.14:986][167]LogUObjectHash: Compacting FUObjectHashTables data took   1.14ms
[2020.05.21-21.05.15:017][167]LogUObjectHash: Compacting FUObjectHashTables data took   3.39ms
[2020.05.21-21.05.15:053][167]LogUObjectHash: Compacting FUObjectHashTables data took   1.61ms
[2020.05.21-21.05.16:032][167]SourceControl: Error: Updated 0 paths from the index
[2020.05.21-21.05.16:704][167]SourceControl: rm 'DAROOM/Content/StarterContent/CHANEQUELOW_Cabeza.uasset'
[2020.05.21-21.05.16:704][167]SourceControl: rm 'DAROOM/Content/StarterContent/CHANEQUELOW_Cuerpo.uasset'
[2020.05.21-21.05.16:704][167]SourceControl: rm 'DAROOM/Content/StarterContent/CHANEQUELOW_Ojos.uasset'
[2020.05.21-21.05.16:704][167]SourceControl: rm 'DAROOM/Content/StarterContent/CHANEQUELOW_Sombrero.uasset'
[2020.05.21-21.05.16:704][167]SourceControl: rm 'DAROOM/Content/StarterContent/PM3D_Cube3D3_2_NM.uasset'
[2020.05.21-21.05.16:704][167]SourceControl: rm 'DAROOM/Content/StarterContent/PM3D_Sphere3D_2_NM.uasset'
[2020.05.21-21.05.16:704][167]SourceControl: rm 'DAROOM/Content/StarterContent/PM3D_Sphere3D_4_NM.uasset'
[2020.05.21-21.05.16:704][167]SourceControl: rm 'DAROOM/Content/StarterContent/material.uasset'
[2020.05.21-21.05.16:704][167]SourceControl: rm 'DAROOM/Content/StarterContent/material_ncl1_1.uasset'
[2020.05.21-21.05.16:704][167]SourceControl: rm 'DAROOM/Content/StarterContent/material_ncl1_2.uasset'
[2020.05.21-21.05.16:704][167]SourceControl: rm 'DAROOM/Content/StarterContent/material_ncl1_3.uasset'
[2020.05.21-21.05.16:704][167]SourceControl: rm 'DAROOM/Content/StarterContent/navelow_PM3D_Cube3D3_2.uasset'
[2020.05.21-21.05.16:704][167]SourceControl: rm 'DAROOM/Content/StarterContent/navelow_PM3D_Cylinder3D1.uasset'
[2020.05.21-21.05.16:704][167]SourceControl: rm 'DAROOM/Content/StarterContent/navelow_PM3D_Sphere3D_2.uasset'
[2020.05.21-21.05.16:704][167]SourceControl: rm 'DAROOM/Content/StarterContent/navelow_PM3D_Sphere3D_4.uasset'
[2020.05.21-21.05.43:617][898]LogActorFactory: Actor Factory created Cube
[2020.05.21-21.05.45:122][974]LogActorFactory: Actor Factory created Cube
[2020.05.21-21.05.48:006][121]Cmd: CAMERA ALIGN ACTIVEVIEWPORTONLY
[2020.05.21-21.06.42:404][393]Cmd: CAMERA ALIGN ACTIVEVIEWPORTONLY
[2020.05.21-21.06.59:140][104]Cmd: DELETE
[2020.05.21-21.06.59:140][104]Cmd: ACTOR DELETE
[2020.05.21-21.06.59:379][104]LogEditorActor: Deleted Actor: StaticMeshActor
[2020.05.21-21.06.59:452][104]LogUObjectHash: Compacting FUObjectHashTables data took   5.68ms
[2020.05.21-21.06.59:459][104]LogEditorActor: Deleted 1 Actors (0.125 secs)
[2020.05.21-21.06.59:660][113]LogEditorViewport: Clicking on Actor (LMB): StaticMeshActor (Cube49)
[2020.05.21-21.07.00:290][131]LogEditorViewport: Clicking on Actor (LMB): StaticMeshActor (Cube)
[2020.05.21-21.11.00:825][894]LogUObjectHash: Compacting FUObjectHashTables data took   3.30ms
[2020.05.21-21.11.02:395][894]LogSavePackage: Moving '../../../../../../Escritorio/6 Semestre/diseño web/unigithub/Wolfgang/DAROOM/DAROOM/DAROOM/DAROOM/Saved/DAROOM_Auto1383D9BC74857921D9804F1B94BE7C36C.tmp' to '../../../../../../Escritorio/6 Semestre/diseño web/unigithub/Wolfgang/DAROOM/DAROOM/DAROOM/DAROOM/Saved/Autosaves/Game/ThirdPersonBP/Maps/DAROOM_Auto1.umap'
[2020.05.21-21.11.02:417][894]LogFileHelpers: Editor autosave (incl. sublevels) for '/Game/ThirdPersonBP/Maps/DAROOM' took 1.677
[2020.05.21-21.11.02:417][894]LogFileHelpers: Editor autosave (incl. sublevels) for all levels took 1.677
[2020.05.21-21.22.18:879][336]LogUObjectHash: Compacting FUObjectHashTables data took   4.26ms
[2020.05.21-21.22.21:439][336]LogSlate: Window 'Save Content' being destroyed
[2020.05.21-21.22.21:577][336]LogSlate: Window 'DAROOM - Unreal Editor' being destroyed
[2020.05.21-21.22.21:948][337]Cmd: QUIT_EDITOR
[2020.05.21-21.22.21:948][337]LogCore: Engine exit requested (reason: UUnrealEdEngine::CloseEditor())
[2020.05.21-21.22.21:992][337]LogCore: Engine exit requested (reason: EngineExit() was called; note: exit was already requested)
[2020.05.21-21.22.22:002][337]LogAudioMixer: Display: No commands were queued while flushing the source manager.
