Log file open, 05/26/20 21:53:32
LogWindows: Failed to load 'aqProf.dll' (GetLastError=126)
LogWindows: File 'aqProf.dll' does not exist
LogWindows: Failed to load 'VtuneApi.dll' (GetLastError=126)
LogWindows: File 'VtuneApi.dll' does not exist
LogWindows: Failed to load 'VtuneApi32e.dll' (GetLastError=126)
LogWindows: File 'VtuneApi32e.dll' does not exist
LogConsoleResponse: Display: Failed to find resolution value strings in scalability ini. Falling back to default.
LogInit: Display: Running engine for game: DAROOM
LogPlatformFile: Not using cached read wrapper
LogTaskGraph: Started task graph with 5 named threads and 23 total threads with 3 sets of task threads.
LogStats: Stats thread started at 0.168421
LogD3D11RHI: Loaded GFSDK_Aftermath_Lib.x64.dll
LogICUInternationalization: ICU TimeZone Detection - Raw Offset: -6:00, Platform Override: ''
LogPluginManager: Mounting plugin Paper2D
LogPluginManager: Mounting plugin AISupport
LogPluginManager: Mounting plugin LightPropagationVolume
LogPluginManager: Mounting plugin ActorLayerUtilities
LogPluginManager: Mounting plugin AnimationSharing
LogPluginManager: Mounting plugin CLionSourceCodeAccess
LogPluginManager: Mounting plugin CodeLiteSourceCodeAccess
LogPluginManager: Mounting plugin ConcertMain
LogPluginManager: Mounting plugin ConcertSyncClient
LogPluginManager: Mounting plugin ConcertSyncCore
LogPluginManager: Mounting plugin MultiUserClient
LogPluginManager: Mounting plugin GitSourceControl
LogPluginManager: Mounting plugin KDevelopSourceCodeAccess
LogPluginManager: Mounting plugin NullSourceCodeAccess
LogPluginManager: Mounting plugin PerforceSourceControl
LogPluginManager: Mounting plugin PlasticSourceControl
LogPluginManager: Mounting plugin SubversionSourceControl
LogPluginManager: Mounting plugin UObjectPlugin
LogPluginManager: Mounting plugin VisualStudioCodeSourceCodeAccess
LogPluginManager: Mounting plugin VisualStudioSourceCodeAccess
LogPluginManager: Mounting plugin XCodeSourceCodeAccess
LogPluginManager: Mounting plugin AssetManagerEditor
LogPluginManager: Mounting plugin CryptoKeys
LogPluginManager: Mounting plugin CurveEditorTools
LogPluginManager: Mounting plugin DataValidation
LogPluginManager: Mounting plugin FacialAnimation
LogPluginManager: Mounting plugin GameplayTagsEditor
LogPluginManager: Mounting plugin MacGraphicsSwitching
LogPluginManager: Mounting plugin MaterialAnalyzer
LogPluginManager: Mounting plugin MobileLauncherProfileWizard
LogPluginManager: Mounting plugin PluginBrowser
LogPluginManager: Mounting plugin SpeedTreeImporter
LogPluginManager: Mounting plugin DatasmithContent
LogPluginManager: Mounting plugin VariantManagerContent
LogPluginManager: Mounting plugin AlembicImporter
LogPluginManager: Mounting plugin AutomationUtils
LogPluginManager: Mounting plugin BackChannel
LogPluginManager: Mounting plugin CharacterAI
LogPluginManager: Mounting plugin GeometryCache
LogPluginManager: Mounting plugin PlatformCrypto
LogPluginManager: Mounting plugin ProxyLODPlugin
LogPluginManager: Mounting plugin SkeletalReduction
LogPluginManager: Mounting plugin MagicLeap
LogPluginManager: Mounting plugin MagicLeapMedia
LogPluginManager: Mounting plugin MLSDK
LogPluginManager: Mounting plugin Substance
LogPluginManager: Mounting plugin AndroidMedia
LogPluginManager: Mounting plugin AvfMedia
LogPluginManager: Mounting plugin ImgMedia
LogPluginManager: Mounting plugin MediaCompositing
LogPluginManager: Mounting plugin MediaPlayerEditor
LogPluginManager: Mounting plugin WebMMedia
LogPluginManager: Mounting plugin WmfMedia
LogPluginManager: Mounting plugin TcpMessaging
LogPluginManager: Mounting plugin UdpMessaging
LogPluginManager: Mounting plugin ActorSequence
LogPluginManager: Mounting plugin LevelSequenceEditor
LogPluginManager: Mounting plugin MatineeToLevelSequence
LogPluginManager: Mounting plugin NetcodeUnitTest
LogPluginManager: Mounting plugin NUTUnrealEngine4
LogPluginManager: Mounting plugin OnlineSubsystemGooglePlay
LogPluginManager: Mounting plugin OnlineSubsystemIOS
LogPluginManager: Mounting plugin OnlineSubsystem
LogPluginManager: Mounting plugin OnlineSubsystemNull
LogPluginManager: Mounting plugin OnlineSubsystemUtils
LogPluginManager: Mounting plugin LauncherChunkInstaller
LogPluginManager: Mounting plugin AndroidDeviceProfileSelector
LogPluginManager: Mounting plugin AndroidMoviePlayer
LogPluginManager: Mounting plugin AndroidPermission
LogPluginManager: Mounting plugin AppleImageUtils
LogPluginManager: Mounting plugin AppleMoviePlayer
LogPluginManager: Mounting plugin ArchVisCharacter
LogPluginManager: Mounting plugin AssetTags
LogPluginManager: Mounting plugin AudioCapture
LogPluginManager: Mounting plugin CableComponent
LogPluginManager: Mounting plugin CustomMeshComponent
LogPluginManager: Mounting plugin SQLiteCore
LogPluginManager: Mounting plugin EditableMesh
LogPluginManager: Mounting plugin ExampleDeviceProfileSelector
LogPluginManager: Mounting plugin GoogleCloudMessaging
LogPluginManager: Mounting plugin IOSDeviceProfileSelector
LogPluginManager: Mounting plugin LinuxDeviceProfileSelector
LogPluginManager: Mounting plugin LocationServicesBPLibrary
LogPluginManager: Mounting plugin MobilePatchingUtils
LogPluginManager: Mounting plugin OculusVR
LogPluginManager: Mounting plugin PhysXVehicles
LogPluginManager: Mounting plugin PostSplashScreen
LogPluginManager: Mounting plugin ProceduralMeshComponent
LogPluginManager: Mounting plugin RuntimePhysXCooking
LogPluginManager: Mounting plugin SignificanceManager
LogPluginManager: Mounting plugin SteamVR
LogPluginManager: Mounting plugin WebMMoviePlayer
LogPluginManager: Mounting plugin WindowsMoviePlayer
LogPluginManager: Mounting plugin ScreenshotTools
LogInit: Using libcurl 7.55.1-DEV
LogInit:  - built for x86_64-pc-win32
LogInit:  - supports SSL with OpenSSL/1.1.1
LogInit:  - supports HTTP deflate (compression) using libz 1.2.8
LogInit:  - other features:
LogInit:      CURL_VERSION_SSL
LogInit:      CURL_VERSION_LIBZ
LogInit:      CURL_VERSION_IPV6
LogInit:      CURL_VERSION_ASYNCHDNS
LogInit:      CURL_VERSION_LARGEFILE
LogInit:      CURL_VERSION_IDN
LogInit:  CurlRequestOptions (configurable via config and command line):
LogInit:  - bVerifyPeer = true  - Libcurl will verify peer certificate
LogInit:  - bUseHttpProxy = false  - Libcurl will NOT use HTTP proxy
LogInit:  - bDontReuseConnections = false  - Libcurl will reuse connections
LogInit:  - MaxHostConnections = 16  - Libcurl will limit the number of connections to a host
LogInit:  - LocalHostAddr = Default
LogInit:  - BufferSize = 65536
LogOnline: OSS: Creating online subsystem instance for: NULL
LogInit: WinSock: version 1.1 (2.2), MaxSocks=32767, MaxUdp=65467
LogOnline: OSS: TryLoadSubsystemAndSetDefault: Loaded subsystem for module [NULL]
LogInit: Build: ++UE4+Release-4.24-CL-11590370
LogInit: Engine Version: 4.24.3-11590370+++UE4+Release-4.24
LogInit: Compatible Engine Version: 4.24.0-10570792+++UE4+Release-4.24
LogInit: Net CL: 10570792
LogInit: OS: Windows 10 (Release 1903) (), CPU: Intel(R) Core(TM) i7-6700HQ CPU @ 2.60GHz, GPU: Intel(R) HD Graphics 530
LogInit: Compiled (64-bit): Feb 24 2020 15:39:18
LogInit: Compiled with Visual C++: 19.16.27032.01
LogInit: Build Configuration: Development
LogInit: Branch Name: ++UE4+Release-4.24
LogInit: Command Line: 
LogInit: Base Directory: D:/softwares/raiman/UE_4.24/Engine/Binaries/Win64/
LogInit: Installed Engine Build: 1
LogDevObjectVersion: Number of dev versions registered: 25
LogDevObjectVersion:   Dev-Blueprints (B0D832E4-1F89-4F0D-ACCF-7EB736FD4AA2): 10
LogDevObjectVersion:   Dev-Build (E1C64328-A22C-4D53-A36C-8E866417BD8C): 0
LogDevObjectVersion:   Dev-Core (375EC13C-06E4-48FB-B500-84F0262A717E): 3
LogDevObjectVersion:   Dev-Editor (E4B068ED-F494-42E9-A231-DA0B2E46BB41): 37
LogDevObjectVersion:   Dev-Framework (CFFC743F-43B0-4480-9391-14DF171D2073): 36
LogDevObjectVersion:   Dev-Mobile (B02B49B5-BB20-44E9-A304-32B752E40360): 2
LogDevObjectVersion:   Dev-Networking (A4E4105C-59A1-49B5-A7C5-40C4547EDFEE): 0
LogDevObjectVersion:   Dev-Online (39C831C9-5AE6-47DC-9A44-9C173E1C8E7C): 0
LogDevObjectVersion:   Dev-Physics (78F01B33-EBEA-4F98-B9B4-84EACCB95AA2): 2
LogDevObjectVersion:   Dev-Platform (6631380F-2D4D-43E0-8009-CF276956A95A): 0
LogDevObjectVersion:   Dev-Rendering (12F88B9F-8875-4AFC-A67C-D90C383ABD29): 36
LogDevObjectVersion:   Dev-Sequencer (7B5AE74C-D270-4C10-A958-57980B212A5A): 11
LogDevObjectVersion:   Dev-VR (D7296918-1DD6-4BDD-9DE2-64A83CC13884): 2
LogDevObjectVersion:   Dev-LoadTimes (C2A15278-BFE7-4AFE-6C17-90FF531DF755): 1
LogDevObjectVersion:   Private-Geometry (6EACA3D4-40EC-4CC1-B786-8BED09428FC5): 3
LogDevObjectVersion:   Dev-AnimPhys (29E575DD-E0A3-4627-9D10-D276232CDCEA): 17
LogDevObjectVersion:   Dev-Anim (AF43A65D-7FD3-4947-9873-3E8ED9C1BB05): 2
LogDevObjectVersion:   Dev-ReflectionCapture (6B266CEC-1EC7-4B8F-A30B-E4D90942FC07): 1
LogDevObjectVersion:   Dev-Automation (0DF73D61-A23F-47EA-B727-89E90C41499A): 1
LogDevObjectVersion:   FortniteMain (601D1886-AC64-4F84-AA16-D3DE0DEAC7D6): 31
LogDevObjectVersion:   Dev-Enterprise (9DFFBCD6-494F-0158-E221-12823C92A888): 8
LogDevObjectVersion:   Dev-Niagara (F2AED0AC-9AFE-416F-8664-AA7FFA26D6FC): 1
LogDevObjectVersion:   Dev-Destruction (174F1F0B-B4C6-45A5-B13F-2EE8D0FB917D): 9
LogDevObjectVersion:   Dev-Physics-Ext (35F94A83-E258-406C-A318-09F59610247C): 8
LogDevObjectVersion:   Dev-CineCamera (B2E18506-4273-CFC2-A54E-F4BB758BBA07): 1
LogInit: Presizing for max 25165824 objects, including 0 objects not considered by GC, pre-allocating 0 bytes for permanent pool.
LogInit: Object subsystem initialized
LogConfig: Setting CVar [[con.DebugEarlyDefault:1]]
LogConfig: Setting CVar [[r.setres:1280x720]]
[2020.05.27-02.53.32:687][  0]LogConfig: Setting CVar [[r.VSync:0]]
[2020.05.27-02.53.32:687][  0]LogConfig: Setting CVar [[r.RHICmdBypass:0]]
[2020.05.27-02.53.32:687][  0]LogConfig: Applying CVar settings from Section [/Script/Engine.RendererSettings] File [D:/Escritorio/6 Semestre/diseño web/unigithub/Wolfgang/DAROOM/DAROOM/DAROOM/DAROOM/Saved/Config/Windows/Engine.ini]
[2020.05.27-02.53.32:687][  0]LogConfig: Setting CVar [[r.GPUCrashDebugging:0]]
[2020.05.27-02.53.32:687][  0]LogConfig: Applying CVar settings from Section [/Script/Engine.RendererOverrideSettings] File [D:/Escritorio/6 Semestre/diseño web/unigithub/Wolfgang/DAROOM/DAROOM/DAROOM/DAROOM/Saved/Config/Windows/Engine.ini]
[2020.05.27-02.53.32:687][  0]LogConfig: Applying CVar settings from Section [/Script/Engine.StreamingSettings] File [D:/Escritorio/6 Semestre/diseño web/unigithub/Wolfgang/DAROOM/DAROOM/DAROOM/DAROOM/Saved/Config/Windows/Engine.ini]
[2020.05.27-02.53.32:687][  0]LogConfig: Setting CVar [[s.MinBulkDataSizeForAsyncLoading:131072]]
[2020.05.27-02.53.32:687][  0]LogConfig: Setting CVar [[s.AsyncLoadingThreadEnabled:0]]
[2020.05.27-02.53.32:687][  0]LogConfig: Setting CVar [[s.EventDrivenLoaderEnabled:1]]
[2020.05.27-02.53.32:687][  0]LogConfig: Setting CVar [[s.WarnIfTimeLimitExceeded:0]]
[2020.05.27-02.53.32:687][  0]LogConfig: Setting CVar [[s.TimeLimitExceededMultiplier:1.5]]
[2020.05.27-02.53.32:687][  0]LogConfig: Setting CVar [[s.TimeLimitExceededMinTime:0.005]]
[2020.05.27-02.53.32:688][  0]LogConfig: Setting CVar [[s.UseBackgroundLevelStreaming:1]]
[2020.05.27-02.53.32:688][  0]LogConfig: Setting CVar [[s.PriorityAsyncLoadingExtraTime:15.0]]
[2020.05.27-02.53.32:688][  0]LogConfig: Setting CVar [[s.LevelStreamingActorsUpdateTimeLimit:5.0]]
[2020.05.27-02.53.32:688][  0]LogConfig: Setting CVar [[s.PriorityLevelStreamingActorsUpdateExtraTime:5.0]]
[2020.05.27-02.53.32:688][  0]LogConfig: Setting CVar [[s.LevelStreamingComponentsRegistrationGranularity:10]]
[2020.05.27-02.53.32:688][  0]LogConfig: Setting CVar [[s.UnregisterComponentsTimeLimit:1.0]]
[2020.05.27-02.53.32:688][  0]LogConfig: Setting CVar [[s.LevelStreamingComponentsUnregistrationGranularity:5]]
[2020.05.27-02.53.32:688][  0]LogConfig: Setting CVar [[s.FlushStreamingOnExit:1]]
[2020.05.27-02.53.32:688][  0]LogConfig: Applying CVar settings from Section [/Script/Engine.GarbageCollectionSettings] File [D:/Escritorio/6 Semestre/diseño web/unigithub/Wolfgang/DAROOM/DAROOM/DAROOM/DAROOM/Saved/Config/Windows/Engine.ini]
[2020.05.27-02.53.32:688][  0]LogConfig: Setting CVar [[gc.MaxObjectsNotConsideredByGC:1]]
[2020.05.27-02.53.32:688][  0]LogConfig: Setting CVar [[gc.SizeOfPermanentObjectPool:0]]
[2020.05.27-02.53.32:688][  0]LogConfig: Setting CVar [[gc.FlushStreamingOnGC:0]]
[2020.05.27-02.53.32:688][  0]LogConfig: Setting CVar [[gc.NumRetriesBeforeForcingGC:10]]
[2020.05.27-02.53.32:688][  0]LogConfig: Setting CVar [[gc.AllowParallelGC:1]]
[2020.05.27-02.53.32:688][  0]LogConfig: Setting CVar [[gc.TimeBetweenPurgingPendingKillObjects:61.1]]
[2020.05.27-02.53.32:688][  0]LogConfig: Setting CVar [[gc.MaxObjectsInEditor:25165824]]
[2020.05.27-02.53.32:688][  0]LogConfig: Setting CVar [[gc.IncrementalBeginDestroyEnabled:1]]
[2020.05.27-02.53.32:688][  0]LogConfig: Setting CVar [[gc.CreateGCClusters:1]]
[2020.05.27-02.53.32:688][  0]LogConfig: Setting CVar [[gc.MinGCClusterSize:5]]
[2020.05.27-02.53.32:688][  0]LogConfig: Setting CVar [[gc.ActorClusteringEnabled:0]]
[2020.05.27-02.53.32:688][  0]LogConfig: Setting CVar [[gc.BlueprintClusteringEnabled:0]]
[2020.05.27-02.53.32:688][  0]LogConfig: Setting CVar [[gc.UseDisregardForGCOnDedicatedServers:0]]
[2020.05.27-02.53.32:688][  0]LogConfig: Applying CVar settings from Section [/Script/Engine.NetworkSettings] File [D:/Escritorio/6 Semestre/diseño web/unigithub/Wolfgang/DAROOM/DAROOM/DAROOM/DAROOM/Saved/Config/Windows/Engine.ini]
[2020.05.27-02.53.32:688][  0]LogConfig: Applying CVar settings from Section [/Script/UnrealEd.CookerSettings] File [D:/Escritorio/6 Semestre/diseño web/unigithub/Wolfgang/DAROOM/DAROOM/DAROOM/DAROOM/Saved/Config/Windows/Engine.ini]
[2020.05.27-02.53.32:696][  0]LogConfig: Applying CVar settings from Section [ViewDistanceQuality@3] File [D:/Escritorio/6 Semestre/diseño web/unigithub/Wolfgang/DAROOM/DAROOM/DAROOM/DAROOM/Saved/Config/Windows/Scalability.ini]
[2020.05.27-02.53.32:697][  0]LogConfig: Setting CVar [[r.SkeletalMeshLODBias:0]]
[2020.05.27-02.53.32:697][  0]LogConfig: Setting CVar [[r.ViewDistanceScale:1.0]]
[2020.05.27-02.53.32:697][  0]LogConfig: Applying CVar settings from Section [AntiAliasingQuality@3] File [D:/Escritorio/6 Semestre/diseño web/unigithub/Wolfgang/DAROOM/DAROOM/DAROOM/DAROOM/Saved/Config/Windows/Scalability.ini]
[2020.05.27-02.53.32:697][  0]LogConfig: Setting CVar [[r.PostProcessAAQuality:4]]
[2020.05.27-02.53.32:697][  0]LogConfig: Applying CVar settings from Section [ShadowQuality@3] File [D:/Escritorio/6 Semestre/diseño web/unigithub/Wolfgang/DAROOM/DAROOM/DAROOM/DAROOM/Saved/Config/Windows/Scalability.ini]
[2020.05.27-02.53.32:697][  0]LogConfig: Setting CVar [[r.LightFunctionQuality:1]]
[2020.05.27-02.53.32:697][  0]LogConfig: Setting CVar [[r.ShadowQuality:5]]
[2020.05.27-02.53.32:697][  0]LogConfig: Setting CVar [[r.Shadow.CSM.MaxCascades:10]]
[2020.05.27-02.53.32:697][  0]LogConfig: Setting CVar [[r.Shadow.MaxResolution:2048]]
[2020.05.27-02.53.32:697][  0]LogConfig: Setting CVar [[r.Shadow.MaxCSMResolution:2048]]
[2020.05.27-02.53.32:697][  0]LogConfig: Setting CVar [[r.Shadow.RadiusThreshold:0.01]]
[2020.05.27-02.53.32:697][  0]LogConfig: Setting CVar [[r.Shadow.DistanceScale:1.0]]
[2020.05.27-02.53.32:697][  0]LogConfig: Setting CVar [[r.Shadow.CSM.TransitionScale:1.0]]
[2020.05.27-02.53.32:697][  0]LogConfig: Setting CVar [[r.Shadow.PreShadowResolutionFactor:1.0]]
[2020.05.27-02.53.32:697][  0]LogConfig: Setting CVar [[r.DistanceFieldShadowing:1]]
[2020.05.27-02.53.32:697][  0]LogConfig: Setting CVar [[r.DistanceFieldAO:1]]
[2020.05.27-02.53.32:697][  0]LogConfig: Setting CVar [[r.AOQuality:2]]
[2020.05.27-02.53.32:697][  0]LogConfig: Setting CVar [[r.VolumetricFog:1]]
[2020.05.27-02.53.32:697][  0]LogConfig: Setting CVar [[r.VolumetricFog.GridPixelSize:8]]
[2020.05.27-02.53.32:697][  0]LogConfig: Setting CVar [[r.VolumetricFog.GridSizeZ:128]]
[2020.05.27-02.53.32:697][  0]LogConfig: Setting CVar [[r.VolumetricFog.HistoryMissSupersampleCount:4]]
[2020.05.27-02.53.32:697][  0]LogConfig: Setting CVar [[r.LightMaxDrawDistanceScale:1]]
[2020.05.27-02.53.32:697][  0]LogConfig: Setting CVar [[r.CapsuleShadows:1]]
[2020.05.27-02.53.32:697][  0]LogConfig: Applying CVar settings from Section [PostProcessQuality@3] File [D:/Escritorio/6 Semestre/diseño web/unigithub/Wolfgang/DAROOM/DAROOM/DAROOM/DAROOM/Saved/Config/Windows/Scalability.ini]
[2020.05.27-02.53.32:697][  0]LogConfig: Setting CVar [[r.MotionBlurQuality:4]]
[2020.05.27-02.53.32:697][  0]LogConfig: Setting CVar [[r.AmbientOcclusionMipLevelFactor:0.4]]
[2020.05.27-02.53.32:697][  0]LogConfig: Setting CVar [[r.AmbientOcclusionMaxQuality:100]]
[2020.05.27-02.53.32:697][  0]LogConfig: Setting CVar [[r.AmbientOcclusionLevels:-1]]
[2020.05.27-02.53.32:697][  0]LogConfig: Setting CVar [[r.AmbientOcclusionRadiusScale:1.0]]
[2020.05.27-02.53.32:697][  0]LogConfig: Setting CVar [[r.DepthOfFieldQuality:2]]
[2020.05.27-02.53.32:697][  0]LogConfig: Setting CVar [[r.RenderTargetPoolMin:400]]
[2020.05.27-02.53.32:697][  0]LogConfig: Setting CVar [[r.LensFlareQuality:2]]
[2020.05.27-02.53.32:697][  0]LogConfig: Setting CVar [[r.SceneColorFringeQuality:1]]
[2020.05.27-02.53.32:697][  0]LogConfig: Setting CVar [[r.EyeAdaptationQuality:2]]
[2020.05.27-02.53.32:697][  0]LogConfig: Setting CVar [[r.BloomQuality:5]]
[2020.05.27-02.53.32:697][  0]LogConfig: Setting CVar [[r.FastBlurThreshold:100]]
[2020.05.27-02.53.32:697][  0]LogConfig: Setting CVar [[r.Upscale.Quality:3]]
[2020.05.27-02.53.32:697][  0]LogConfig: Setting CVar [[r.Tonemapper.GrainQuantization:1]]
[2020.05.27-02.53.32:697][  0]LogConfig: Setting CVar [[r.LightShaftQuality:1]]
[2020.05.27-02.53.32:697][  0]LogConfig: Setting CVar [[r.Filter.SizeScale:1]]
[2020.05.27-02.53.32:697][  0]LogConfig: Setting CVar [[r.Tonemapper.Quality:5]]
[2020.05.27-02.53.32:697][  0]LogConfig: Setting CVar [[r.DOF.Gather.AccumulatorQuality:1        ; higher gathering accumulator quality]]
[2020.05.27-02.53.32:698][  0]LogConfig: Setting CVar [[r.DOF.Gather.PostfilterMethod:1          ; Median3x3 postfilering method]]
[2020.05.27-02.53.32:698][  0]LogConfig: Setting CVar [[r.DOF.Gather.EnableBokehSettings:0       ; no bokeh simulation when gathering]]
[2020.05.27-02.53.32:698][  0]LogConfig: Setting CVar [[r.DOF.Gather.RingCount:4                 ; medium number of samples when gathering]]
[2020.05.27-02.53.32:698][  0]LogConfig: Setting CVar [[r.DOF.Scatter.ForegroundCompositing:1    ; additive foreground scattering]]
[2020.05.27-02.53.32:698][  0]LogConfig: Setting CVar [[r.DOF.Scatter.BackgroundCompositing:2    ; additive background scattering]]
[2020.05.27-02.53.32:698][  0]LogConfig: Setting CVar [[r.DOF.Scatter.EnableBokehSettings:1      ; bokeh simulation when scattering]]
[2020.05.27-02.53.32:698][  0]LogConfig: Setting CVar [[r.DOF.Scatter.MaxSpriteRatio:0.1         ; only a maximum of 10% of scattered bokeh]]
[2020.05.27-02.53.32:698][  0]LogConfig: Setting CVar [[r.DOF.Recombine.Quality:1                ; cheap slight out of focus]]
[2020.05.27-02.53.32:698][  0]LogConfig: Setting CVar [[r.DOF.Recombine.EnableBokehSettings:0    ; no bokeh simulation on slight out of focus]]
[2020.05.27-02.53.32:698][  0]LogConfig: Setting CVar [[r.DOF.TemporalAAQuality:1                ; more stable temporal accumulation]]
[2020.05.27-02.53.32:698][  0]LogConfig: Setting CVar [[r.DOF.Kernel.MaxForegroundRadius:0.025]]
[2020.05.27-02.53.32:698][  0]LogConfig: Setting CVar [[r.DOF.Kernel.MaxBackgroundRadius:0.025]]
[2020.05.27-02.53.32:698][  0]LogConfig: Applying CVar settings from Section [TextureQuality@3] File [D:/Escritorio/6 Semestre/diseño web/unigithub/Wolfgang/DAROOM/DAROOM/DAROOM/DAROOM/Saved/Config/Windows/Scalability.ini]
[2020.05.27-02.53.32:698][  0]LogConfig: Setting CVar [[r.Streaming.MipBias:0]]
[2020.05.27-02.53.32:698][  0]LogConfig: Setting CVar [[r.Streaming.AmortizeCPUToGPUCopy:0]]
[2020.05.27-02.53.32:698][  0]LogConfig: Setting CVar [[r.Streaming.MaxNumTexturesToStreamPerFrame:0]]
[2020.05.27-02.53.32:698][  0]LogConfig: Setting CVar [[r.Streaming.Boost:1]]
[2020.05.27-02.53.32:698][  0]LogConfig: Setting CVar [[r.MaxAnisotropy:8]]
[2020.05.27-02.53.32:698][  0]LogConfig: Setting CVar [[r.VT.MaxAnisotropy:8]]
[2020.05.27-02.53.32:698][  0]LogConfig: Setting CVar [[r.Streaming.LimitPoolSizeToVRAM:0]]
[2020.05.27-02.53.32:698][  0]LogConfig: Setting CVar [[r.Streaming.PoolSize:1000]]
[2020.05.27-02.53.32:698][  0]LogConfig: Setting CVar [[r.Streaming.MaxEffectiveScreenSize:0]]
[2020.05.27-02.53.32:698][  0]LogConfig: Applying CVar settings from Section [EffectsQuality@3] File [D:/Escritorio/6 Semestre/diseño web/unigithub/Wolfgang/DAROOM/DAROOM/DAROOM/DAROOM/Saved/Config/Windows/Scalability.ini]
[2020.05.27-02.53.32:698][  0]LogConfig: Setting CVar [[r.TranslucencyLightingVolumeDim:64]]
[2020.05.27-02.53.32:698][  0]LogConfig: Setting CVar [[r.RefractionQuality:2]]
[2020.05.27-02.53.32:698][  0]LogConfig: Setting CVar [[r.SSR.Quality:3]]
[2020.05.27-02.53.32:698][  0]LogConfig: Setting CVar [[r.SSR.HalfResSceneColor:0]]
[2020.05.27-02.53.32:698][  0]LogConfig: Setting CVar [[r.SceneColorFormat:4]]
[2020.05.27-02.53.32:699][  0]LogConfig: Setting CVar [[r.DetailMode:2]]
[2020.05.27-02.53.32:699][  0]LogConfig: Setting CVar [[r.TranslucencyVolumeBlur:1]]
[2020.05.27-02.53.32:699][  0]LogConfig: Setting CVar [[r.MaterialQualityLevel:1 ; High quality]]
[2020.05.27-02.53.32:699][  0]LogConfig: Setting CVar [[r.SSS.Scale:1]]
[2020.05.27-02.53.32:699][  0]LogConfig: Setting CVar [[r.SSS.SampleSet:2]]
[2020.05.27-02.53.32:699][  0]LogConfig: Setting CVar [[r.SSS.Quality:1]]
[2020.05.27-02.53.32:699][  0]LogConfig: Setting CVar [[r.SSS.HalfRes:1]]
[2020.05.27-02.53.32:699][  0]LogConfig: Setting CVar [[r.SSGI.Quality:3]]
[2020.05.27-02.53.32:699][  0]LogConfig: Setting CVar [[r.EmitterSpawnRateScale:1.0]]
[2020.05.27-02.53.32:699][  0]LogConfig: Setting CVar [[r.ParticleLightQuality:2]]
[2020.05.27-02.53.32:699][  0]LogConfig: Setting CVar [[r.SkyAtmosphere.AerialPerspectiveLUT.FastApplyOnOpaque:1 ; Always have FastSkyLUT 1 in this case to avoid wrong sky]]
[2020.05.27-02.53.32:699][  0]LogConfig: Setting CVar [[r.SkyAtmosphere.AerialPerspectiveLUT.SampleCountPerSlice:1]]
[2020.05.27-02.53.32:699][  0]LogConfig: Setting CVar [[r.SkyAtmosphere.AerialPerspectiveLUT.DepthResolution:16.0]]
[2020.05.27-02.53.32:699][  0]LogConfig: Setting CVar [[r.SkyAtmosphere.FastSkyLUT:1]]
[2020.05.27-02.53.32:699][  0]LogConfig: Setting CVar [[r.SkyAtmosphere.FastSkyLUT.SampleCountMin:4.0]]
[2020.05.27-02.53.32:699][  0]LogConfig: Setting CVar [[r.SkyAtmosphere.FastSkyLUT.SampleCountMax:32.0]]
[2020.05.27-02.53.32:699][  0]LogConfig: Setting CVar [[r.SkyAtmosphere.SampleCountMin:4.0]]
[2020.05.27-02.53.32:699][  0]LogConfig: Setting CVar [[r.SkyAtmosphere.SampleCountMax:32.0]]
[2020.05.27-02.53.32:699][  0]LogConfig: Setting CVar [[r.SkyAtmosphere.TransmittanceLUT.UseSmallFormat:0]]
[2020.05.27-02.53.32:699][  0]LogConfig: Setting CVar [[r.SkyAtmosphere.TransmittanceLUT.SampleCount:10.0]]
[2020.05.27-02.53.32:699][  0]LogConfig: Setting CVar [[r.SkyAtmosphere.MultiScatteringLUT.SampleCount:15.0]]
[2020.05.27-02.53.32:699][  0]LogConfig: Applying CVar settings from Section [FoliageQuality@3] File [D:/Escritorio/6 Semestre/diseño web/unigithub/Wolfgang/DAROOM/DAROOM/DAROOM/DAROOM/Saved/Config/Windows/Scalability.ini]
[2020.05.27-02.53.32:699][  0]LogConfig: Setting CVar [[foliage.DensityScale:1.0]]
[2020.05.27-02.53.32:699][  0]LogConfig: Setting CVar [[grass.DensityScale:1.0]]
[2020.05.27-02.53.32:699][  0]LogConfig: Applying CVar settings from Section [ShadingQuality@3] File [D:/Escritorio/6 Semestre/diseño web/unigithub/Wolfgang/DAROOM/DAROOM/DAROOM/DAROOM/Saved/Config/Windows/Scalability.ini]
[2020.05.27-02.53.32:699][  0]LogConfig: Setting CVar [[r.HairStrands.SkyLighting.SampleCount:16]]
[2020.05.27-02.53.32:699][  0]LogConfig: Setting CVar [[r.HairStrands.SkyLighting.JitterIntegration:0]]
[2020.05.27-02.53.32:699][  0]LogConfig: Setting CVar [[r.HairStrands.SkyAO.SampleCount:16]]
[2020.05.27-02.53.32:700][  0]LogInit: Selected Device Profile: [Windows]
[2020.05.27-02.53.32:700][  0]LogInit: Applying CVar settings loaded from the selected device profile: [Windows]
[2020.05.27-02.53.32:705][  0]LogHAL: Display: Platform has ~ 24 GB [25440763904 / 34359738368 / 24], which maps to Larger [LargestMinGB=32, LargerMinGB=12, DefaultMinGB=8, SmallerMinGB=6, SmallestMinGB=0)
[2020.05.27-02.53.32:705][  0]LogInit: Going up to parent DeviceProfile []
[2020.05.27-02.53.32:705][  0]LogConfig: Applying CVar settings from Section [ViewDistanceQuality@2] File [D:/Escritorio/6 Semestre/diseño web/unigithub/Wolfgang/DAROOM/DAROOM/DAROOM/DAROOM/Saved/Config/Windows/Scalability.ini]
[2020.05.27-02.53.32:705][  0]LogConfig: Setting CVar [[r.SkeletalMeshLODBias:0]]
[2020.05.27-02.53.32:705][  0]LogConfig: Setting CVar [[r.ViewDistanceScale:0.8]]
[2020.05.27-02.53.32:705][  0]LogConfig: Applying CVar settings from Section [AntiAliasingQuality@2] File [D:/Escritorio/6 Semestre/diseño web/unigithub/Wolfgang/DAROOM/DAROOM/DAROOM/DAROOM/Saved/Config/Windows/Scalability.ini]
[2020.05.27-02.53.32:705][  0]LogConfig: Setting CVar [[r.PostProcessAAQuality:3]]
[2020.05.27-02.53.32:705][  0]LogConfig: Applying CVar settings from Section [ShadowQuality@2] File [D:/Escritorio/6 Semestre/diseño web/unigithub/Wolfgang/DAROOM/DAROOM/DAROOM/DAROOM/Saved/Config/Windows/Scalability.ini]
[2020.05.27-02.53.32:705][  0]LogConfig: Setting CVar [[r.LightFunctionQuality:1]]
[2020.05.27-02.53.32:705][  0]LogConfig: Setting CVar [[r.ShadowQuality:5]]
[2020.05.27-02.53.32:705][  0]LogConfig: Setting CVar [[r.Shadow.CSM.MaxCascades:4]]
[2020.05.27-02.53.32:705][  0]LogConfig: Setting CVar [[r.Shadow.MaxResolution:1024]]
[2020.05.27-02.53.32:706][  0]LogConfig: Setting CVar [[r.Shadow.MaxCSMResolution:2048]]
[2020.05.27-02.53.32:706][  0]LogConfig: Setting CVar [[r.Shadow.RadiusThreshold:0.04]]
[2020.05.27-02.53.32:706][  0]LogConfig: Setting CVar [[r.Shadow.DistanceScale:0.85]]
[2020.05.27-02.53.32:706][  0]LogConfig: Setting CVar [[r.Shadow.CSM.TransitionScale:0.8]]
[2020.05.27-02.53.32:706][  0]LogConfig: Setting CVar [[r.Shadow.PreShadowResolutionFactor:0.5]]
[2020.05.27-02.53.32:706][  0]LogConfig: Setting CVar [[r.DistanceFieldShadowing:1]]
[2020.05.27-02.53.32:706][  0]LogConfig: Setting CVar [[r.DistanceFieldAO:1]]
[2020.05.27-02.53.32:706][  0]LogConfig: Setting CVar [[r.AOQuality:1]]
[2020.05.27-02.53.32:706][  0]LogConfig: Setting CVar [[r.VolumetricFog:1]]
[2020.05.27-02.53.32:706][  0]LogConfig: Setting CVar [[r.VolumetricFog.GridPixelSize:16]]
[2020.05.27-02.53.32:706][  0]LogConfig: Setting CVar [[r.VolumetricFog.GridSizeZ:64]]
[2020.05.27-02.53.32:706][  0]LogConfig: Setting CVar [[r.VolumetricFog.HistoryMissSupersampleCount:4]]
[2020.05.27-02.53.32:706][  0]LogConfig: Setting CVar [[r.LightMaxDrawDistanceScale:1]]
[2020.05.27-02.53.32:706][  0]LogConfig: Setting CVar [[r.CapsuleShadows:1]]
[2020.05.27-02.53.32:706][  0]LogConfig: Applying CVar settings from Section [PostProcessQuality@2] File [D:/Escritorio/6 Semestre/diseño web/unigithub/Wolfgang/DAROOM/DAROOM/DAROOM/DAROOM/Saved/Config/Windows/Scalability.ini]
[2020.05.27-02.53.32:706][  0]LogConfig: Setting CVar [[r.MotionBlurQuality:3]]
[2020.05.27-02.53.32:706][  0]LogConfig: Setting CVar [[r.AmbientOcclusionMipLevelFactor:0.6]]
[2020.05.27-02.53.32:706][  0]LogConfig: Setting CVar [[r.AmbientOcclusionMaxQuality:100]]
[2020.05.27-02.53.32:706][  0]LogConfig: Setting CVar [[r.AmbientOcclusionLevels:-1]]
[2020.05.27-02.53.32:706][  0]LogConfig: Setting CVar [[r.AmbientOcclusionRadiusScale:1.5]]
[2020.05.27-02.53.32:706][  0]LogConfig: Setting CVar [[r.DepthOfFieldQuality:2]]
[2020.05.27-02.53.32:706][  0]LogConfig: Setting CVar [[r.RenderTargetPoolMin:400]]
[2020.05.27-02.53.32:706][  0]LogConfig: Setting CVar [[r.LensFlareQuality:2]]
[2020.05.27-02.53.32:706][  0]LogConfig: Setting CVar [[r.SceneColorFringeQuality:1]]
[2020.05.27-02.53.32:706][  0]LogConfig: Setting CVar [[r.EyeAdaptationQuality:2]]
[2020.05.27-02.53.32:706][  0]LogConfig: Setting CVar [[r.BloomQuality:5]]
[2020.05.27-02.53.32:706][  0]LogConfig: Setting CVar [[r.FastBlurThreshold:3]]
[2020.05.27-02.53.32:706][  0]LogConfig: Setting CVar [[r.Upscale.Quality:2]]
[2020.05.27-02.53.32:706][  0]LogConfig: Setting CVar [[r.Tonemapper.GrainQuantization:1]]
[2020.05.27-02.53.32:706][  0]LogConfig: Setting CVar [[r.LightShaftQuality:1]]
[2020.05.27-02.53.32:706][  0]LogConfig: Setting CVar [[r.Filter.SizeScale:0.8]]
[2020.05.27-02.53.32:706][  0]LogConfig: Setting CVar [[r.Tonemapper.Quality:5]]
[2020.05.27-02.53.32:706][  0]LogConfig: Setting CVar [[r.DOF.Gather.AccumulatorQuality:0        ; lower gathering accumulator quality]]
[2020.05.27-02.53.32:706][  0]LogConfig: Setting CVar [[r.DOF.Gather.PostfilterMethod:2          ; Max3x3 postfilering method]]
[2020.05.27-02.53.32:706][  0]LogConfig: Setting CVar [[r.DOF.Gather.EnableBokehSettings:0       ; no bokeh simulation when gathering]]
[2020.05.27-02.53.32:706][  0]LogConfig: Setting CVar [[r.DOF.Gather.RingCount:4                 ; medium number of samples when gathering]]
[2020.05.27-02.53.32:706][  0]LogConfig: Setting CVar [[r.DOF.Scatter.ForegroundCompositing:1    ; additive foreground scattering]]
[2020.05.27-02.53.32:706][  0]LogConfig: Setting CVar [[r.DOF.Scatter.BackgroundCompositing:1    ; no background occlusion]]
[2020.05.27-02.53.32:706][  0]LogConfig: Setting CVar [[r.DOF.Scatter.EnableBokehSettings:0      ; no bokeh simulation when scattering]]
[2020.05.27-02.53.32:706][  0]LogConfig: Setting CVar [[r.DOF.Scatter.MaxSpriteRatio:0.04        ; only a maximum of 4% of scattered bokeh]]
[2020.05.27-02.53.32:706][  0]LogConfig: Setting CVar [[r.DOF.Recombine.Quality:0                ; no slight out of focus]]
[2020.05.27-02.53.32:706][  0]LogConfig: Setting CVar [[r.DOF.TemporalAAQuality:0                ; faster temporal accumulation]]
[2020.05.27-02.53.32:707][  0]LogConfig: Setting CVar [[r.DOF.Kernel.MaxForegroundRadius:0.012   ; required because of AccumulatorQuality=0]]
[2020.05.27-02.53.32:707][  0]LogConfig: Setting CVar [[r.DOF.Kernel.MaxBackgroundRadius:0.012   ; required because of AccumulatorQuality=0]]
[2020.05.27-02.53.32:707][  0]LogConfig: Applying CVar settings from Section [TextureQuality@2] File [D:/Escritorio/6 Semestre/diseño web/unigithub/Wolfgang/DAROOM/DAROOM/DAROOM/DAROOM/Saved/Config/Windows/Scalability.ini]
[2020.05.27-02.53.32:707][  0]LogConfig: Setting CVar [[r.Streaming.MipBias:0]]
[2020.05.27-02.53.32:707][  0]LogConfig: Setting CVar [[r.Streaming.AmortizeCPUToGPUCopy:0]]
[2020.05.27-02.53.32:707][  0]LogConfig: Setting CVar [[r.Streaming.MaxNumTexturesToStreamPerFrame:0]]
[2020.05.27-02.53.32:707][  0]LogConfig: Setting CVar [[r.Streaming.Boost:1]]
[2020.05.27-02.53.32:707][  0]LogConfig: Setting CVar [[r.MaxAnisotropy:4]]
[2020.05.27-02.53.32:707][  0]LogConfig: Setting CVar [[r.VT.MaxAnisotropy:8]]
[2020.05.27-02.53.32:707][  0]LogConfig: Setting CVar [[r.Streaming.LimitPoolSizeToVRAM:1]]
[2020.05.27-02.53.32:707][  0]LogConfig: Setting CVar [[r.Streaming.PoolSize:800]]
[2020.05.27-02.53.32:707][  0]LogConfig: Setting CVar [[r.Streaming.MaxEffectiveScreenSize:0]]
[2020.05.27-02.53.32:707][  0]LogConfig: Applying CVar settings from Section [EffectsQuality@2] File [D:/Escritorio/6 Semestre/diseño web/unigithub/Wolfgang/DAROOM/DAROOM/DAROOM/DAROOM/Saved/Config/Windows/Scalability.ini]
[2020.05.27-02.53.32:707][  0]LogConfig: Setting CVar [[r.TranslucencyLightingVolumeDim:48]]
[2020.05.27-02.53.32:707][  0]LogConfig: Setting CVar [[r.RefractionQuality:2]]
[2020.05.27-02.53.32:707][  0]LogConfig: Setting CVar [[r.SSR.Quality:2]]
[2020.05.27-02.53.32:707][  0]LogConfig: Setting CVar [[r.SSR.HalfResSceneColor:1]]
[2020.05.27-02.53.32:707][  0]LogConfig: Setting CVar [[r.SceneColorFormat:3]]
[2020.05.27-02.53.32:707][  0]LogConfig: Setting CVar [[r.DetailMode:1]]
[2020.05.27-02.53.32:707][  0]LogConfig: Setting CVar [[r.TranslucencyVolumeBlur:1]]
[2020.05.27-02.53.32:707][  0]LogConfig: Setting CVar [[r.MaterialQualityLevel:1 ; High quality]]
[2020.05.27-02.53.32:707][  0]LogConfig: Setting CVar [[r.SSS.Scale:1]]
[2020.05.27-02.53.32:707][  0]LogConfig: Setting CVar [[r.SSS.SampleSet:1]]
[2020.05.27-02.53.32:707][  0]LogConfig: Setting CVar [[r.SSS.Quality:-1]]
[2020.05.27-02.53.32:707][  0]LogConfig: Setting CVar [[r.SSS.HalfRes:1]]
[2020.05.27-02.53.32:707][  0]LogConfig: Setting CVar [[r.SSGI.Quality:2]]
[2020.05.27-02.53.32:707][  0]LogConfig: Setting CVar [[r.EmitterSpawnRateScale:0.5]]
[2020.05.27-02.53.32:707][  0]LogConfig: Setting CVar [[r.ParticleLightQuality:1]]
[2020.05.27-02.53.32:707][  0]LogConfig: Setting CVar [[r.SkyAtmosphere.AerialPerspectiveLUT.FastApplyOnOpaque:1 ; Always have FastSkyLUT 1 in this case to avoid wrong sky]]
[2020.05.27-02.53.32:707][  0]LogConfig: Setting CVar [[r.SkyAtmosphere.AerialPerspectiveLUT.SampleCountPerSlice:1]]
[2020.05.27-02.53.32:707][  0]LogConfig: Setting CVar [[r.SkyAtmosphere.AerialPerspectiveLUT.DepthResolution:16.0]]
[2020.05.27-02.53.32:707][  0]LogConfig: Setting CVar [[r.SkyAtmosphere.FastSkyLUT:1]]
[2020.05.27-02.53.32:707][  0]LogConfig: Setting CVar [[r.SkyAtmosphere.FastSkyLUT.SampleCountMin:4.0]]
[2020.05.27-02.53.32:707][  0]LogConfig: Setting CVar [[r.SkyAtmosphere.FastSkyLUT.SampleCountMax:32.0]]
[2020.05.27-02.53.32:707][  0]LogConfig: Setting CVar [[r.SkyAtmosphere.SampleCountMin:4.0]]
[2020.05.27-02.53.32:707][  0]LogConfig: Setting CVar [[r.SkyAtmosphere.SampleCountMax:32.0]]
[2020.05.27-02.53.32:707][  0]LogConfig: Setting CVar [[r.SkyAtmosphere.TransmittanceLUT.UseSmallFormat:0]]
[2020.05.27-02.53.32:707][  0]LogConfig: Setting CVar [[r.SkyAtmosphere.TransmittanceLUT.SampleCount:10.0]]
[2020.05.27-02.53.32:707][  0]LogConfig: Setting CVar [[r.SkyAtmosphere.MultiScatteringLUT.SampleCount:15.0]]
[2020.05.27-02.53.32:707][  0]LogConfig: Applying CVar settings from Section [FoliageQuality@2] File [D:/Escritorio/6 Semestre/diseño web/unigithub/Wolfgang/DAROOM/DAROOM/DAROOM/DAROOM/Saved/Config/Windows/Scalability.ini]
[2020.05.27-02.53.32:707][  0]LogConfig: Setting CVar [[foliage.DensityScale:0.8]]
[2020.05.27-02.53.32:707][  0]LogConfig: Setting CVar [[grass.DensityScale:0.8]]
[2020.05.27-02.53.32:707][  0]LogConfig: Applying CVar settings from Section [ShadingQuality@2] File [D:/Escritorio/6 Semestre/diseño web/unigithub/Wolfgang/DAROOM/DAROOM/DAROOM/DAROOM/Saved/Config/Windows/Scalability.ini]
[2020.05.27-02.53.32:708][  0]LogConfig: Setting CVar [[r.HairStrands.SkyLighting.SampleCount:16]]
[2020.05.27-02.53.32:708][  0]LogConfig: Setting CVar [[r.HairStrands.SkyLighting.JitterIntegration:0]]
[2020.05.27-02.53.32:708][  0]LogConfig: Setting CVar [[r.HairStrands.SkyAO.SampleCount:16]]
[2020.05.27-02.53.32:708][  0]LogConfig: Applying CVar settings from Section [Startup] File [../../../Engine/Config/ConsoleVariables.ini]
[2020.05.27-02.53.32:708][  0]LogConfig: Setting CVar [[net.UseAdaptiveNetUpdateFrequency:0]]
[2020.05.27-02.53.32:708][  0]LogConfig: Setting CVar [[p.chaos.AllowCreatePhysxBodies:1]]
[2020.05.27-02.53.32:708][  0]LogConfig: Applying CVar settings from Section [ConsoleVariables] File [D:/Escritorio/6 Semestre/diseño web/unigithub/Wolfgang/DAROOM/DAROOM/DAROOM/DAROOM/Saved/Config/Windows/Engine.ini]
[2020.05.27-02.53.32:709][  0]LogInit: Computer: WOLFGANG
[2020.05.27-02.53.32:709][  0]LogInit: User: YanVillalobos
[2020.05.27-02.53.32:709][  0]LogInit: CPU Page size=4096, Cores=4
[2020.05.27-02.53.32:709][  0]LogInit: High frequency timer resolution =10.000000 MHz
[2020.05.27-02.53.32:709][  0]LogMemory: Memory total: Physical=23.7GB (24GB approx)
[2020.05.27-02.53.32:709][  0]LogMemory: Platform Memory Stats for Windows
[2020.05.27-02.53.32:709][  0]LogMemory: Process Physical Memory: 106.16 MB used, 106.16 MB peak
[2020.05.27-02.53.32:709][  0]LogMemory: Process Virtual Memory: 100.72 MB used, 100.72 MB peak
[2020.05.27-02.53.32:709][  0]LogMemory: Physical Memory: 9451.48 MB used,  14810.72 MB free, 24262.20 MB total
[2020.05.27-02.53.32:709][  0]LogMemory: Virtual Memory: 5138.60 MB used,  134212592.00 MB free, 134217728.00 MB total
[2020.05.27-02.53.32:717][  0]LogWindows: WindowsPlatformFeatures enabled
[2020.05.27-02.53.32:780][  0]LogInit: Overriding language with editor language configuration option (en).
[2020.05.27-02.53.32:780][  0]LogInit: Overriding locale with editor culture configuration option ().
[2020.05.27-02.53.32:780][  0]LogInit: Using OS detected locale (es-MX).
[2020.05.27-02.53.33:046][  0]LogInit: Setting process to per monitor DPI aware
[2020.05.27-02.53.33:124][  0]LogSlate: New Slate User Created.  User Index 0, Is Virtual User: 0
[2020.05.27-02.53.33:124][  0]LogSlate: Slate User Registered.  User Index 0, Is Virtual User: 0
[2020.05.27-02.53.35:416][  0]LogHMD: Failed to initialize OpenVR with code 108
[2020.05.27-02.53.35:416][  0]LogD3D11RHI: D3D11 min allowed feature level: 11_0
[2020.05.27-02.53.35:416][  0]LogD3D11RHI: D3D11 max allowed feature level: 11_0
[2020.05.27-02.53.35:416][  0]LogD3D11RHI: D3D11 adapters:
[2020.05.27-02.53.35:549][  0]LogD3D11RHI:    0. 'NVIDIA GeForce GTX 960M' (Feature Level 11_0)
[2020.05.27-02.53.35:549][  0]LogD3D11RHI:       4055/0/12131 MB DedicatedVideo/DedicatedSystem/SharedSystem, Outputs:2, VendorId:0x10de
[2020.05.27-02.53.35:690][  0]LogD3D11RHI:    1. 'Intel(R) HD Graphics 530' (Feature Level 11_0)
[2020.05.27-02.53.35:690][  0]LogD3D11RHI:       128/0/12131 MB DedicatedVideo/DedicatedSystem/SharedSystem, Outputs:0, VendorId:0x8086
[2020.05.27-02.53.35:697][  0]LogD3D11RHI:    2. 'Microsoft Basic Render Driver' (Feature Level 11_0)
[2020.05.27-02.53.35:697][  0]LogD3D11RHI:       0/0/12131 MB DedicatedVideo/DedicatedSystem/SharedSystem, Outputs:0, VendorId:0x1414
[2020.05.27-02.53.35:697][  0]LogD3D11RHI: Chosen D3D11 Adapter: 0
[2020.05.27-02.53.35:797][  0]LogD3D11RHI: Creating new Direct3DDevice
[2020.05.27-02.53.35:797][  0]LogD3D11RHI:     GPU DeviceId: 0x139b (for the marketing name, search the web for "GPU Device Id")
[2020.05.27-02.53.35:797][  0]LogWindows: EnumDisplayDevices:
[2020.05.27-02.53.35:797][  0]LogWindows:    0. 'Intel(R) HD Graphics 530' (P:0 D:1)
[2020.05.27-02.53.35:798][  0]LogWindows:    1. 'Intel(R) HD Graphics 530' (P:1 D:1)
[2020.05.27-02.53.35:799][  0]LogWindows:    2. 'Intel(R) HD Graphics 530' (P:0 D:0)
[2020.05.27-02.53.35:800][  0]LogWindows: DebugString: PrimaryIsNotTheChoosenAdapter PrimaryIsNotTheChoosenAdapter PrimaryIsNotTheChoosenAdapter FoundDriverCount:0 
[2020.05.27-02.53.35:800][  0]LogD3D11RHI:     Adapter Name: NVIDIA GeForce GTX 960M
[2020.05.27-02.53.35:800][  0]LogD3D11RHI:   Driver Version: Unknown (internal:Unknown, unified:Unknown)
[2020.05.27-02.53.35:800][  0]LogD3D11RHI:      Driver Date: Unknown
[2020.05.27-02.53.35:800][  0]LogRHI: Texture pool is 2839 MB (70% of 4055 MB)
[2020.05.27-02.53.35:884][  0]LogD3D11RHI: RHI has support for 64 bit atomics
[2020.05.27-02.53.35:885][  0]LogD3D11RHI: Async texture creation enabled
[2020.05.27-02.53.35:902][  0]LogD3D11RHI: GPU Timing Frequency: 1000.000000 (Debug: 2 1)
[2020.05.27-02.53.36:569][  0]LogTargetPlatformManager: Display: Loaded TargetPlatform 'AllDesktop'
[2020.05.27-02.53.36:626][  0]LogTargetPlatformManager: Display: Loaded TargetPlatform 'Android'
[2020.05.27-02.53.36:626][  0]LogTargetPlatformManager: Display: Loaded TargetPlatform 'Android_ASTC'
[2020.05.27-02.53.36:626][  0]LogTargetPlatformManager: Display: Loaded TargetPlatform 'Android_ATC'
[2020.05.27-02.53.36:626][  0]LogTargetPlatformManager: Display: Loaded TargetPlatform 'Android_DXT'
[2020.05.27-02.53.36:626][  0]LogTargetPlatformManager: Display: Loaded TargetPlatform 'Android_ETC1'
[2020.05.27-02.53.36:626][  0]LogTargetPlatformManager: Display: Loaded TargetPlatform 'Android_ETC1a'
[2020.05.27-02.53.36:626][  0]LogTargetPlatformManager: Display: Loaded TargetPlatform 'Android_ETC2'
[2020.05.27-02.53.36:626][  0]LogTargetPlatformManager: Display: Loaded TargetPlatform 'Android_PVRTC'
[2020.05.27-02.53.36:626][  0]LogTargetPlatformManager: Display: Loaded TargetPlatform 'AndroidClient'
[2020.05.27-02.53.36:626][  0]LogTargetPlatformManager: Display: Loaded TargetPlatform 'Android_ASTCClient'
[2020.05.27-02.53.36:626][  0]LogTargetPlatformManager: Display: Loaded TargetPlatform 'Android_ATCClient'
[2020.05.27-02.53.36:626][  0]LogTargetPlatformManager: Display: Loaded TargetPlatform 'Android_DXTClient'
[2020.05.27-02.53.36:626][  0]LogTargetPlatformManager: Display: Loaded TargetPlatform 'Android_ETC1Client'
[2020.05.27-02.53.36:626][  0]LogTargetPlatformManager: Display: Loaded TargetPlatform 'Android_ETC1aClient'
[2020.05.27-02.53.36:626][  0]LogTargetPlatformManager: Display: Loaded TargetPlatform 'Android_ETC2Client'
[2020.05.27-02.53.36:626][  0]LogTargetPlatformManager: Display: Loaded TargetPlatform 'Android_PVRTCClient'
[2020.05.27-02.53.36:626][  0]LogTargetPlatformManager: Display: Loaded TargetPlatform 'Android_Multi'
[2020.05.27-02.53.36:626][  0]LogTargetPlatformManager: Display: Loaded TargetPlatform 'Android_MultiClient'
[2020.05.27-02.53.36:652][  0]LogTargetPlatformManager: Display: Loaded TargetPlatform 'IOSClient'
[2020.05.27-02.53.36:652][  0]LogTargetPlatformManager: Display: Loaded TargetPlatform 'IOS'
[2020.05.27-02.53.36:663][  0]LogTargetPlatformManager: Display: Loaded TargetPlatform 'LinuxNoEditor'
[2020.05.27-02.53.36:672][  0]LogTargetPlatformManager: Display: Loaded TargetPlatform 'LinuxClient'
[2020.05.27-02.53.36:682][  0]LogTargetPlatformManager: Display: Loaded TargetPlatform 'LinuxServer'
[2020.05.27-02.53.36:693][  0]LogTargetPlatformManager: Display: Loaded TargetPlatform 'LinuxAArch64NoEditor'
[2020.05.27-02.53.36:705][  0]LogTargetPlatformManager: Display: Loaded TargetPlatform 'LinuxAArch64Client'
[2020.05.27-02.53.36:714][  0]LogTargetPlatformManager: Display: Loaded TargetPlatform 'LinuxAArch64Server'
[2020.05.27-02.53.36:752][  0]LogTargetPlatformManager: Display: Loaded TargetPlatform 'Lumin'
[2020.05.27-02.53.36:752][  0]LogTargetPlatformManager: Display: Loaded TargetPlatform 'LuminClient'
[2020.05.27-02.53.36:774][  0]LogTargetPlatformManager: Display: Loaded TargetPlatform 'TVOSClient'
[2020.05.27-02.53.36:774][  0]LogTargetPlatformManager: Display: Loaded TargetPlatform 'TVOS'
[2020.05.27-02.53.36:787][  0]LogTargetPlatformManager: Display: Loaded TargetPlatform 'WindowsNoEditor'
[2020.05.27-02.53.36:802][  0]LogTargetPlatformManager: Display: Loaded TargetPlatform 'Windows'
[2020.05.27-02.53.36:813][  0]LogTargetPlatformManager: Display: Loaded TargetPlatform 'WindowsClient'
[2020.05.27-02.53.36:824][  0]LogTargetPlatformManager: Display: Loaded TargetPlatform 'WindowsServer'
[2020.05.27-02.53.36:824][  0]LogTargetPlatformManager: Display: Building Assets For Windows
[2020.05.27-02.53.36:830][  0]LogAudioDebug: Display: Lib vorbis DLL was dynamically loaded.
[2020.05.27-02.53.36:870][  0]LogShaderCompilers: Guid format shader working directory is -74 characters bigger than the processId version (../../../../../../Escritorio/6 Semestre/diseño web/unigithub/Wolfgang/DAROOM/DAROOM/DAROOM/DAROOM/Intermediate/Shaders/WorkingDirectory/23020/).
[2020.05.27-02.53.36:871][  0]LogShaderCompilers: Cleaned the shader compiler working directory 'C:/temptest/UnrealShaderWorkingDir/AECE8C4F4D1BE18742AE89A96688714C/'.
[2020.05.27-02.53.36:872][  0]LogXGEController: Cleaning working directory: C:/temptest/UnrealXGEWorkingDir/
[2020.05.27-02.53.36:873][  0]LogXGEController: Cannot use XGE Controller as Incredibuild is not installed on this machine.
[2020.05.27-02.53.36:873][  0]LogShaderCompilers: Cannot use XGE Shader Compiler as Incredibuild is not installed on this machine.
[2020.05.27-02.53.36:873][  0]LogShaderCompilers: Display: Using Local Shader Compiler.
[2020.05.27-02.53.38:111][  0]LogDerivedDataCache: Display: Max Cache Size: 512 MB
[2020.05.27-02.53.38:188][  0]LogDerivedDataCache: Loaded boot cache 0.08s 78MB C:/Users/Yan Villalobos/AppData/Local/UnrealEngine/4.24/DerivedDataCache/Boot.ddc.
[2020.05.27-02.53.38:188][  0]LogDerivedDataCache: Display: Loaded Boot cache: C:/Users/Yan Villalobos/AppData/Local/UnrealEngine/4.24/DerivedDataCache/Boot.ddc
[2020.05.27-02.53.38:188][  0]LogDerivedDataCache: FDerivedDataBackendGraph:  Pak pak cache file ../../../../../../Escritorio/6 Semestre/diseño web/unigithub/Wolfgang/DAROOM/DAROOM/DAROOM/DAROOM/DerivedDataCache/DDC.ddp not found, will not use a pak cache.
[2020.05.27-02.53.38:188][  0]LogDerivedDataCache: Unable to find inner node Pak for hierarchical cache Hierarchy.
[2020.05.27-02.53.38:188][  0]LogDerivedDataCache: FDerivedDataBackendGraph:  CompressedPak pak cache file ../../../../../../Escritorio/6 Semestre/diseño web/unigithub/Wolfgang/DAROOM/DAROOM/DAROOM/DAROOM/DerivedDataCache/Compressed.ddp not found, will not use a pak cache.
[2020.05.27-02.53.38:188][  0]LogDerivedDataCache: Unable to find inner node CompressedPak for hierarchical cache Hierarchy.
[2020.05.27-02.53.38:202][  0]LogDerivedDataCache: Display: Pak cache opened for reading ../../../Engine/DerivedDataCache/Compressed.ddp.
[2020.05.27-02.53.38:202][  0]LogDerivedDataCache: FDerivedDataBackendGraph:  EnterprisePak pak cache file ../../../Enterprise/DerivedDataCache/Compressed.ddp not found, will not use a pak cache.
[2020.05.27-02.53.38:202][  0]LogDerivedDataCache: Unable to find inner node EnterprisePak for hierarchical cache Hierarchy.
[2020.05.27-02.53.38:205][  0]LogDerivedDataCache: Using Local data cache path C:/Users/Yan Villalobos/AppData/Local/UnrealEngine/Common/DerivedDataCache: Writable
[2020.05.27-02.53.38:205][  0]LogDerivedDataCache: Shared data cache path not found in *engine.ini, will not use an Shared cache.
[2020.05.27-02.53.38:205][  0]LogDerivedDataCache: Unable to find inner node Shared for hierarchical cache Hierarchy.
[2020.05.27-02.53.38:257][  0]LogMaterial: Verifying Global Shaders for PCD3D_SM5
[2020.05.27-02.53.38:261][  0]LogSlate: Using FreeType 2.10.0
[2020.05.27-02.53.38:263][  0]LogSlate: SlateFontServices - WITH_FREETYPE: 1, WITH_HARFBUZZ: 1
[2020.05.27-02.53.38:407][  0]LogAssetRegistry: FAssetRegistry took 0.0037 seconds to start up
[2020.05.27-02.53.38:889][  0]LogInit: Selected Device Profile: [Windows]
[2020.05.27-02.53.39:143][  0]LogMeshReduction: Using QuadricMeshReduction for automatic static mesh reduction
[2020.05.27-02.53.39:143][  0]LogMeshReduction: Using SimplygonMeshReduction for automatic skeletal mesh reduction
[2020.05.27-02.53.39:143][  0]LogMeshReduction: Using ProxyLODMeshReduction for automatic mesh merging
[2020.05.27-02.53.39:143][  0]LogMeshReduction: No distributed automatic mesh merging module available
[2020.05.27-02.53.39:143][  0]LogMeshMerging: No distributed automatic mesh merging module available
[2020.05.27-02.53.39:167][  0]LogNetVersion: DAROOM 1.0.0, NetCL: 10570792, EngineNetVer: 13, GameNetVer: 0 (Checksum: 2238005089)
[2020.05.27-02.53.41:489][  0]LogPackageLocalizationCache: Processed 12 localized package path(s) for 1 prioritized culture(s) in 0.070149 seconds
[2020.05.27-02.53.41:499][  0]LogUObjectArray: 46750 objects as part of root set at end of initial load.
[2020.05.27-02.53.41:499][  0]LogUObjectAllocator: 8137160 out of 0 bytes used by permanent object pool.
[2020.05.27-02.53.41:499][  0]LogUObjectArray: CloseDisregardForGC: 0/0 objects in disregard for GC pool
[2020.05.27-02.53.42:171][  0]LogSubstanceCoreModule: Substance [CPU] Engine Loaded, Max Texture Size = 2048
[2020.05.27-02.53.42:176][  0]LogTcpMessaging: Initializing TcpMessaging bridge
[2020.05.27-02.53.42:180][  0]LogUdpMessaging: Warning: Invalid UDP Messaging Static Endpoint '246-008-323:6666'
[2020.05.27-02.53.42:180][  0]LogUdpMessaging: Initializing bridge on interface 0.0.0.0:0 to multicast group 230.0.0.1:6666.
[2020.05.27-02.53.42:306][  0]SourceControl: Source control is disabled
[2020.05.27-02.53.43:703][  0]LogAndroidPermission: UAndroidPermissionCallbackProxy::GetInstance
[2020.05.27-02.53.43:721][  0]LogAudioCaptureCore: Display: No Audio Capture implementations found. Audio input will be silent.
[2020.05.27-02.53.43:721][  0]LogAudioCaptureCore: Display: No Audio Capture implementations found. Audio input will be silent.
[2020.05.27-02.53.43:928][  0]LogOcInput: OculusInput pre-init called
[2020.05.27-02.53.43:949][  0]LogWindows: Failed to load 'OVRPlugin.dll' (GetLastError=126)
[2020.05.27-02.53.43:949][  0]LogWindows: File 'OVRPlugin.dll' does not exist
[2020.05.27-02.53.44:213][  0]LogEngine: Initializing Engine...
[2020.05.27-02.53.44:326][  0]LogHMD: Failed to initialize OpenVR with code 108
[2020.05.27-02.53.44:327][  0]LogStats: UGameplayTagsManager::InitializeManager -  0.000 s
[2020.05.27-02.53.44:886][  0]LogInit: Initializing FReadOnlyCVARCache
[2020.05.27-02.53.44:898][  0]LogAIModule: Creating AISystem for world Untitled
[2020.05.27-02.53.44:928][  0]LogAudioMixer: Display: Audio Mixer Platform Settings:
[2020.05.27-02.53.44:928][  0]LogAudioMixer: Display: 	Sample Rate:						  48000
[2020.05.27-02.53.44:928][  0]LogAudioMixer: Display: 	Callback Buffer Frame Size Requested: 1024
[2020.05.27-02.53.44:929][  0]LogAudioMixer: Display: 	Callback Buffer Frame Size To Use:	  1024
[2020.05.27-02.53.44:929][  0]LogAudioMixer: Display: 	Number of buffers to queue:			  2
[2020.05.27-02.53.44:929][  0]LogAudioMixer: Display: 	Max Channels (voices):				  32
[2020.05.27-02.53.44:929][  0]LogAudioMixer: Display: 	Number of Async Source Workers:		  0
[2020.05.27-02.53.44:929][  0]LogAudio: Display: AudioDevice MaxSources: 32
[2020.05.27-02.53.44:930][  0]LogAudio: Display: Using built-in audio occlusion.
[2020.05.27-02.53.44:930][  0]LogAudioMixer: Display: Initializing audio mixer.
[2020.05.27-02.53.45:376][  0]LogAudioMixer: Display: Audio Device Output Speaker Info:
[2020.05.27-02.53.45:376][  0]LogAudioMixer: Display: Name: Altavoces / Auriculares (2- Realtek Audio)
[2020.05.27-02.53.45:376][  0]LogAudioMixer: Display: Is Default: Yes
[2020.05.27-02.53.45:376][  0]LogAudioMixer: Display: Sample Rate: 48000
[2020.05.27-02.53.45:376][  0]LogAudioMixer: Display: Channel Count Used: 2
[2020.05.27-02.53.45:376][  0]LogAudioMixer: Display: Device Channel Count: 2
[2020.05.27-02.53.45:376][  0]LogAudioMixer: Display: Channel Order:
[2020.05.27-02.53.45:376][  0]LogAudioMixer: Display: 0: FrontLeft
[2020.05.27-02.53.45:376][  0]LogAudioMixer: Display: 1: FrontRight
[2020.05.27-02.53.45:629][  0]LogAudioMixer: Display: Using Audio Device Altavoces / Auriculares (2- Realtek Audio)
[2020.05.27-02.53.45:637][  0]LogInit: FAudioDevice initialized.
[2020.05.27-02.53.45:638][  0]LogNetVersion: Set ProjectVersion to 1.0.0.0. Version Checksum will be recalculated on next use.
[2020.05.27-02.53.45:976][  0]LogDerivedDataCache: Saved boot cache 0.34s 78MB C:/Users/Yan Villalobos/AppData/Local/UnrealEngine/4.24/DerivedDataCache/Boot.ddc.
[2020.05.27-02.53.45:976][  0]LogInit: Texture streaming: Enabled
[2020.05.27-02.53.45:993][  0]LogEngineSessionManager: EngineSessionManager initialized
[2020.05.27-02.53.45:993][  0]LogEditorSessionSummary: Verbose: Initializing EditorSessionSummaryWriter for editor session tracking
[2020.05.27-02.53.46:002][  0]LogEditorSessionSummary: EditorSessionSummaryWriter initialized
[2020.05.27-02.53.46:081][  0]LogInit: Transaction tracking system initialized
[2020.05.27-02.53.46:099][  0]BlueprintLog: New page: Editor Load
[2020.05.27-02.53.46:158][  0]LocalizationService: Localization service is disabled
[2020.05.27-02.53.46:632][  0]LogCook: Display: Max memory allowance for cook 16384mb min free memory 0mb
[2020.05.27-02.53.46:633][  0]LogCook: Display: Mobile HDR setting 1
[2020.05.27-02.53.46:842][  0]LogFileCache: Scanning file cache for directory 'D:/Escritorio/6 Semestre/diseño web/unigithub/Wolfgang/DAROOM/DAROOM/DAROOM/DAROOM/Content/' took 0.02s
[2020.05.27-02.53.48:927][  0]LogSlate: Took 0.000657 seconds to synchronously load lazily loaded font '../../../Engine/Content/Slate/Fonts/Roboto-Regular.ttf' (155K)
[2020.05.27-02.53.52:932][  0]LogSlate: Window 'Restore Packages' being destroyed
[2020.05.27-02.53.52:933][  0]LogWindowsTextInputMethodSystem: Display: IME system now deactivated.
[2020.05.27-02.53.52:942][  0]LogWindowsTextInputMethodSystem: Display: IME system now deactivated.
[2020.05.27-02.53.53:581][  0]LogWindowsTextInputMethodSystem: Display: IME system now deactivated.
[2020.05.27-02.53.53:587][  0]LogWindowsTextInputMethodSystem: Display: IME system now deactivated.
[2020.05.27-02.53.53:653][  0]Cmd: MAP LOAD FILE="../../../../../../Escritorio/6 Semestre/diseño web/unigithub/Wolfgang/DAROOM/DAROOM/DAROOM/DAROOM/Content/ThirdPersonBP/Maps/DAROOM.umap" TEMPLATE=0 SHOWPROGRESS=1 FEATURELEVEL=3
[2020.05.27-02.53.53:654][  0]LightingResults: New page: Lighting Build
[2020.05.27-02.53.53:655][  0]LogWorld: UWorld::CleanupWorld for Untitled, bSessionEnded=true, bCleanupResources=true
[2020.05.27-02.53.53:655][  0]LogSlate: InvalidateAllWidgets triggered.  All widgets were invalidated
[2020.05.27-02.53.53:656][  0]MapCheck: New page: Map Check
[2020.05.27-02.53.53:656][  0]LightingResults: New page: Lighting Build
[2020.05.27-02.53.53:701][  0]LogUObjectHash: Compacting FUObjectHashTables data took   8.53ms
[2020.05.27-02.53.56:945][  0]LogBlueprint: Warning: Node '/Game/PrototypeWeap/Sound/Pistol/PistolA_Fire_Cue.PistolA_Fire_Cue:SoundCueGraph_43.EdGraphNode_Comment_1' missing NodeGuid because of upgrade from old package version, this can cause deterministic cooking issues please resave package.
[2020.05.27-02.53.56:945][  0]LogBlueprint: Warning: Node '/Game/PrototypeWeap/Sound/Pistol/PistolA_Fire_Cue.PistolA_Fire_Cue:SoundCueGraph_43.EdGraphNode_Comment_3' missing NodeGuid because of upgrade from old package version, this can cause deterministic cooking issues please resave package.
[2020.05.27-02.53.56:945][  0]LogBlueprint: Warning: Node '/Game/PrototypeWeap/Sound/Pistol/PistolA_Fire_Cue.PistolA_Fire_Cue:SoundCueGraph_43.SoundCueGraphNode_116' missing NodeGuid because of upgrade from old package version, this can cause deterministic cooking issues please resave package.
[2020.05.27-02.53.56:945][  0]LogBlueprint: Warning: Node '/Game/PrototypeWeap/Sound/Pistol/PistolA_Fire_Cue.PistolA_Fire_Cue:SoundCueGraph_43.SoundCueGraphNode_118' missing NodeGuid because of upgrade from old package version, this can cause deterministic cooking issues please resave package.
[2020.05.27-02.53.56:945][  0]LogBlueprint: Warning: Node '/Game/PrototypeWeap/Sound/Pistol/PistolA_Fire_Cue.PistolA_Fire_Cue:SoundCueGraph_43.SoundCueGraphNode_119' missing NodeGuid because of upgrade from old package version, this can cause deterministic cooking issues please resave package.
[2020.05.27-02.53.56:945][  0]LogBlueprint: Warning: Node '/Game/PrototypeWeap/Sound/Pistol/PistolA_Fire_Cue.PistolA_Fire_Cue:SoundCueGraph_43.SoundCueGraphNode_120' missing NodeGuid because of upgrade from old package version, this can cause deterministic cooking issues please resave package.
[2020.05.27-02.53.56:945][  0]LogBlueprint: Warning: Node '/Game/PrototypeWeap/Sound/Pistol/PistolA_Fire_Cue.PistolA_Fire_Cue:SoundCueGraph_43.SoundCueGraphNode_121' missing NodeGuid because of upgrade from old package version, this can cause deterministic cooking issues please resave package.
[2020.05.27-02.53.56:945][  0]LogBlueprint: Warning: Node '/Game/PrototypeWeap/Sound/Pistol/PistolA_Fire_Cue.PistolA_Fire_Cue:SoundCueGraph_43.SoundCueGraphNode_122' missing NodeGuid because of upgrade from old package version, this can cause deterministic cooking issues please resave package.
[2020.05.27-02.53.56:945][  0]LogBlueprint: Warning: Node '/Game/PrototypeWeap/Sound/Pistol/PistolA_Fire_Cue.PistolA_Fire_Cue:SoundCueGraph_43.SoundCueGraphNode_124' missing NodeGuid because of upgrade from old package version, this can cause deterministic cooking issues please resave package.
[2020.05.27-02.53.56:945][  0]LogBlueprint: Warning: Node '/Game/PrototypeWeap/Sound/Pistol/PistolA_Fire_Cue.PistolA_Fire_Cue:SoundCueGraph_43.SoundCueGraphNode_125' missing NodeGuid because of upgrade from old package version, this can cause deterministic cooking issues please resave package.
[2020.05.27-02.53.56:946][  0]LogBlueprint: Warning: Node '/Game/PrototypeWeap/Sound/Pistol/PistolA_Fire_Cue.PistolA_Fire_Cue:SoundCueGraph_43.SoundCueGraphNode_126' missing NodeGuid because of upgrade from old package version, this can cause deterministic cooking issues please resave package.
[2020.05.27-02.53.56:946][  0]LogBlueprint: Warning: Node '/Game/PrototypeWeap/Sound/Pistol/PistolA_Fire_Cue.PistolA_Fire_Cue:SoundCueGraph_43.SoundCueGraphNode_127' missing NodeGuid because of upgrade from old package version, this can cause deterministic cooking issues please resave package.
[2020.05.27-02.53.56:946][  0]LogBlueprint: Warning: Node '/Game/PrototypeWeap/Sound/Pistol/PistolA_Fire_Cue.PistolA_Fire_Cue:SoundCueGraph_43.SoundCueGraphNode_128' missing NodeGuid because of upgrade from old package version, this can cause deterministic cooking issues please resave package.
[2020.05.27-02.53.56:946][  0]LogBlueprint: Warning: Node '/Game/PrototypeWeap/Sound/Pistol/PistolA_Fire_Cue.PistolA_Fire_Cue:SoundCueGraph_43.SoundCueGraphNode_129' missing NodeGuid because of upgrade from old package version, this can cause deterministic cooking issues please resave package.
[2020.05.27-02.53.56:946][  0]LogBlueprint: Warning: Node '/Game/PrototypeWeap/Sound/Pistol/PistolA_Fire_Cue.PistolA_Fire_Cue:SoundCueGraph_43.SoundCueGraphNode_3' missing NodeGuid because of upgrade from old package version, this can cause deterministic cooking issues please resave package.
[2020.05.27-02.53.56:946][  0]LogBlueprint: Warning: Node '/Game/PrototypeWeap/Sound/Pistol/PistolA_Fire_Cue.PistolA_Fire_Cue:SoundCueGraph_43.SoundCueGraphNode_90' missing NodeGuid because of upgrade from old package version, this can cause deterministic cooking issues please resave package.
[2020.05.27-02.53.56:946][  0]LogBlueprint: Warning: Node '/Game/PrototypeWeap/Sound/Pistol/PistolA_Fire_Cue.PistolA_Fire_Cue:SoundCueGraph_43.SoundCueGraphNode_Root_43' missing NodeGuid because of upgrade from old package version, this can cause deterministic cooking issues please resave package.
[2020.05.27-02.53.56:964][  0]LogBlueprint: Warning: Node '/Game/PrototypeWeap/Sound/SniperRifle/SR_Fire_Cue.SR_Fire_Cue:SoundCueGraph_69.EdGraphNode_Comment_1' missing NodeGuid because of upgrade from old package version, this can cause deterministic cooking issues please resave package.
[2020.05.27-02.53.56:964][  0]LogBlueprint: Warning: Node '/Game/PrototypeWeap/Sound/SniperRifle/SR_Fire_Cue.SR_Fire_Cue:SoundCueGraph_69.EdGraphNode_Comment_3' missing NodeGuid because of upgrade from old package version, this can cause deterministic cooking issues please resave package.
[2020.05.27-02.53.56:964][  0]LogBlueprint: Warning: Node '/Game/PrototypeWeap/Sound/SniperRifle/SR_Fire_Cue.SR_Fire_Cue:SoundCueGraph_69.SoundCueGraphNode_10' missing NodeGuid because of upgrade from old package version, this can cause deterministic cooking issues please resave package.
[2020.05.27-02.53.56:964][  0]LogBlueprint: Warning: Node '/Game/PrototypeWeap/Sound/SniperRifle/SR_Fire_Cue.SR_Fire_Cue:SoundCueGraph_69.SoundCueGraphNode_11' missing NodeGuid because of upgrade from old package version, this can cause deterministic cooking issues please resave package.
[2020.05.27-02.53.56:964][  0]LogBlueprint: Warning: Node '/Game/PrototypeWeap/Sound/SniperRifle/SR_Fire_Cue.SR_Fire_Cue:SoundCueGraph_69.SoundCueGraphNode_12' missing NodeGuid because of upgrade from old package version, this can cause deterministic cooking issues please resave package.
[2020.05.27-02.53.56:964][  0]LogBlueprint: Warning: Node '/Game/PrototypeWeap/Sound/SniperRifle/SR_Fire_Cue.SR_Fire_Cue:SoundCueGraph_69.SoundCueGraphNode_13' missing NodeGuid because of upgrade from old package version, this can cause deterministic cooking issues please resave package.
[2020.05.27-02.53.56:964][  0]LogBlueprint: Warning: Node '/Game/PrototypeWeap/Sound/SniperRifle/SR_Fire_Cue.SR_Fire_Cue:SoundCueGraph_69.SoundCueGraphNode_14' missing NodeGuid because of upgrade from old package version, this can cause deterministic cooking issues please resave package.
[2020.05.27-02.53.56:964][  0]LogBlueprint: Warning: Node '/Game/PrototypeWeap/Sound/SniperRifle/SR_Fire_Cue.SR_Fire_Cue:SoundCueGraph_69.SoundCueGraphNode_15' missing NodeGuid because of upgrade from old package version, this can cause deterministic cooking issues please resave package.
[2020.05.27-02.53.56:964][  0]LogBlueprint: Warning: Node '/Game/PrototypeWeap/Sound/SniperRifle/SR_Fire_Cue.SR_Fire_Cue:SoundCueGraph_69.SoundCueGraphNode_16' missing NodeGuid because of upgrade from old package version, this can cause deterministic cooking issues please resave package.
[2020.05.27-02.53.56:964][  0]LogBlueprint: Warning: Node '/Game/PrototypeWeap/Sound/SniperRifle/SR_Fire_Cue.SR_Fire_Cue:SoundCueGraph_69.SoundCueGraphNode_17' missing NodeGuid because of upgrade from old package version, this can cause deterministic cooking issues please resave package.
[2020.05.27-02.53.56:964][  0]LogBlueprint: Warning: Node '/Game/PrototypeWeap/Sound/SniperRifle/SR_Fire_Cue.SR_Fire_Cue:SoundCueGraph_69.SoundCueGraphNode_3' missing NodeGuid because of upgrade from old package version, this can cause deterministic cooking issues please resave package.
[2020.05.27-02.53.56:964][  0]LogBlueprint: Warning: Node '/Game/PrototypeWeap/Sound/SniperRifle/SR_Fire_Cue.SR_Fire_Cue:SoundCueGraph_69.SoundCueGraphNode_4' missing NodeGuid because of upgrade from old package version, this can cause deterministic cooking issues please resave package.
[2020.05.27-02.53.56:964][  0]LogBlueprint: Warning: Node '/Game/PrototypeWeap/Sound/SniperRifle/SR_Fire_Cue.SR_Fire_Cue:SoundCueGraph_69.SoundCueGraphNode_5' missing NodeGuid because of upgrade from old package version, this can cause deterministic cooking issues please resave package.
[2020.05.27-02.53.56:964][  0]LogBlueprint: Warning: Node '/Game/PrototypeWeap/Sound/SniperRifle/SR_Fire_Cue.SR_Fire_Cue:SoundCueGraph_69.SoundCueGraphNode_6' missing NodeGuid because of upgrade from old package version, this can cause deterministic cooking issues please resave package.
[2020.05.27-02.53.56:964][  0]LogBlueprint: Warning: Node '/Game/PrototypeWeap/Sound/SniperRifle/SR_Fire_Cue.SR_Fire_Cue:SoundCueGraph_69.SoundCueGraphNode_7' missing NodeGuid because of upgrade from old package version, this can cause deterministic cooking issues please resave package.
[2020.05.27-02.53.56:964][  0]LogBlueprint: Warning: Node '/Game/PrototypeWeap/Sound/SniperRifle/SR_Fire_Cue.SR_Fire_Cue:SoundCueGraph_69.SoundCueGraphNode_8' missing NodeGuid because of upgrade from old package version, this can cause deterministic cooking issues please resave package.
[2020.05.27-02.53.56:965][  0]LogBlueprint: Warning: Node '/Game/PrototypeWeap/Sound/SniperRifle/SR_Fire_Cue.SR_Fire_Cue:SoundCueGraph_69.SoundCueGraphNode_9' missing NodeGuid because of upgrade from old package version, this can cause deterministic cooking issues please resave package.
[2020.05.27-02.53.56:965][  0]LogBlueprint: Warning: Node '/Game/PrototypeWeap/Sound/SniperRifle/SR_Fire_Cue.SR_Fire_Cue:SoundCueGraph_69.SoundCueGraphNode_90' missing NodeGuid because of upgrade from old package version, this can cause deterministic cooking issues please resave package.
[2020.05.27-02.53.56:965][  0]LogBlueprint: Warning: Node '/Game/PrototypeWeap/Sound/SniperRifle/SR_Fire_Cue.SR_Fire_Cue:SoundCueGraph_69.SoundCueGraphNode_Root_69' missing NodeGuid because of upgrade from old package version, this can cause deterministic cooking issues please resave package.
[2020.05.27-02.53.57:131][  0]LogPhysicsCore: Warning: PHYSX: (D:\Build\++Fortnite\Sync\Engine\Source\ThirdParty\PhysX3\PhysX_3.4\Source\PhysXCooking\src\convex\QuickHullConvexHullLib.cpp 937) eINTERNAL_ERROR : QuickHullConvexHullLib::findSimplex: Simplex input points appers to be coplanar.
[2020.05.27-02.53.57:131][  0]LogPhysicsCore: Warning: PHYSX: (D:\Build\++Fortnite\Sync\Engine\Source\ThirdParty\PhysX3\PhysX_3.4\Source\PhysXCooking\src\convex\QuickHullConvexHullLib.cpp 937) eINTERNAL_ERROR : QuickHullConvexHullLib::findSimplex: Simplex input points appers to be coplanar.
[2020.05.27-02.53.57:131][  0]LogPhysics: Warning: Failed to cook convex: /Game/ContenidoRecamara/lamparatecho/lamparatecho_pPipe14.lamparatecho_pPipe14 0 (FlipX:0). The remaining elements will not get cooked.
[2020.05.27-02.53.57:131][  0]LogPhysicsCore: Warning: PHYSX: (D:\Build\++Fortnite\Sync\Engine\Source\ThirdParty\PhysX3\PhysX_3.4\Source\PhysXCooking\src\convex\QuickHullConvexHullLib.cpp 937) eINTERNAL_ERROR : QuickHullConvexHullLib::findSimplex: Simplex input points appers to be coplanar.
[2020.05.27-02.53.57:131][  0]LogPhysicsCore: Warning: PHYSX: (D:\Build\++Fortnite\Sync\Engine\Source\ThirdParty\PhysX3\PhysX_3.4\Source\PhysXCooking\src\convex\QuickHullConvexHullLib.cpp 937) eINTERNAL_ERROR : QuickHullConvexHullLib::findSimplex: Simplex input points appers to be coplanar.
[2020.05.27-02.53.57:131][  0]LogPhysics: Warning: Failed to cook convex: /Game/ContenidoRecamara/lamparatecho/lamparatecho_pPipe14.lamparatecho_pPipe14 0 (FlipX:1). The remaining elements will not get cooked.
[2020.05.27-02.53.57:131][  0]LogPhysics: Warning: Attempt to build physics data for /Game/ContenidoRecamara/lamparatecho/lamparatecho_pPipe14.lamparatecho_pPipe14:BodySetup_0 when we are unable to.
[2020.05.27-02.53.57:243][  0]LogAIModule: Creating AISystem for world DAROOM
[2020.05.27-02.53.57:251][  0]LogChildActorComponent: Error: Found cycle in child actor component '/Game/ThirdPersonBP/Maps/DAROOM.DAROOM:PersistentLevel.Cama_6.Cama'.  Not spawning Actor of class 'Cama_C' to break.
[2020.05.27-02.53.57:253][  0]LogPhysics: Warning: PopulatePhysXGeometryAndTransform(Convex): ConvexElem is missing ConvexMesh
[2020.05.27-02.53.57:254][  0]LogPhysics: Warning: ForeachShape(Convex): ScaledElem[0] invalid
[2020.05.27-02.53.57:255][  0]LogPhysics: Warning: PopulatePhysXGeometryAndTransform(Convex): ConvexElem is missing ConvexMesh
[2020.05.27-02.53.57:255][  0]LogPhysics: Warning: ForeachShape(Convex): ScaledElem[0] invalid
[2020.05.27-02.53.57:255][  0]LogPhysics: Warning: PopulatePhysXGeometryAndTransform(Convex): ConvexElem is missing ConvexMesh
[2020.05.27-02.53.57:255][  0]LogPhysics: Warning: ForeachShape(Convex): ScaledElem[0] invalid
[2020.05.27-02.53.57:265][  0]LogChildActorComponent: Error: Found cycle in child actor component '/Game/ThirdPersonBP/Maps/DAROOM.DAROOM:PersistentLevel.Cama_6.Cama'.  Not spawning Actor of class 'Cama_C' to break.
[2020.05.27-02.53.57:334][  0]LogPhysics: Warning: PopulatePhysXGeometryAndTransform(Convex): ConvexElem is missing ConvexMesh
[2020.05.27-02.53.57:334][  0]LogPhysics: Warning: ForeachShape(Convex): ScaledElem[0] invalid
[2020.05.27-02.53.57:355][  0]LogPhysics: Warning: PopulatePhysXGeometryAndTransform(Convex): ConvexElem is missing ConvexMesh
[2020.05.27-02.53.57:355][  0]LogPhysics: Warning: ForeachShape(Convex): ScaledElem[0] invalid
[2020.05.27-02.53.57:360][  0]LogPhysics: Warning: PopulatePhysXGeometryAndTransform(Convex): ConvexElem is missing ConvexMesh
[2020.05.27-02.53.57:360][  0]LogPhysics: Warning: ForeachShape(Convex): ScaledElem[0] invalid
[2020.05.27-02.53.57:363][  0]LogPhysics: Warning: PopulatePhysXGeometryAndTransform(Convex): ConvexElem is missing ConvexMesh
[2020.05.27-02.53.57:364][  0]LogPhysics: Warning: ForeachShape(Convex): ScaledElem[0] invalid
[2020.05.27-02.53.57:367][  0]LogPhysics: Warning: PopulatePhysXGeometryAndTransform(Convex): ConvexElem is missing ConvexMesh
[2020.05.27-02.53.57:367][  0]LogPhysics: Warning: ForeachShape(Convex): ScaledElem[0] invalid
[2020.05.27-02.53.57:372][  0]LogPhysics: Warning: PopulatePhysXGeometryAndTransform(Convex): ConvexElem is missing ConvexMesh
[2020.05.27-02.53.57:372][  0]LogPhysics: Warning: ForeachShape(Convex): ScaledElem[0] invalid
[2020.05.27-02.53.57:379][  0]LogEditorServer: Finished looking for orphan Actors (0.000 secs)
[2020.05.27-02.53.57:431][  0]LogUObjectHash: Compacting FUObjectHashTables data took   5.70ms
[2020.05.27-02.53.57:434][  0]Cmd: MAP CHECKDEP NOCLEARLOG
[2020.05.27-02.53.57:435][  0]MapCheck: Map check complete: 0 Error(s), 0 Warning(s), took 0.118ms to complete.
[2020.05.27-02.53.57:435][  0]LogFileHelpers: Loading map 'DAROOM' took 3.782
[2020.05.27-02.53.57:435][  0]LogAssetRegistry: Flushing asset discovery search because of synchronous request, this can take several seconds...
[2020.05.27-02.53.57:589][  0]LogAssetRegistry: Asset discovery search completed in 0.1537 seconds
[2020.05.27-02.53.57:606][  0]LogCollectionManager: Loaded 0 collections in 0.006435 seconds
[2020.05.27-02.53.57:619][  0]LogFileCache: Scanning file cache for directory 'D:/Escritorio/6 Semestre/diseño web/unigithub/Wolfgang/DAROOM/DAROOM/DAROOM/DAROOM/Saved/Collections/' took 0.00s
[2020.05.27-02.53.57:619][  0]LogFileCache: Scanning file cache for directory 'D:/Escritorio/6 Semestre/diseño web/unigithub/Wolfgang/DAROOM/DAROOM/DAROOM/DAROOM/Content/Developers/YanVillalobos/Collections/' took 0.00s
[2020.05.27-02.53.57:619][  0]LogFileCache: Scanning file cache for directory 'D:/Escritorio/6 Semestre/diseño web/unigithub/Wolfgang/DAROOM/DAROOM/DAROOM/DAROOM/Content/Collections/' took 0.00s
[2020.05.27-02.53.57:619][  0]LogCollectionManager: Fixed up redirectors for 0 collections in 0.000012 seconds (updated 0 objects)
[2020.05.27-02.53.57:797][  0]LogContentBrowser: Native class hierarchy populated in 0.0255 seconds. Added 3035 classes and 741 folders.
[2020.05.27-02.53.57:807][  0]LogContentBrowser: Native class hierarchy updated for 'WidgetCarousel' in 0.0005 seconds. Added 0 classes and 0 folders.
[2020.05.27-02.53.58:114][  0]LogContentBrowser: Native class hierarchy updated for 'AddContentDialog' in 0.0006 seconds. Added 0 classes and 0 folders.
[2020.05.27-02.53.58:153][  0]LogSlate: Updating window title bar state: overlay mode, drag disabled, window buttons hidden, title bar hidden
[2020.05.27-02.53.58:168][  0]LogSlate: Updating window title bar state: overlay mode, drag disabled, window buttons hidden, title bar hidden
[2020.05.27-02.53.58:183][  0]LogSlate: Updating window title bar state: overlay mode, drag disabled, window buttons hidden, title bar hidden
[2020.05.27-02.53.58:198][  0]LogSlate: Updating window title bar state: overlay mode, drag disabled, window buttons hidden, title bar hidden
[2020.05.27-02.53.58:212][  0]LogContentBrowser: Native class hierarchy updated for 'SceneOutliner' in 0.0005 seconds. Added 2 classes and 3 folders.
[2020.05.27-02.54.00:395][  0]LogSlate: Took 0.000629 seconds to synchronously load lazily loaded font '../../../Engine/Content/Editor/Slate/Fonts/FontAwesome.ttf' (139K)
[2020.05.27-02.54.00:396][  0]LogSlate: Took 0.000800 seconds to synchronously load lazily loaded font '../../../Engine/Content/Slate/Fonts/Roboto-Bold.ttf' (160K)
[2020.05.27-02.54.00:434][  0]LogSlate: Took 0.000631 seconds to synchronously load lazily loaded font '../../../Engine/Content/Slate/Fonts/Roboto-Light.ttf' (167K)
[2020.05.27-02.54.00:533][  0]LogRenderer: Reallocating scene render targets to support 1004x964 Format 9 NumSamples 1 (Frame:1).
[2020.05.27-02.54.00:858][  0]LogContentBrowser: Native class hierarchy updated for 'HierarchicalLODOutliner' in 0.0004 seconds. Added 0 classes and 0 folders.
[2020.05.27-02.54.00:858][  0]LogLoad: (Engine Initialization) Total time: 32.52 seconds
[2020.05.27-02.54.00:858][  0]LogLoad: (Engine Initialization) Total Blueprint compile time: 0.00 seconds
[2020.05.27-02.54.01:261][  0]LogContentStreaming: Texture pool size now 800 MB
[2020.05.27-02.54.01:309][  1]LogSubstanceLiveLink: Warning: Unable to send data along socket, closing connection
[2020.05.27-02.54.01:533][  1]LogFileCache: Retrieving MD5 hashes for directory 'D:/Escritorio/6 Semestre/diseño web/unigithub/Wolfgang/DAROOM/DAROOM/DAROOM/DAROOM/Content/' took 0.33s
[2020.05.27-02.54.02:209][  3]LogSlate: Took 0.000577 seconds to synchronously load lazily loaded font '../../../Engine/Content/Slate/Fonts/Roboto-Light.ttf' (167K)
[2020.05.27-02.54.26:021][720]LogEditorViewport: Clicking on Actor (LMB): libre_C (libre)
[2020.05.27-02.54.31:029][919]Cmd: DELETE
[2020.05.27-02.54.31:029][919]Cmd: ACTOR DELETE
[2020.05.27-02.54.31:037][919]LogEditorActor: Deleted Actor: libre_C
[2020.05.27-02.54.31:075][919]LogUObjectHash: Compacting FUObjectHashTables data took   2.07ms
[2020.05.27-02.54.31:077][919]LogEditorActor: Deleted 1 Actors (0.047 secs)
[2020.05.27-02.54.31:837][952]LogEditorViewport: Clicking on Actor (LMB): libre_C (libre2)
[2020.05.27-02.54.31:958][954]Cmd: DELETE
[2020.05.27-02.54.31:958][954]Cmd: ACTOR DELETE
[2020.05.27-02.54.31:960][954]LogEditorActor: Deleted Actor: libre_C
[2020.05.27-02.54.31:995][954]LogUObjectHash: Compacting FUObjectHashTables data took   1.88ms
[2020.05.27-02.54.31:996][954]LogEditorActor: Deleted 1 Actors (0.039 secs)
[2020.05.27-02.54.47:885][543]LogTemp: Repeating last play command: Selected Viewport
[2020.05.27-02.54.47:905][543]LogBlueprintUserMessages: Early PlayInEditor Detection: Level '/Game/ThirdPersonBP/Maps/DAROOM.DAROOM:PersistentLevel' has LevelScriptBlueprint '/Game/ThirdPersonBP/Maps/DAROOM.DAROOM:PersistentLevel.DAROOM' with GeneratedClass '/Game/ThirdPersonBP/Maps/DAROOM.DAROOM_C' with ClassGeneratedBy '/Game/ThirdPersonBP/Maps/DAROOM.DAROOM:PersistentLevel.DAROOM'
[2020.05.27-02.54.47:906][543]LogPlayLevel: PlayLevel: No blueprints needed recompiling
[2020.05.27-02.54.47:907][543]PIE: New page: PIE session: DAROOM (26 may. 2020 16:54:47)
[2020.05.27-02.54.47:908][543]LogOnline: OSS: Creating online subsystem instance for: NULL
[2020.05.27-02.54.47:910][543]LogOnline: OSS: TryLoadSubsystemAndSetDefault: Loaded subsystem for module [NULL]
[2020.05.27-02.54.47:910][543]LogPlayLevel: Creating play world package: /Game/ThirdPersonBP/Maps/UEDPIE_0_DAROOM
[2020.05.27-02.54.47:917][543]LogPlayLevel: PIE: StaticDuplicateObject took: (0.006990s)
[2020.05.27-02.54.47:918][543]LogAIModule: Creating AISystem for world DAROOM
[2020.05.27-02.54.47:918][543]LogPlayLevel: PIE: World Init took: (0.001107s)
[2020.05.27-02.54.47:918][543]LogPlayLevel: PIE: Created PIE world by copying editor world from /Game/ThirdPersonBP/Maps/DAROOM.DAROOM to /Game/ThirdPersonBP/Maps/UEDPIE_0_DAROOM.DAROOM (0.008353s)
[2020.05.27-02.54.47:946][543]LogUObjectHash: Compacting FUObjectHashTables data took   2.26ms
[2020.05.27-02.54.47:947][543]LogAudioMixer: Display: Audio Mixer Platform Settings:
[2020.05.27-02.54.47:947][543]LogAudioMixer: Display: 	Sample Rate:						  48000
[2020.05.27-02.54.47:947][543]LogAudioMixer: Display: 	Callback Buffer Frame Size Requested: 1024
[2020.05.27-02.54.47:947][543]LogAudioMixer: Display: 	Callback Buffer Frame Size To Use:	  1024
[2020.05.27-02.54.47:947][543]LogAudioMixer: Display: 	Number of buffers to queue:			  2
[2020.05.27-02.54.47:947][543]LogAudioMixer: Display: 	Max Channels (voices):				  32
[2020.05.27-02.54.47:947][543]LogAudioMixer: Display: 	Number of Async Source Workers:		  0
[2020.05.27-02.54.47:947][543]LogAudio: Display: AudioDevice MaxSources: 32
[2020.05.27-02.54.47:948][543]LogAudio: Display: Using built-in audio occlusion.
[2020.05.27-02.54.47:948][543]LogAudioMixer: Display: Initializing audio mixer.
[2020.05.27-02.54.48:364][543]LogAudioMixer: Display: Audio Device Output Speaker Info:
[2020.05.27-02.54.48:364][543]LogAudioMixer: Display: Name: Altavoces / Auriculares (2- Realtek Audio)
[2020.05.27-02.54.48:364][543]LogAudioMixer: Display: Is Default: Yes
[2020.05.27-02.54.48:364][543]LogAudioMixer: Display: Sample Rate: 48000
[2020.05.27-02.54.48:364][543]LogAudioMixer: Display: Channel Count Used: 2
[2020.05.27-02.54.48:364][543]LogAudioMixer: Display: Device Channel Count: 2
[2020.05.27-02.54.48:364][543]LogAudioMixer: Display: Channel Order:
[2020.05.27-02.54.48:364][543]LogAudioMixer: Display: 0: FrontLeft
[2020.05.27-02.54.48:364][543]LogAudioMixer: Display: 1: FrontRight
[2020.05.27-02.54.48:598][543]LogAudioMixer: Display: Using Audio Device Altavoces / Auriculares (2- Realtek Audio)
[2020.05.27-02.54.48:600][543]LogInit: FAudioDevice initialized.
[2020.05.27-02.54.48:613][543]LogLoad: Game class is 'Shooter_C'
[2020.05.27-02.54.48:615][543]LogChildActorComponent: Error: Found cycle in child actor component '/Game/ThirdPersonBP/Maps/UEDPIE_0_DAROOM.DAROOM:PersistentLevel.Cama_6.Cama'.  Not spawning Actor of class 'Cama_C' to break.
[2020.05.27-02.54.48:618][543]LogPhysics: Warning: PopulatePhysXGeometryAndTransform(Convex): ConvexElem is missing ConvexMesh
[2020.05.27-02.54.48:618][543]LogPhysics: Warning: ForeachShape(Convex): ScaledElem[0] invalid
[2020.05.27-02.54.48:618][543]LogPhysics: Warning: PopulatePhysXGeometryAndTransform(Convex): ConvexElem is missing ConvexMesh
[2020.05.27-02.54.48:618][543]LogPhysics: Warning: ForeachShape(Convex): ScaledElem[0] invalid
[2020.05.27-02.54.48:619][543]LogPhysics: Warning: PopulatePhysXGeometryAndTransform(Convex): ConvexElem is missing ConvexMesh
[2020.05.27-02.54.48:619][543]LogPhysics: Warning: ForeachShape(Convex): ScaledElem[0] invalid
[2020.05.27-02.54.48:619][543]LogWorld: Bringing World /Game/ThirdPersonBP/Maps/UEDPIE_0_DAROOM.DAROOM up for play (max tick rate 0) at 2020.05.26-21.54.48
[2020.05.27-02.54.48:619][543]LogWorld: Bringing up level for play took: 0.004715
[2020.05.27-02.54.48:620][543]LogOnline: OSS: Creating online subsystem instance for: :Context_2
[2020.05.27-02.54.48:625][543]LogContentBrowser: Native class hierarchy updated for 'MovieSceneCapture' in 0.0004 seconds. Added 20 classes and 0 folders.
[2020.05.27-02.54.48:629][543]PIE: Play in editor start time for /Game/ThirdPersonBP/Maps/UEDPIE_0_DAROOM 0.397
[2020.05.27-02.54.48:629][543]LogBlueprintUserMessages: Late PlayInEditor Detection: Level '/Game/ThirdPersonBP/Maps/DAROOM.DAROOM:PersistentLevel' has LevelScriptBlueprint '/Game/ThirdPersonBP/Maps/DAROOM.DAROOM:PersistentLevel.DAROOM' with GeneratedClass '/Game/ThirdPersonBP/Maps/DAROOM.DAROOM_C' with ClassGeneratedBy '/Game/ThirdPersonBP/Maps/DAROOM.DAROOM:PersistentLevel.DAROOM'
[2020.05.27-02.54.49:185][575]LogBlueprintUserMessages: [Gun_C_0] 29
[2020.05.27-02.54.49:186][575]LogAnimMontage: Warning: Playing a Montage (Fire_Rifle_Hip_Montage) for the wrong Skeleton (Idle_Aiming_Skeleton) instead of (UE4_Mannequin_Skeleton).
[2020.05.27-02.54.49:702][610]LogBlueprintUserMessages: [Gun_C_0] 28
[2020.05.27-02.54.49:703][610]LogAnimMontage: Warning: Playing a Montage (Fire_Rifle_Hip_Montage) for the wrong Skeleton (Idle_Aiming_Skeleton) instead of (UE4_Mannequin_Skeleton).
[2020.05.27-02.54.49:889][622]LogBlueprintUserMessages: [Gun_C_0] 27
[2020.05.27-02.54.49:889][622]LogAnimMontage: Warning: Playing a Montage (Fire_Rifle_Hip_Montage) for the wrong Skeleton (Idle_Aiming_Skeleton) instead of (UE4_Mannequin_Skeleton).
[2020.05.27-02.54.50:356][653]LogBlueprintUserMessages: [Gun_C_0] 26
[2020.05.27-02.54.50:356][653]LogAnimMontage: Warning: Playing a Montage (Fire_Rifle_Hip_Montage) for the wrong Skeleton (Idle_Aiming_Skeleton) instead of (UE4_Mannequin_Skeleton).
[2020.05.27-02.54.50:551][666]LogBlueprintUserMessages: [Gun_C_0] 25
[2020.05.27-02.54.50:551][666]LogAnimMontage: Warning: Playing a Montage (Fire_Rifle_Hip_Montage) for the wrong Skeleton (Idle_Aiming_Skeleton) instead of (UE4_Mannequin_Skeleton).
[2020.05.27-02.54.50:721][678]LogBlueprintUserMessages: [Gun_C_0] 24
[2020.05.27-02.54.50:721][678]LogAnimMontage: Warning: Playing a Montage (Fire_Rifle_Hip_Montage) for the wrong Skeleton (Idle_Aiming_Skeleton) instead of (UE4_Mannequin_Skeleton).
[2020.05.27-02.54.50:892][689]LogBlueprintUserMessages: [Gun_C_0] 23
[2020.05.27-02.54.50:893][689]LogAnimMontage: Warning: Playing a Montage (Fire_Rifle_Hip_Montage) for the wrong Skeleton (Idle_Aiming_Skeleton) instead of (UE4_Mannequin_Skeleton).
[2020.05.27-02.54.51:254][706]LogAudioMixer: Display: No commands were queued while flushing the source manager.
[2020.05.27-02.54.51:263][706]LogAudioMixer: Display: Flush succeeded in the source manager command queue (1).
[2020.05.27-02.54.51:284][706]LogAudioMixer: Display: Flush succeeded the source manager command queue (2).
[2020.05.27-02.54.51:284][706]LogBlueprintUserMessages: Early EndPlayMap Detection: Level '/Game/ThirdPersonBP/Maps/DAROOM.DAROOM:PersistentLevel' has LevelScriptBlueprint '/Game/ThirdPersonBP/Maps/DAROOM.DAROOM:PersistentLevel.DAROOM' with GeneratedClass '/Game/ThirdPersonBP/Maps/DAROOM.DAROOM_C' with ClassGeneratedBy '/Game/ThirdPersonBP/Maps/DAROOM.DAROOM:PersistentLevel.DAROOM'
[2020.05.27-02.54.51:284][706]LogSlate: Updating window title bar state: overlay mode, drag disabled, window buttons hidden, title bar hidden
[2020.05.27-02.54.51:284][706]LogWorld: BeginTearingDown for /Game/ThirdPersonBP/Maps/UEDPIE_0_DAROOM
[2020.05.27-02.54.51:285][706]LogAudioMixer: Display: No commands were queued while flushing the source manager.
[2020.05.27-02.54.51:285][706]LogWorld: UWorld::CleanupWorld for DAROOM, bSessionEnded=true, bCleanupResources=true
[2020.05.27-02.54.51:286][706]LogSlate: InvalidateAllWidgets triggered.  All widgets were invalidated
[2020.05.27-02.54.51:297][706]LogPlayLevel: Display: Shutting down PIE online subsystems
[2020.05.27-02.54.51:297][706]LogBlueprintUserMessages: Late EndPlayMap Detection: Level '/Game/ThirdPersonBP/Maps/DAROOM.DAROOM:PersistentLevel' has LevelScriptBlueprint '/Game/ThirdPersonBP/Maps/DAROOM.DAROOM:PersistentLevel.DAROOM' with GeneratedClass '/Game/ThirdPersonBP/Maps/DAROOM.DAROOM_C' with ClassGeneratedBy '/Game/ThirdPersonBP/Maps/DAROOM.DAROOM:PersistentLevel.DAROOM'
[2020.05.27-02.54.51:302][706]LogSlate: InvalidateAllWidgets triggered.  All widgets were invalidated
[2020.05.27-02.54.51:343][706]LogAudioMixer: Display: No commands were queued while flushing the source manager.
[2020.05.27-02.54.51:354][706]LogSlate: Updating window title bar state: overlay mode, drag disabled, window buttons hidden, title bar hidden
[2020.05.27-02.54.51:360][706]LogUObjectHash: Compacting FUObjectHashTables data took   3.15ms
[2020.05.27-02.54.51:391][707]LogPlayLevel: Display: Destroying online subsystem :Context_2
[2020.05.27-02.55.02:571][936]LogAssetEditorSubsystem: Opening Asset editor for StaticMesh /Game/ContenidoRecamara/Librero/librero.librero
[2020.05.27-02.55.03:710][936]LogRenderer: Reallocating scene render targets to support 1432x964 Format 9 NumSamples 1 (Frame:1).
[2020.05.27-02.55.03:710][936]LogSlate: Took 0.000814 seconds to synchronously load lazily loaded font '../../../Engine/Content/Slate/Fonts/Roboto-Italic.ttf' (157K)
[2020.05.27-02.55.12:020][  0]LogEditorFactories: Performing atomic reimport of [D:/Escritorio/ASSETS/librero.fbx]
[2020.05.27-02.55.12:215][  0]LogFbx: Loading FBX Scene from D:/Escritorio/ASSETS/librero.fbx
[2020.05.27-02.55.12:343][  0]LogFbx: FBX Scene Loaded Succesfully
[2020.05.27-02.55.12:508][  0]LogFbx: Display: Triangulating static mesh pCube145
[2020.05.27-02.55.14:084][  0]LogStaticMesh: Building static mesh librero...
[2020.05.27-02.55.15:363][  0]LogStaticMesh: Built static mesh [1.28s] /Game/ContenidoRecamara/Librero/librero.librero
[2020.05.27-02.55.15:450][  0]LogStaticMesh: Warning: librero has degenerate tangent bases which will result in incorrect shading.  MikkTSpace relies on tangent bases and may result in mesh corruption, consider disabling this option.
[2020.05.27-02.55.15:450][  0]LogStaticMesh: Warning: librero has some nearly zero bi-normals which can create some issues. (Tolerance of 1E-4)
[2020.05.27-02.55.15:548][  0]LogEditorFactories: -- imported successfully
[2020.05.27-02.55.15:558][  0]FBXImport: Warning: librero has degenerate tangent bases which will result in incorrect shading.  MikkTSpace relies on tangent bases and may result in mesh corruption, consider disabling this option. 
[2020.05.27-02.55.15:558][  0]FBXImport: Warning: librero has some nearly zero bi-normals which can create some issues. (Tolerance of 1E-4) 
[2020.05.27-02.57.00:672][897]LogSavePackage: Moving '../../../../../../Escritorio/6 Semestre/diseño web/unigithub/Wolfgang/DAROOM/DAROOM/DAROOM/DAROOM/Saved/librero6C0E988A4EE9A92AD2A845BF9D79205C.tmp' to '../../../../../../Escritorio/6 Semestre/diseño web/unigithub/Wolfgang/DAROOM/DAROOM/DAROOM/DAROOM/Content/ContenidoRecamara/Librero/librero.uasset'
[2020.05.27-02.57.00:723][897]AssetCheck: New page: Asset Save: librero
[2020.05.27-02.57.00:723][897]LogContentValidation: Display: Validating StaticMesh /Game/ContenidoRecamara/Librero/librero.librero
[2020.05.27-02.57.01:202][907]LogSlate: Window 'librero' being destroyed
[2020.05.27-02.57.01:310][907]LogWorld: UWorld::CleanupWorld for World_4, bSessionEnded=true, bCleanupResources=true
[2020.05.27-02.57.01:310][907]LogSlate: InvalidateAllWidgets triggered.  All widgets were invalidated
[2020.05.27-02.57.11:414][ 72]Cmd: TRANSACTION UNDO
[2020.05.27-02.57.11:414][ 72]LogEditorTransaction: Undo Create Actors
[2020.05.27-02.57.12:095][ 84]Cmd: TRANSACTION UNDO
[2020.05.27-02.57.12:095][ 84]LogEditorTransaction: Undo Delete Actors
[2020.05.27-02.57.13:091][104]Cmd: TRANSACTION UNDO
[2020.05.27-02.57.13:091][104]LogEditorTransaction: Undo Clicking on Actors
[2020.05.27-02.57.13:928][123]Cmd: TRANSACTION UNDO
[2020.05.27-02.57.13:929][123]LogEditorTransaction: Undo Delete Actors
[2020.05.27-02.57.22:278][285]LogEditorViewport: Clicking on Actor (LMB): libre_C (libre2)
[2020.05.27-02.57.22:912][296]LogEditorViewport: Clicking on Actor (LMB): libre_C (libre2)
[2020.05.27-02.57.24:911][332]LogEditorViewport: Clicking on Actor (LMB): libre_C (libre)
[2020.05.27-02.57.27:509][382]Cmd: CAMERA ALIGN ACTIVEVIEWPORTONLY
[2020.05.27-02.57.49:891][213]LogAudioMixer: Display: Audio Buffer Underrun detected.
[2020.05.27-02.57.58:415][382]LogUObjectHash: Compacting FUObjectHashTables data took   4.40ms
[2020.05.27-02.57.58:418][382]LogMetaData: Removing '/Game/ContenidoRecamara/Librero/libropesado.libropesado:UserConstructionScript.K2Node_FunctionEntry_0' ref from Metadata '/Game/ContenidoRecamara/Librero/libre.PackageMetaData'
[2020.05.27-02.57.58:418][382]LogMetaData: Removing '/Game/ContenidoRecamara/Librero/libropesado.libropesado_C' ref from Metadata '/Game/ContenidoRecamara/Librero/libre.PackageMetaData'
[2020.05.27-02.57.58:419][382]LogMetaData: Removing '/Game/ContenidoRecamara/Librero/libropesado.libropesado:EventGraph.K2Node_Event_0' ref from Metadata '/Game/ContenidoRecamara/Librero/libre.PackageMetaData'
[2020.05.27-02.57.58:419][382]LogMetaData: Removing '/Game/ContenidoRecamara/Librero/libropesado.libropesado:EventGraph.K2Node_Event_1' ref from Metadata '/Game/ContenidoRecamara/Librero/libre.PackageMetaData'
[2020.05.27-02.57.58:419][382]LogMetaData: Removing '/Game/ContenidoRecamara/Librero/libropesado.libropesado:EventGraph.K2Node_Event_2' ref from Metadata '/Game/ContenidoRecamara/Librero/libre.PackageMetaData'
[2020.05.27-02.57.58:419][382]LogMetaData: Removing '/Game/ContenidoRecamara/Librero/libropesado.SKEL_libropesado_C' ref from Metadata '/Game/ContenidoRecamara/Librero/libre.PackageMetaData'
[2020.05.27-02.57.58:571][382]LogSavePackage: Moving '../../../../../../Escritorio/6 Semestre/diseño web/unigithub/Wolfgang/DAROOM/DAROOM/DAROOM/DAROOM/Saved/libropesado9EBFAAAA481CEC495042A28D2EC00B94.tmp' to '../../../../../../Escritorio/6 Semestre/diseño web/unigithub/Wolfgang/DAROOM/DAROOM/DAROOM/DAROOM/Content/ContenidoRecamara/Librero/libropesado.uasset'
[2020.05.27-02.57.59:146][382]LogSavePackage: Moving '../../../../../../Escritorio/6 Semestre/diseño web/unigithub/Wolfgang/DAROOM/DAROOM/DAROOM/DAROOM/Saved/libreE80F9AFF4EBEF4A2ED551193D4D445AF.tmp' to '../../../../../../Escritorio/6 Semestre/diseño web/unigithub/Wolfgang/DAROOM/DAROOM/DAROOM/DAROOM/Content/ContenidoRecamara/Librero/libre.uasset'
[2020.05.27-02.57.59:956][382]AssetCheck: New page: Asset Save: multiple assets
[2020.05.27-02.57.59:956][382]LogContentValidation: Display: Validating Blueprint /Game/ContenidoRecamara/Librero/libropesado.libropesado
[2020.05.27-02.57.59:956][382]LogContentValidation: Display: Validating ObjectRedirector /Game/ContenidoRecamara/Librero/libre.libre
[2020.05.27-02.57.59:956][382]LogContentValidation: Display: Validating ObjectRedirector /Game/ContenidoRecamara/Librero/libre.libre_C
[2020.05.27-02.58.35:447][177]LogActorFactory: Actor Factory created estante
[2020.05.27-02.58.37:201][210]LogActorFactory: Actor Factory created estante
[2020.05.27-02.58.42:510][332]Cmd: CAMERA ALIGN ACTIVEVIEWPORTONLY
[2020.05.27-02.58.54:507][864]LogUObjectHash: Compacting FUObjectHashTables data took   3.26ms
[2020.05.27-02.58.54:871][864]LogSavePackage: Moving '../../../../../../Escritorio/6 Semestre/diseño web/unigithub/Wolfgang/DAROOM/DAROOM/DAROOM/DAROOM/Saved/DAROOMC15CFEAF4FBDF932150D5B932FB77B54.tmp' to '../../../../../../Escritorio/6 Semestre/diseño web/unigithub/Wolfgang/DAROOM/DAROOM/DAROOM/DAROOM/Content/ThirdPersonBP/Maps/DAROOM.umap'
[2020.05.27-02.58.55:706][864]LogSavePackage: Moving '../../../../../../Escritorio/6 Semestre/diseño web/unigithub/Wolfgang/DAROOM/DAROOM/DAROOM/DAROOM/Saved/DAROOM_BuiltDataD8D984A0423D8398390947ADE6F727BE.tmp' to '../../../../../../Escritorio/6 Semestre/diseño web/unigithub/Wolfgang/DAROOM/DAROOM/DAROOM/DAROOM/Content/ThirdPersonBP/Maps/DAROOM_BuiltData.uasset'
[2020.05.27-02.58.55:738][864]AssetCheck: New page: Asset Save: multiple assets
[2020.05.27-02.58.55:738][864]LogContentValidation: Display: Validating World /Game/ThirdPersonBP/Maps/DAROOM.DAROOM
[2020.05.27-02.58.55:738][864]LogContentValidation: Display: Validating MapBuildDataRegistry /Game/ThirdPersonBP/Maps/DAROOM_BuiltData.DAROOM_BuiltData
[2020.05.27-02.59.09:653][351]LogUObjectHash: Compacting FUObjectHashTables data took   3.19ms
[2020.05.27-02.59.09:965][351]LogSavePackage: Moving '../../../../../../Escritorio/6 Semestre/diseño web/unigithub/Wolfgang/DAROOM/DAROOM/DAROOM/DAROOM/Saved/DAROOM2A77AF3E4691B2DA1898A5BE599056DD.tmp' to '../../../../../../Escritorio/6 Semestre/diseño web/unigithub/Wolfgang/DAROOM/DAROOM/DAROOM/DAROOM/Content/ThirdPersonBP/Maps/DAROOM.umap'
[2020.05.27-02.59.10:607][351]LogSavePackage: Moving '../../../../../../Escritorio/6 Semestre/diseño web/unigithub/Wolfgang/DAROOM/DAROOM/DAROOM/DAROOM/Saved/DAROOM_BuiltDataABAA9A504E6412DDFBB71EA5E9C1D6B6.tmp' to '../../../../../../Escritorio/6 Semestre/diseño web/unigithub/Wolfgang/DAROOM/DAROOM/DAROOM/DAROOM/Content/ThirdPersonBP/Maps/DAROOM_BuiltData.uasset'
[2020.05.27-02.59.10:642][351]AssetCheck: New page: Asset Save: multiple assets
[2020.05.27-02.59.10:642][351]LogContentValidation: Display: Validating World /Game/ThirdPersonBP/Maps/DAROOM.DAROOM
[2020.05.27-02.59.10:642][351]LogContentValidation: Display: Validating MapBuildDataRegistry /Game/ThirdPersonBP/Maps/DAROOM_BuiltData.DAROOM_BuiltData
